mode: atomic
coovachilli-go/pkg/auth/local.go:16.79,18.16 2 4
coovachilli-go/pkg/auth/local.go:18.16,20.3 1 1
coovachilli-go/pkg/auth/local.go:21.2,24.21 3 3
coovachilli-go/pkg/auth/local.go:24.21,27.22 3 5
coovachilli-go/pkg/auth/local.go:27.22,28.12 1 0
coovachilli-go/pkg/auth/local.go:31.3,31.51 1 5
coovachilli-go/pkg/auth/local.go:31.51,33.4 1 1
coovachilli-go/pkg/auth/local.go:36.2,36.38 1 2
coovachilli-go/pkg/auth/local.go:36.38,38.3 1 0
coovachilli-go/pkg/auth/local.go:40.2,40.19 1 2
coovachilli-go/pkg/admin/server.go:28.114,38.2 3 5
coovachilli-go/pkg/admin/server.go:41.26,42.29 1 0
coovachilli-go/pkg/admin/server.go:42.29,45.3 2 0
coovachilli-go/pkg/admin/server.go:47.2,73.79 5 0
coovachilli-go/pkg/admin/server.go:73.79,75.3 1 0
coovachilli-go/pkg/admin/server.go:78.32,88.2 6 5
coovachilli-go/pkg/admin/server.go:116.71,125.2 4 2
coovachilli-go/pkg/admin/server.go:127.77,132.38 4 1
coovachilli-go/pkg/admin/server.go:132.38,147.3 3 2
coovachilli-go/pkg/admin/server.go:148.2,148.33 1 1
coovachilli-go/pkg/admin/server.go:151.75,157.20 5 3
coovachilli-go/pkg/admin/server.go:157.20,160.3 2 1
coovachilli-go/pkg/admin/server.go:162.2,177.33 4 2
coovachilli-go/pkg/admin/server.go:180.78,186.20 5 1
coovachilli-go/pkg/admin/server.go:186.20,189.3 2 0
coovachilli-go/pkg/admin/server.go:191.2,195.78 4 1
coovachilli-go/pkg/admin/server.go:200.63,201.46 1 4
coovachilli-go/pkg/admin/server.go:201.46,202.61 1 3
coovachilli-go/pkg/admin/server.go:202.61,204.4 1 2
coovachilli-go/pkg/admin/server.go:206.2,206.54 1 2
coovachilli-go/pkg/admin/server.go:206.54,207.63 1 1
coovachilli-go/pkg/admin/server.go:207.63,209.4 1 1
coovachilli-go/pkg/admin/server.go:211.2,211.12 1 1
coovachilli-go/pkg/admin/server.go:214.78,217.2 2 4
coovachilli-go/pkg/admin/server.go:219.65,220.71 1 10
coovachilli-go/pkg/admin/server.go:220.71,222.40 1 10
coovachilli-go/pkg/admin/server.go:222.40,226.4 3 6
coovachilli-go/pkg/admin/server.go:228.3,229.23 2 4
coovachilli-go/pkg/admin/server.go:229.23,233.4 3 1
coovachilli-go/pkg/admin/server.go:235.3,236.63 2 3
coovachilli-go/pkg/admin/server.go:236.63,240.4 3 1
coovachilli-go/pkg/admin/server.go:242.3,244.17 3 2
coovachilli-go/pkg/admin/server.go:244.17,248.4 3 0
coovachilli-go/pkg/admin/server.go:250.3,250.13 1 2
coovachilli-go/pkg/admin/server.go:250.13,254.4 3 1
coovachilli-go/pkg/admin/server.go:256.3,256.23 1 1
coovachilli-go/pkg/config/config.go:195.41,197.16 2 0
coovachilli-go/pkg/config/config.go:197.16,199.3 1 0
coovachilli-go/pkg/config/config.go:201.2,202.51 2 0
coovachilli-go/pkg/config/config.go:202.51,204.3 1 0
coovachilli-go/pkg/config/config.go:207.2,207.31 1 0
coovachilli-go/pkg/config/config.go:207.31,210.3 2 0
coovachilli-go/pkg/config/config.go:211.2,211.30 1 0
coovachilli-go/pkg/config/config.go:211.30,214.3 2 0
coovachilli-go/pkg/config/config.go:215.2,215.37 1 0
coovachilli-go/pkg/config/config.go:215.37,218.3 2 0
coovachilli-go/pkg/config/config.go:219.2,219.35 1 0
coovachilli-go/pkg/config/config.go:219.35,222.3 2 0
coovachilli-go/pkg/config/config.go:225.2,225.27 1 0
coovachilli-go/pkg/config/config.go:225.27,227.38 2 0
coovachilli-go/pkg/config/config.go:227.38,229.18 2 0
coovachilli-go/pkg/config/config.go:229.18,231.5 1 0
coovachilli-go/pkg/config/config.go:232.4,232.32 1 0
coovachilli-go/pkg/config/config.go:237.2,237.22 1 0
coovachilli-go/pkg/config/config.go:237.22,239.17 2 0
coovachilli-go/pkg/config/config.go:239.17,241.4 1 0
coovachilli-go/pkg/config/config.go:242.3,242.19 1 0
coovachilli-go/pkg/config/config.go:245.2,245.24 1 0
coovachilli-go/pkg/config/config.go:245.24,247.17 2 0
coovachilli-go/pkg/config/config.go:247.17,249.4 1 0
coovachilli-go/pkg/config/config.go:250.3,250.21 1 0
coovachilli-go/pkg/config/config.go:254.2,254.45 1 0
coovachilli-go/pkg/config/config.go:254.45,256.3 1 0
coovachilli-go/pkg/config/config.go:258.2,258.31 1 0
coovachilli-go/pkg/config/config.go:258.31,260.3 1 0
coovachilli-go/pkg/config/config.go:262.2,262.18 1 0
coovachilli-go/pkg/config/reloader.go:25.70,30.2 1 0
coovachilli-go/pkg/config/reloader.go:33.47,37.2 3 0
coovachilli-go/pkg/config/reloader.go:40.36,44.16 3 0
coovachilli-go/pkg/config/reloader.go:44.16,47.3 2 0
coovachilli-go/pkg/config/reloader.go:49.2,52.41 3 0
coovachilli-go/pkg/config/reloader.go:52.41,54.58 2 0
coovachilli-go/pkg/config/reloader.go:54.58,56.4 1 0
coovachilli-go/pkg/config/reloader.go:56.9,58.4 1 0
coovachilli-go/pkg/config/reloader.go:60.2,60.55 1 0
coovachilli-go/pkg/cluster/manager.go:25.102,27.16 2 0
coovachilli-go/pkg/cluster/manager.go:27.16,29.3 1 0
coovachilli-go/pkg/cluster/manager.go:32.2,33.21 2 0
coovachilli-go/pkg/cluster/manager.go:33.21,35.3 1 0
coovachilli-go/pkg/cluster/manager.go:37.2,57.15 4 0
coovachilli-go/pkg/cluster/manager.go:61.51,65.2 3 5
coovachilli-go/pkg/cluster/manager.go:68.106,73.13 4 6
coovachilli-go/pkg/cluster/manager.go:73.13,76.3 2 6
coovachilli-go/pkg/cluster/manager.go:78.2,86.93 6 6
coovachilli-go/pkg/cluster/manager.go:86.93,90.3 3 1
coovachilli-go/pkg/cluster/manager.go:94.43,99.32 4 1
coovachilli-go/pkg/cluster/manager.go:99.32,100.22 1 2
coovachilli-go/pkg/cluster/manager.go:100.22,101.12 1 1
coovachilli-go/pkg/cluster/manager.go:105.3,105.85 1 1
coovachilli-go/pkg/cluster/manager.go:105.85,107.37 2 1
coovachilli-go/pkg/cluster/manager.go:107.37,109.5 1 0
coovachilli-go/pkg/cluster/manager.go:110.4,110.33 1 1
coovachilli-go/pkg/cluster/manager.go:115.2,115.63 1 1
coovachilli-go/pkg/cluster/manager.go:115.63,117.3 1 0
coovachilli-go/pkg/cluster/manager.go:122.44,127.32 3 2
coovachilli-go/pkg/cluster/manager.go:127.32,128.22 1 6
coovachilli-go/pkg/cluster/manager.go:128.22,129.12 1 2
coovachilli-go/pkg/cluster/manager.go:132.3,132.54 1 4
coovachilli-go/pkg/cluster/manager.go:132.54,134.9 2 1
coovachilli-go/pkg/cluster/manager.go:138.2,138.21 1 2
coovachilli-go/pkg/cluster/manager.go:138.21,144.21 4 1
coovachilli-go/pkg/cluster/manager.go:144.21,145.61 1 0
coovachilli-go/pkg/cluster/manager.go:145.61,147.5 1 0
coovachilli-go/pkg/cluster/manager.go:154.31,161.59 3 0
coovachilli-go/pkg/cluster/manager.go:161.59,163.3 1 0
coovachilli-go/pkg/cluster/manager.go:166.2,169.21 3 0
coovachilli-go/pkg/cluster/manager.go:169.21,171.60 1 0
coovachilli-go/pkg/cluster/manager.go:171.60,173.4 1 0
coovachilli-go/pkg/cluster/manager.go:176.3,176.24 1 0
coovachilli-go/pkg/cluster/peer.go:20.36,21.11 1 10
coovachilli-go/pkg/cluster/peer.go:22.23,23.18 1 4
coovachilli-go/pkg/cluster/peer.go:24.24,25.19 1 4
coovachilli-go/pkg/cluster/peer.go:26.24,27.19 1 1
coovachilli-go/pkg/cluster/peer.go:28.10,29.19 1 1
coovachilli-go/pkg/cluster/protocol.go:47.52,49.63 2 1
coovachilli-go/pkg/cluster/protocol.go:49.63,51.3 1 0
coovachilli-go/pkg/cluster/protocol.go:52.2,52.25 1 1
coovachilli-go/pkg/cluster/protocol.go:56.66,59.63 3 1
coovachilli-go/pkg/cluster/protocol.go:59.63,61.3 1 0
coovachilli-go/pkg/cluster/protocol.go:62.2,62.16 1 1
coovachilli-go/pkg/cluster/protocol.go:66.48,68.16 2 2
coovachilli-go/pkg/cluster/protocol.go:68.16,70.3 1 1
coovachilli-go/pkg/cluster/protocol.go:74.2,82.23 7 1
coovachilli-go/pkg/cluster/protocol.go:86.48,88.16 2 2
coovachilli-go/pkg/cluster/protocol.go:88.16,90.3 1 0
coovachilli-go/pkg/cluster/protocol.go:92.2,92.39 1 2
coovachilli-go/pkg/cluster/protocol.go:92.39,94.3 1 0
coovachilli-go/pkg/cluster/protocol.go:96.2,102.48 5 2
coovachilli-go/pkg/cluster/protocol.go:102.48,104.3 1 1
coovachilli-go/pkg/cluster/protocol.go:105.2,105.47 1 1
coovachilli-go/pkg/cluster/protocol.go:109.63,119.16 5 0
coovachilli-go/pkg/cluster/protocol.go:119.16,121.3 1 0
coovachilli-go/pkg/cluster/protocol.go:123.2,124.16 2 0
coovachilli-go/pkg/cluster/protocol.go:124.16,126.3 1 0
coovachilli-go/pkg/cluster/protocol.go:128.2,129.16 2 0
coovachilli-go/pkg/cluster/protocol.go:129.16,131.3 1 0
coovachilli-go/pkg/cluster/protocol.go:132.2,143.16 6 0
coovachilli-go/pkg/cluster/protocol.go:143.16,145.3 1 0
coovachilli-go/pkg/cluster/protocol.go:147.2,147.47 1 0
coovachilli-go/pkg/cluster/protocol.go:151.50,153.16 2 0
coovachilli-go/pkg/cluster/protocol.go:153.16,155.3 1 0
coovachilli-go/pkg/cluster/protocol.go:156.2,160.55 3 0
coovachilli-go/pkg/cluster/protocol.go:160.55,162.3 1 0
coovachilli-go/pkg/cluster/protocol.go:164.2,167.45 3 0
coovachilli-go/pkg/cluster/protocol.go:167.45,169.22 2 0
coovachilli-go/pkg/cluster/protocol.go:169.22,170.12 1 0
coovachilli-go/pkg/cluster/protocol.go:172.3,175.42 2 0
coovachilli-go/pkg/cluster/protocol.go:175.42,176.12 1 0
coovachilli-go/pkg/cluster/protocol.go:179.3,180.17 2 0
coovachilli-go/pkg/cluster/protocol.go:180.17,182.12 2 0
coovachilli-go/pkg/cluster/protocol.go:185.3,186.17 2 0
coovachilli-go/pkg/cluster/protocol.go:186.17,188.12 2 0
coovachilli-go/pkg/cluster/protocol.go:191.3,195.80 4 0
coovachilli-go/pkg/cmdsock/cmdsock.go:31.113,38.2 1 1
coovachilli-go/pkg/cmdsock/cmdsock.go:41.27,42.23 1 1
coovachilli-go/pkg/cmdsock/cmdsock.go:42.23,45.3 2 1
coovachilli-go/pkg/cmdsock/cmdsock.go:49.28,50.18 1 1
coovachilli-go/pkg/cmdsock/cmdsock.go:50.18,53.3 2 0
coovachilli-go/pkg/cmdsock/cmdsock.go:56.2,56.65 1 1
coovachilli-go/pkg/cmdsock/cmdsock.go:56.65,58.3 1 0
coovachilli-go/pkg/cmdsock/cmdsock.go:60.2,61.16 2 1
coovachilli-go/pkg/cmdsock/cmdsock.go:61.16,64.3 2 0
coovachilli-go/pkg/cmdsock/cmdsock.go:65.2,69.6 3 1
coovachilli-go/pkg/cmdsock/cmdsock.go:69.6,71.17 2 2
coovachilli-go/pkg/cmdsock/cmdsock.go:71.17,74.37 1 1
coovachilli-go/pkg/cmdsock/cmdsock.go:74.37,77.5 2 1
coovachilli-go/pkg/cmdsock/cmdsock.go:78.4,79.10 2 0
coovachilli-go/pkg/cmdsock/cmdsock.go:81.3,81.30 1 1
coovachilli-go/pkg/cmdsock/cmdsock.go:85.52,90.21 4 1
coovachilli-go/pkg/cmdsock/cmdsock.go:90.21,92.19 2 1
coovachilli-go/pkg/cmdsock/cmdsock.go:92.19,93.12 1 0
coovachilli-go/pkg/cmdsock/cmdsock.go:95.3,101.64 3 1
coovachilli-go/pkg/cmdsock/cmdsock.go:101.64,103.4 1 1
coovachilli-go/pkg/cmdsock/cmdsock.go:106.2,106.38 1 1
coovachilli-go/pkg/cmdsock/cmdsock.go:106.38,108.3 1 0
coovachilli-go/pkg/cmdsock/cmdsock.go:111.56,113.21 2 1
coovachilli-go/pkg/cmdsock/cmdsock.go:113.21,115.3 1 0
coovachilli-go/pkg/cmdsock/cmdsock.go:117.2,118.13 2 1
coovachilli-go/pkg/cmdsock/cmdsock.go:119.14,120.32 1 0
coovachilli-go/pkg/cmdsock/cmdsock.go:121.14,122.21 1 0
coovachilli-go/pkg/cmdsock/cmdsock.go:122.21,124.4 1 0
coovachilli-go/pkg/cmdsock/cmdsock.go:125.3,125.39 1 0
coovachilli-go/pkg/cmdsock/cmdsock.go:126.28,127.21 1 0
coovachilli-go/pkg/cmdsock/cmdsock.go:127.21,129.4 1 0
coovachilli-go/pkg/cmdsock/cmdsock.go:131.3,133.10 3 0
coovachilli-go/pkg/cmdsock/cmdsock.go:134.33,135.19 1 0
coovachilli-go/pkg/cmdsock/cmdsock.go:137.14,138.24 1 0
coovachilli-go/pkg/cmdsock/cmdsock.go:139.17,140.33 1 0
coovachilli-go/pkg/cmdsock/cmdsock.go:141.16,144.10 3 1
coovachilli-go/pkg/cmdsock/cmdsock.go:145.33,146.19 1 1
coovachilli-go/pkg/cmdsock/cmdsock.go:148.10,149.93 1 0
coovachilli-go/pkg/cmdsock/cmdsock.go:151.2,151.13 1 0
coovachilli-go/pkg/cmdsock/cmdsock.go:154.48,156.24 2 0
coovachilli-go/pkg/cmdsock/cmdsock.go:156.24,158.3 1 0
coovachilli-go/pkg/cmdsock/cmdsock.go:160.2,165.29 5 0
coovachilli-go/pkg/cmdsock/cmdsock.go:165.29,170.21 5 0
coovachilli-go/pkg/cmdsock/cmdsock.go:170.21,172.4 1 0
coovachilli-go/pkg/cmdsock/cmdsock.go:173.3,174.22 2 0
coovachilli-go/pkg/cmdsock/cmdsock.go:174.22,176.4 1 0
coovachilli-go/pkg/cmdsock/cmdsock.go:177.3,178.96 2 0
coovachilli-go/pkg/cmdsock/cmdsock.go:181.2,181.20 1 0
coovachilli-go/pkg/cmdsock/cmdsock.go:184.64,190.15 4 0
coovachilli-go/pkg/cmdsock/cmdsock.go:190.15,192.3 1 0
coovachilli-go/pkg/cmdsock/cmdsock.go:192.8,194.17 2 0
coovachilli-go/pkg/cmdsock/cmdsock.go:194.17,196.4 1 0
coovachilli-go/pkg/cmdsock/cmdsock.go:199.2,199.27 1 0
coovachilli-go/pkg/cmdsock/cmdsock.go:199.27,201.3 1 0
coovachilli-go/pkg/cmdsock/cmdsock.go:203.2,221.20 17 0
coovachilli-go/pkg/cmdsock/cmdsock.go:224.40,233.2 1 0
coovachilli-go/pkg/disconnect/disconnect.go:24.190,33.2 1 0
coovachilli-go/pkg/disconnect/disconnect.go:36.68,38.28 2 0
coovachilli-go/pkg/disconnect/disconnect.go:38.28,42.3 3 0
coovachilli-go/pkg/disconnect/disconnect.go:43.2,54.27 4 0
coovachilli-go/pkg/disconnect/disconnect.go:54.27,56.17 2 0
coovachilli-go/pkg/disconnect/disconnect.go:56.17,58.4 1 0
coovachilli-go/pkg/disconnect/disconnect.go:62.2,62.27 1 0
coovachilli-go/pkg/disconnect/disconnect.go:62.27,66.3 1 0
coovachilli-go/pkg/disconnect/disconnect.go:69.2,69.17 1 0
coovachilli-go/pkg/disconnect/disconnect.go:69.17,70.69 1 0
coovachilli-go/pkg/disconnect/disconnect.go:70.69,72.4 1 0
coovachilli-go/pkg/disconnect/disconnect.go:76.2,78.92 2 0
coovachilli-go/pkg/core/reaper.go:21.121,29.2 1 1
coovachilli-go/pkg/core/reaper.go:32.33,35.19 2 0
coovachilli-go/pkg/core/reaper.go:35.19,37.3 1 0
coovachilli-go/pkg/core/reaper.go:38.2,40.82 3 0
coovachilli-go/pkg/core/reaper.go:44.32,45.21 1 0
coovachilli-go/pkg/core/reaper.go:45.21,47.3 1 0
coovachilli-go/pkg/core/reaper.go:48.2,49.47 2 0
coovachilli-go/pkg/core/reaper.go:52.31,53.6 1 0
coovachilli-go/pkg/core/reaper.go:53.6,54.10 1 0
coovachilli-go/pkg/core/reaper.go:55.21,56.20 1 0
coovachilli-go/pkg/core/reaper.go:57.17,58.10 1 0
coovachilli-go/pkg/core/reaper.go:63.40,68.35 4 1
coovachilli-go/pkg/core/reaper.go:68.35,69.29 1 4
coovachilli-go/pkg/core/reaper.go:69.29,70.12 1 1
coovachilli-go/pkg/core/reaper.go:73.3,81.25 7 3
coovachilli-go/pkg/core/reaper.go:81.25,83.41 2 2
coovachilli-go/pkg/core/reaper.go:83.41,86.13 3 1
coovachilli-go/pkg/core/reaper.go:91.3,91.22 1 2
coovachilli-go/pkg/core/reaper.go:91.22,93.35 2 2
coovachilli-go/pkg/core/reaper.go:93.35,96.13 3 1
coovachilli-go/pkg/core/session.go:18.29,20.2 1 13
coovachilli-go/pkg/core/session.go:134.87,135.21 1 3
coovachilli-go/pkg/core/session.go:135.21,137.3 1 3
coovachilli-go/pkg/core/session.go:138.2,145.3 1 3
coovachilli-go/pkg/core/session.go:149.56,153.2 3 0
coovachilli-go/pkg/core/session.go:162.98,167.36 3 6
coovachilli-go/pkg/core/session.go:167.36,169.3 1 0
coovachilli-go/pkg/core/session.go:171.2,189.15 3 6
coovachilli-go/pkg/core/session.go:189.15,190.22 1 6
coovachilli-go/pkg/core/session.go:190.22,192.4 1 6
coovachilli-go/pkg/core/session.go:192.9,194.4 1 0
coovachilli-go/pkg/core/session.go:196.2,196.16 1 6
coovachilli-go/pkg/core/session.go:196.16,198.3 1 6
coovachilli-go/pkg/core/session.go:200.2,204.28 3 6
coovachilli-go/pkg/core/session.go:204.28,206.3 1 0
coovachilli-go/pkg/core/session.go:208.2,208.16 1 6
coovachilli-go/pkg/core/session.go:212.81,216.24 3 0
coovachilli-go/pkg/core/session.go:216.24,217.59 1 0
coovachilli-go/pkg/core/session.go:217.59,219.4 1 0
coovachilli-go/pkg/core/session.go:220.3,220.59 1 0
coovachilli-go/pkg/core/session.go:220.59,222.4 1 0
coovachilli-go/pkg/core/session.go:223.8,224.59 1 0
coovachilli-go/pkg/core/session.go:224.59,226.4 1 0
coovachilli-go/pkg/core/session.go:227.3,227.59 1 0
coovachilli-go/pkg/core/session.go:227.59,229.4 1 0
coovachilli-go/pkg/core/session.go:232.2,232.19 1 0
coovachilli-go/pkg/core/session.go:236.70,242.21 5 2
coovachilli-go/pkg/core/session.go:242.21,244.3 1 2
coovachilli-go/pkg/core/session.go:244.8,246.3 1 0
coovachilli-go/pkg/core/session.go:247.2,247.20 1 2
coovachilli-go/pkg/core/session.go:251.82,257.2 4 2
coovachilli-go/pkg/core/session.go:260.76,266.2 4 0
coovachilli-go/pkg/core/session.go:269.60,272.25 3 0
coovachilli-go/pkg/core/session.go:272.25,274.3 1 0
coovachilli-go/pkg/core/session.go:278.59,279.20 1 1
coovachilli-go/pkg/core/session.go:279.20,281.3 1 0
coovachilli-go/pkg/core/session.go:284.2,288.23 4 1
coovachilli-go/pkg/core/session.go:288.23,290.3 1 0
coovachilli-go/pkg/core/session.go:292.2,295.26 3 1
coovachilli-go/pkg/core/session.go:295.26,296.33 1 1
coovachilli-go/pkg/core/session.go:296.33,298.4 1 1
coovachilli-go/pkg/core/session.go:298.9,300.4 1 0
coovachilli-go/pkg/core/session.go:302.2,302.27 1 1
coovachilli-go/pkg/core/session.go:302.27,304.3 1 1
coovachilli-go/pkg/core/session.go:305.2,305.25 1 1
coovachilli-go/pkg/core/session.go:305.25,307.3 1 0
coovachilli-go/pkg/core/session.go:309.2,313.9 3 1
coovachilli-go/pkg/core/session.go:314.28,314.28 0 0
coovachilli-go/pkg/core/session.go:315.10,316.28 1 1
coovachilli-go/pkg/core/session.go:321.71,326.2 4 0
coovachilli-go/pkg/core/session.go:329.55,333.38 4 1
coovachilli-go/pkg/core/session.go:333.38,335.3 1 4
coovachilli-go/pkg/core/session.go:336.2,336.38 1 1
coovachilli-go/pkg/core/session.go:336.38,338.3 1 0
coovachilli-go/pkg/core/session.go:339.2,339.17 1 1
coovachilli-go/pkg/core/session.go:343.59,347.16 3 0
coovachilli-go/pkg/core/session.go:347.16,349.3 1 0
coovachilli-go/pkg/core/session.go:351.2,352.37 2 0
coovachilli-go/pkg/core/session.go:352.37,353.22 1 0
coovachilli-go/pkg/core/session.go:353.22,355.4 1 0
coovachilli-go/pkg/core/session.go:358.2,358.30 1 0
coovachilli-go/pkg/core/session.go:358.30,360.3 1 0
coovachilli-go/pkg/core/session.go:362.2,368.16 3 0
coovachilli-go/pkg/core/session.go:368.16,370.3 1 0
coovachilli-go/pkg/core/session.go:372.2,372.39 1 0
coovachilli-go/pkg/core/session.go:376.59,380.16 3 0
coovachilli-go/pkg/core/session.go:380.16,382.3 1 0
coovachilli-go/pkg/core/session.go:384.2,385.16 2 0
coovachilli-go/pkg/core/session.go:385.16,386.25 1 0
coovachilli-go/pkg/core/session.go:386.25,388.4 1 0
coovachilli-go/pkg/core/session.go:389.3,389.58 1 0
coovachilli-go/pkg/core/session.go:392.2,393.53 2 0
coovachilli-go/pkg/core/session.go:393.53,395.3 1 0
coovachilli-go/pkg/core/session.go:397.2,399.35 2 0
coovachilli-go/pkg/core/session.go:399.35,401.41 1 0
coovachilli-go/pkg/core/session.go:401.41,402.49 1 0
coovachilli-go/pkg/core/session.go:402.49,404.5 1 0
coovachilli-go/pkg/core/session.go:404.10,405.13 1 0
coovachilli-go/pkg/core/session.go:408.3,408.38 1 0
coovachilli-go/pkg/core/session.go:408.38,409.46 1 0
coovachilli-go/pkg/core/session.go:409.46,411.5 1 0
coovachilli-go/pkg/core/session.go:411.10,412.13 1 0
coovachilli-go/pkg/core/session.go:417.3,421.21 3 0
coovachilli-go/pkg/core/session.go:421.21,422.28 1 0
coovachilli-go/pkg/core/session.go:422.28,424.5 1 0
coovachilli-go/pkg/core/session.go:424.10,426.5 1 0
coovachilli-go/pkg/core/session.go:428.3,428.22 1 0
coovachilli-go/pkg/core/session.go:428.22,430.4 1 0
coovachilli-go/pkg/core/session.go:431.3,431.20 1 0
coovachilli-go/pkg/core/session.go:431.20,433.4 1 0
coovachilli-go/pkg/core/session.go:436.2,436.12 1 0
coovachilli-go/pkg/core/shaper.go:18.56,23.28 3 1
coovachilli-go/pkg/core/shaper.go:23.28,25.3 1 0
coovachilli-go/pkg/core/shaper.go:25.8,25.47 1 1
coovachilli-go/pkg/core/shaper.go:25.47,27.3 1 0
coovachilli-go/pkg/core/shaper.go:28.2,28.38 1 1
coovachilli-go/pkg/core/shaper.go:28.38,30.3 1 1
coovachilli-go/pkg/core/shaper.go:33.2,33.28 1 1
coovachilli-go/pkg/core/shaper.go:33.28,35.3 1 0
coovachilli-go/pkg/core/shaper.go:35.8,35.49 1 1
coovachilli-go/pkg/core/shaper.go:35.49,37.3 1 1
coovachilli-go/pkg/core/shaper.go:38.2,38.40 1 1
coovachilli-go/pkg/core/shaper.go:38.40,40.3 1 0
coovachilli-go/pkg/core/shaper.go:43.2,43.29 1 1
coovachilli-go/pkg/core/shaper.go:43.29,44.43 1 0
coovachilli-go/pkg/core/shaper.go:44.43,46.4 1 0
coovachilli-go/pkg/core/shaper.go:47.3,47.45 1 0
coovachilli-go/pkg/core/shaper.go:47.45,49.4 1 0
coovachilli-go/pkg/core/shaper.go:52.2,52.27 1 1
coovachilli-go/pkg/core/shaper.go:57.75,62.111 3 9
coovachilli-go/pkg/core/shaper.go:62.111,64.3 1 0
coovachilli-go/pkg/core/shaper.go:66.2,70.14 4 9
coovachilli-go/pkg/core/shaper.go:70.14,75.31 2 0
coovachilli-go/pkg/core/shaper.go:75.31,77.4 1 0
coovachilli-go/pkg/core/shaper.go:77.9,79.4 1 0
coovachilli-go/pkg/core/shaper.go:82.3,82.49 1 0
coovachilli-go/pkg/core/shaper.go:82.49,84.4 1 0
coovachilli-go/pkg/core/shaper.go:85.3,85.27 1 0
coovachilli-go/pkg/core/shaper.go:86.8,91.33 2 9
coovachilli-go/pkg/core/shaper.go:91.33,93.4 1 8
coovachilli-go/pkg/core/shaper.go:93.9,95.4 1 1
coovachilli-go/pkg/core/shaper.go:98.3,98.53 1 9
coovachilli-go/pkg/core/shaper.go:98.53,100.4 1 2
coovachilli-go/pkg/core/shaper.go:101.3,101.29 1 7
coovachilli-go/pkg/core/shaper.go:104.2,104.14 1 7
coovachilli-go/pkg/dhcp/dhcp.go:57.236,61.20 4 0
coovachilli-go/pkg/dhcp/dhcp.go:61.20,63.17 2 0
coovachilli-go/pkg/dhcp/dhcp.go:63.17,65.4 1 0
coovachilli-go/pkg/dhcp/dhcp.go:66.3,66.53 1 0
coovachilli-go/pkg/dhcp/dhcp.go:66.53,68.18 2 0
coovachilli-go/pkg/dhcp/dhcp.go:68.18,70.5 1 0
coovachilli-go/pkg/dhcp/dhcp.go:71.9,73.4 1 0
coovachilli-go/pkg/dhcp/dhcp.go:76.2,77.16 2 0
coovachilli-go/pkg/dhcp/dhcp.go:77.16,79.3 1 0
coovachilli-go/pkg/dhcp/dhcp.go:80.2,81.29 2 0
coovachilli-go/pkg/dhcp/dhcp.go:81.29,82.74 1 0
coovachilli-go/pkg/dhcp/dhcp.go:82.74,84.9 2 0
coovachilli-go/pkg/dhcp/dhcp.go:87.2,87.22 1 0
coovachilli-go/pkg/dhcp/dhcp.go:87.22,89.3 1 0
coovachilli-go/pkg/dhcp/dhcp.go:91.2,91.21 1 0
coovachilli-go/pkg/dhcp/dhcp.go:91.21,93.3 1 0
coovachilli-go/pkg/dhcp/dhcp.go:94.2,113.20 4 0
coovachilli-go/pkg/dhcp/dhcp.go:116.31,120.21 3 0
coovachilli-go/pkg/dhcp/dhcp.go:120.21,123.38 3 0
coovachilli-go/pkg/dhcp/dhcp.go:123.38,124.39 1 0
coovachilli-go/pkg/dhcp/dhcp.go:124.39,128.5 3 0
coovachilli-go/pkg/dhcp/dhcp.go:130.3,131.13 2 0
coovachilli-go/pkg/dhcp/dhcp.go:135.27,137.45 2 0
coovachilli-go/pkg/dhcp/dhcp.go:137.45,138.74 1 0
coovachilli-go/pkg/dhcp/dhcp.go:138.74,140.52 2 0
coovachilli-go/pkg/dhcp/dhcp.go:140.52,141.30 1 0
coovachilli-go/pkg/dhcp/dhcp.go:141.30,143.6 1 0
coovachilli-go/pkg/dhcp/dhcp.go:144.5,144.13 1 0
coovachilli-go/pkg/dhcp/dhcp.go:148.3,149.22 2 0
coovachilli-go/pkg/dhcp/dhcp.go:149.22,150.12 1 0
coovachilli-go/pkg/dhcp/dhcp.go:152.3,154.22 2 0
coovachilli-go/pkg/dhcp/dhcp.go:155.15,157.24 2 0
coovachilli-go/pkg/dhcp/dhcp.go:157.24,159.13 2 0
coovachilli-go/pkg/dhcp/dhcp.go:161.4,161.23 1 0
coovachilli-go/pkg/dhcp/dhcp.go:161.23,162.49 1 0
coovachilli-go/pkg/dhcp/dhcp.go:162.49,164.6 1 0
coovachilli-go/pkg/dhcp/dhcp.go:165.10,167.19 2 0
coovachilli-go/pkg/dhcp/dhcp.go:167.19,169.14 2 0
coovachilli-go/pkg/dhcp/dhcp.go:171.5,171.25 1 0
coovachilli-go/pkg/dhcp/dhcp.go:171.25,172.63 1 0
coovachilli-go/pkg/dhcp/dhcp.go:172.63,174.7 1 0
coovachilli-go/pkg/dhcp/dhcp.go:177.17,178.45 1 0
coovachilli-go/pkg/dhcp/dhcp.go:178.45,180.13 2 0
coovachilli-go/pkg/dhcp/dhcp.go:182.4,183.24 2 0
coovachilli-go/pkg/dhcp/dhcp.go:183.24,185.13 2 0
coovachilli-go/pkg/dhcp/dhcp.go:187.4,188.18 2 0
coovachilli-go/pkg/dhcp/dhcp.go:188.18,190.13 2 0
coovachilli-go/pkg/dhcp/dhcp.go:192.4,192.24 1 0
coovachilli-go/pkg/dhcp/dhcp.go:192.24,193.67 1 0
coovachilli-go/pkg/dhcp/dhcp.go:193.67,195.6 1 0
coovachilli-go/pkg/dhcp/dhcp.go:201.88,228.69 8 0
coovachilli-go/pkg/dhcp/dhcp.go:228.69,230.3 1 0
coovachilli-go/pkg/dhcp/dhcp.go:232.2,243.16 3 0
coovachilli-go/pkg/dhcp/dhcp.go:243.16,245.3 1 0
coovachilli-go/pkg/dhcp/dhcp.go:247.2,247.65 1 0
coovachilli-go/pkg/dhcp/dhcp.go:247.65,249.3 1 0
coovachilli-go/pkg/dhcp/dhcp.go:251.2,252.12 2 0
coovachilli-go/pkg/dhcp/dhcp.go:255.60,257.73 2 1
coovachilli-go/pkg/dhcp/dhcp.go:257.73,259.3 1 1
coovachilli-go/pkg/dhcp/dhcp.go:259.8,259.75 1 0
coovachilli-go/pkg/dhcp/dhcp.go:259.75,263.3 2 0
coovachilli-go/pkg/dhcp/dhcp.go:265.2,265.27 1 1
coovachilli-go/pkg/dhcp/dhcp.go:265.27,267.3 1 0
coovachilli-go/pkg/dhcp/dhcp.go:269.2,270.16 2 1
coovachilli-go/pkg/dhcp/dhcp.go:270.16,272.3 1 0
coovachilli-go/pkg/dhcp/dhcp.go:274.2,284.16 6 1
coovachilli-go/pkg/dhcp/dhcp.go:284.16,286.3 1 0
coovachilli-go/pkg/dhcp/dhcp.go:287.2,288.16 2 1
coovachilli-go/pkg/dhcp/dhcp.go:288.16,290.3 1 0
coovachilli-go/pkg/dhcp/dhcp.go:291.2,292.15 2 1
coovachilli-go/pkg/dhcp/dhcp.go:292.15,294.3 1 0
coovachilli-go/pkg/dhcp/dhcp.go:296.2,301.16 3 1
coovachilli-go/pkg/dhcp/dhcp.go:301.16,303.3 1 0
coovachilli-go/pkg/dhcp/dhcp.go:304.2,306.60 2 1
coovachilli-go/pkg/dhcp/dhcp.go:306.60,308.3 1 0
coovachilli-go/pkg/dhcp/dhcp.go:310.2,318.16 5 1
coovachilli-go/pkg/dhcp/dhcp.go:318.16,320.3 1 0
coovachilli-go/pkg/dhcp/dhcp.go:322.2,325.16 3 0
coovachilli-go/pkg/dhcp/dhcp.go:325.16,327.3 1 0
coovachilli-go/pkg/dhcp/dhcp.go:329.2,329.61 1 0
coovachilli-go/pkg/dhcp/dhcp.go:332.79,334.16 2 0
coovachilli-go/pkg/dhcp/dhcp.go:334.16,336.3 1 0
coovachilli-go/pkg/dhcp/dhcp.go:338.2,353.86 3 0
coovachilli-go/pkg/dhcp/dhcp.go:353.86,356.3 2 0
coovachilli-go/pkg/dhcp/dhcp.go:358.2,362.69 2 0
coovachilli-go/pkg/dhcp/dhcp.go:362.69,364.3 1 0
coovachilli-go/pkg/dhcp/dhcp.go:366.2,377.16 3 0
coovachilli-go/pkg/dhcp/dhcp.go:377.16,379.3 1 0
coovachilli-go/pkg/dhcp/dhcp.go:381.2,381.65 1 0
coovachilli-go/pkg/dhcp/dhcp.go:381.65,383.3 1 0
coovachilli-go/pkg/dhcp/dhcp.go:385.2,386.12 2 0
coovachilli-go/pkg/dhcp/dhcp.go:389.77,391.16 2 2
coovachilli-go/pkg/dhcp/dhcp.go:391.16,393.3 1 0
coovachilli-go/pkg/dhcp/dhcp.go:395.2,398.9 3 2
coovachilli-go/pkg/dhcp/dhcp.go:398.9,400.3 1 0
coovachilli-go/pkg/dhcp/dhcp.go:402.2,403.20 2 2
coovachilli-go/pkg/dhcp/dhcp.go:404.33,405.39 1 1
coovachilli-go/pkg/dhcp/dhcp.go:406.33,407.41 1 1
coovachilli-go/pkg/dhcp/dhcp.go:408.10,410.23 2 0
coovachilli-go/pkg/dhcp/dhcp.go:413.2,413.16 1 2
coovachilli-go/pkg/dhcp/dhcp.go:413.16,415.3 1 0
coovachilli-go/pkg/dhcp/dhcp.go:416.2,416.17 1 2
coovachilli-go/pkg/dhcp/dhcp.go:416.17,418.3 1 0
coovachilli-go/pkg/dhcp/dhcp.go:420.2,420.33 1 2
coovachilli-go/pkg/dhcp/dhcp.go:423.76,429.16 5 1
coovachilli-go/pkg/dhcp/dhcp.go:429.16,431.3 1 0
coovachilli-go/pkg/dhcp/dhcp.go:433.2,434.23 2 1
coovachilli-go/pkg/dhcp/dhcp.go:434.23,436.3 1 0
coovachilli-go/pkg/dhcp/dhcp.go:438.2,439.16 2 1
coovachilli-go/pkg/dhcp/dhcp.go:439.16,441.3 1 0
coovachilli-go/pkg/dhcp/dhcp.go:442.2,453.20 6 1
coovachilli-go/pkg/dhcp/dhcp.go:453.20,455.3 1 0
coovachilli-go/pkg/dhcp/dhcp.go:456.2,470.25 6 1
coovachilli-go/pkg/dhcp/dhcp.go:470.25,472.3 1 1
coovachilli-go/pkg/dhcp/dhcp.go:473.2,473.25 1 1
coovachilli-go/pkg/dhcp/dhcp.go:473.25,475.3 1 0
coovachilli-go/pkg/dhcp/dhcp.go:476.2,476.25 1 1
coovachilli-go/pkg/dhcp/dhcp.go:476.25,478.3 1 1
coovachilli-go/pkg/dhcp/dhcp.go:480.2,481.18 2 1
coovachilli-go/pkg/dhcp/dhcp.go:484.78,487.23 3 1
coovachilli-go/pkg/dhcp/dhcp.go:487.23,489.3 1 0
coovachilli-go/pkg/dhcp/dhcp.go:491.2,492.20 2 1
coovachilli-go/pkg/dhcp/dhcp.go:492.20,494.3 1 0
coovachilli-go/pkg/dhcp/dhcp.go:495.2,497.22 3 1
coovachilli-go/pkg/dhcp/dhcp.go:497.22,499.3 1 0
coovachilli-go/pkg/dhcp/dhcp.go:500.2,510.16 6 1
coovachilli-go/pkg/dhcp/dhcp.go:510.16,512.3 1 0
coovachilli-go/pkg/dhcp/dhcp.go:514.2,531.25 8 1
coovachilli-go/pkg/dhcp/dhcp.go:531.25,533.3 1 0
coovachilli-go/pkg/dhcp/dhcp.go:534.2,534.25 1 1
coovachilli-go/pkg/dhcp/dhcp.go:534.25,536.3 1 0
coovachilli-go/pkg/dhcp/dhcp.go:537.2,537.25 1 1
coovachilli-go/pkg/dhcp/dhcp.go:537.25,539.3 1 0
coovachilli-go/pkg/dhcp/dhcp.go:541.2,542.18 2 1
coovachilli-go/pkg/dhcp/dhcp.go:545.107,547.16 2 1
coovachilli-go/pkg/dhcp/dhcp.go:547.16,549.3 1 0
coovachilli-go/pkg/dhcp/dhcp.go:551.2,557.27 5 1
coovachilli-go/pkg/dhcp/dhcp.go:558.34,559.41 1 0
coovachilli-go/pkg/dhcp/dhcp.go:560.33,561.48 1 1
coovachilli-go/pkg/dhcp/dhcp.go:562.10,564.23 2 0
coovachilli-go/pkg/dhcp/dhcp.go:567.2,567.16 1 1
coovachilli-go/pkg/dhcp/dhcp.go:567.16,569.3 1 0
coovachilli-go/pkg/dhcp/dhcp.go:571.2,571.28 1 1
coovachilli-go/pkg/dhcp/dhcp.go:574.69,580.16 5 0
coovachilli-go/pkg/dhcp/dhcp.go:580.16,582.3 1 0
coovachilli-go/pkg/dhcp/dhcp.go:584.2,587.16 3 0
coovachilli-go/pkg/dhcp/dhcp.go:587.16,589.3 1 0
coovachilli-go/pkg/dhcp/dhcp.go:591.2,598.28 7 0
coovachilli-go/pkg/dhcp/dhcp.go:601.92,607.74 5 1
coovachilli-go/pkg/dhcp/dhcp.go:607.74,609.3 1 0
coovachilli-go/pkg/dhcp/dhcp.go:609.8,611.3 1 1
coovachilli-go/pkg/dhcp/dhcp.go:613.2,613.43 1 1
coovachilli-go/pkg/dhcp/dhcp.go:613.43,615.3 1 0
coovachilli-go/pkg/dhcp/dhcp.go:617.2,618.56 2 1
coovachilli-go/pkg/dhcp/dhcp.go:618.56,620.3 1 1
coovachilli-go/pkg/dhcp/dhcp.go:622.2,622.16 1 1
coovachilli-go/pkg/dhcp/dhcp.go:622.17,626.3 0 0
coovachilli-go/pkg/dhcp/dhcp.go:628.2,629.9 2 1
coovachilli-go/pkg/dhcp/dhcp.go:629.9,630.16 1 0
coovachilli-go/pkg/dhcp/dhcp.go:630.16,633.4 2 0
coovachilli-go/pkg/dhcp/dhcp.go:634.3,636.75 3 0
coovachilli-go/pkg/dhcp/dhcp.go:636.75,639.4 2 0
coovachilli-go/pkg/dhcp/dhcp.go:640.3,640.76 1 0
coovachilli-go/pkg/dhcp/dhcp.go:643.2,646.9 3 1
coovachilli-go/pkg/dhcp/dhcp.go:647.38,648.14 1 1
coovachilli-go/pkg/dhcp/dhcp.go:648.14,650.17 2 1
coovachilli-go/pkg/dhcp/dhcp.go:650.17,652.5 1 1
coovachilli-go/pkg/dhcp/dhcp.go:653.4,656.25 4 1
coovachilli-go/pkg/dhcp/dhcp.go:658.37,660.16 2 0
coovachilli-go/pkg/dhcp/dhcp.go:660.16,662.4 1 0
coovachilli-go/pkg/dhcp/dhcp.go:663.3,666.24 4 0
coovachilli-go/pkg/dhcp/dhcp.go:669.2,678.16 5 0
coovachilli-go/pkg/dhcp/dhcp.go:678.16,680.3 1 0
coovachilli-go/pkg/dhcp/dhcp.go:682.2,691.28 8 0
coovachilli-go/pkg/dhcp/dhcp.go:694.62,696.16 2 1
coovachilli-go/pkg/dhcp/dhcp.go:696.16,698.3 1 0
coovachilli-go/pkg/dhcp/dhcp.go:699.2,701.28 3 1
coovachilli-go/pkg/dhcp/dhcp.go:704.48,705.32 1 4
coovachilli-go/pkg/dhcp/dhcp.go:705.32,707.3 1 0
coovachilli-go/pkg/dhcp/dhcp.go:708.2,712.8 1 4
coovachilli-go/pkg/dhcp/dhcp.go:715.44,716.55 1 4
coovachilli-go/pkg/dhcp/dhcp.go:716.55,717.27 1 6
coovachilli-go/pkg/dhcp/dhcp.go:717.27,720.4 2 3
coovachilli-go/pkg/dhcp/dhcp.go:722.2,722.60 1 1
coovachilli-go/pkg/dhcp/dhcp.go:725.31,728.38 3 3
coovachilli-go/pkg/dhcp/dhcp.go:728.38,730.18 2 3
coovachilli-go/pkg/dhcp/dhcp.go:730.18,731.9 1 3
coovachilli-go/pkg/dhcp/dhcp.go:734.2,734.13 1 3
coovachilli-go/pkg/dhcp/dhcp_helper.go:9.128,11.16 2 1
coovachilli-go/pkg/dhcp/dhcp_helper.go:11.16,13.3 1 0
coovachilli-go/pkg/dhcp/dhcp_helper.go:14.2,15.30 2 1
coovachilli-go/pkg/dhcp/dhcp_helper.go:15.30,17.3 1 1
coovachilli-go/pkg/dhcp/dhcp_helper.go:18.2,18.19 1 1
coovachilli-go/pkg/firewall/firewall.go:31.78,34.29 2 4
coovachilli-go/pkg/firewall/firewall.go:35.18,37.39 2 1
coovachilli-go/pkg/firewall/firewall.go:38.13,40.34 2 1
coovachilli-go/pkg/firewall/firewall.go:41.14,43.44 2 2
coovachilli-go/pkg/firewall/firewall.go:43.44,46.4 2 1
coovachilli-go/pkg/firewall/firewall.go:47.3,48.39 2 1
coovachilli-go/pkg/firewall/firewall.go:49.10,50.88 1 0
coovachilli-go/pkg/firewall/iptables.go:34.102,36.16 2 0
coovachilli-go/pkg/firewall/iptables.go:36.16,38.3 1 0
coovachilli-go/pkg/firewall/iptables.go:40.2,41.20 2 0
coovachilli-go/pkg/firewall/iptables.go:41.20,42.83 1 0
coovachilli-go/pkg/firewall/iptables.go:42.83,45.4 2 0
coovachilli-go/pkg/firewall/iptables.go:45.9,48.4 2 0
coovachilli-go/pkg/firewall/iptables.go:49.8,52.3 2 0
coovachilli-go/pkg/firewall/iptables.go:54.2,59.8 1 0
coovachilli-go/pkg/firewall/iptables.go:62.81,63.50 1 0
coovachilli-go/pkg/firewall/iptables.go:63.50,65.43 1 0
coovachilli-go/pkg/firewall/iptables.go:65.43,66.55 1 0
coovachilli-go/pkg/firewall/iptables.go:66.55,67.128 1 0
coovachilli-go/pkg/firewall/iptables.go:67.128,69.14 2 0
coovachilli-go/pkg/firewall/iptables.go:75.3,76.17 2 0
coovachilli-go/pkg/firewall/iptables.go:76.17,78.4 1 0
coovachilli-go/pkg/firewall/iptables.go:79.3,80.37 2 0
coovachilli-go/pkg/firewall/iptables.go:80.37,82.4 1 0
coovachilli-go/pkg/firewall/iptables.go:85.3,85.73 1 0
coovachilli-go/pkg/firewall/iptables.go:85.73,86.30 1 0
coovachilli-go/pkg/firewall/iptables.go:86.30,87.67 1 0
coovachilli-go/pkg/firewall/iptables.go:87.67,89.6 1 0
coovachilli-go/pkg/firewall/iptables.go:90.5,90.98 1 0
coovachilli-go/pkg/firewall/iptables.go:91.10,92.65 1 0
coovachilli-go/pkg/firewall/iptables.go:92.65,94.6 1 0
coovachilli-go/pkg/firewall/iptables.go:95.5,95.93 1 0
coovachilli-go/pkg/firewall/iptables.go:99.2,99.12 1 0
coovachilli-go/pkg/firewall/iptables.go:102.47,104.53 2 0
coovachilli-go/pkg/firewall/iptables.go:104.53,106.3 1 0
coovachilli-go/pkg/firewall/iptables.go:107.2,109.19 2 0
coovachilli-go/pkg/firewall/iptables.go:109.19,110.55 1 0
coovachilli-go/pkg/firewall/iptables.go:110.55,112.4 1 0
coovachilli-go/pkg/firewall/iptables.go:113.3,113.20 1 0
coovachilli-go/pkg/firewall/iptables.go:113.20,115.4 1 0
coovachilli-go/pkg/firewall/iptables.go:117.2,118.12 2 0
coovachilli-go/pkg/firewall/iptables.go:121.56,122.23 1 0
coovachilli-go/pkg/firewall/iptables.go:122.23,124.3 1 0
coovachilli-go/pkg/firewall/iptables.go:127.2,136.42 5 0
coovachilli-go/pkg/firewall/iptables.go:136.42,139.3 2 0
coovachilli-go/pkg/firewall/iptables.go:142.2,142.21 1 0
coovachilli-go/pkg/firewall/iptables.go:142.21,144.3 1 0
coovachilli-go/pkg/firewall/iptables.go:144.8,146.3 1 0
coovachilli-go/pkg/firewall/iptables.go:149.2,149.27 1 0
coovachilli-go/pkg/firewall/iptables.go:149.27,151.3 1 0
coovachilli-go/pkg/firewall/iptables.go:154.2,154.28 1 0
coovachilli-go/pkg/firewall/iptables.go:154.28,157.3 2 0
coovachilli-go/pkg/firewall/iptables.go:160.2,160.21 1 0
coovachilli-go/pkg/firewall/iptables.go:160.21,164.3 3 0
coovachilli-go/pkg/firewall/iptables.go:167.2,167.38 1 0
coovachilli-go/pkg/firewall/iptables.go:167.38,169.3 1 0
coovachilli-go/pkg/firewall/iptables.go:170.2,170.38 1 0
coovachilli-go/pkg/firewall/iptables.go:170.38,172.3 1 0
coovachilli-go/pkg/firewall/iptables.go:174.2,174.12 1 0
coovachilli-go/pkg/firewall/iptables.go:177.56,178.48 1 0
coovachilli-go/pkg/firewall/iptables.go:178.48,179.53 1 0
coovachilli-go/pkg/firewall/iptables.go:179.53,181.4 1 0
coovachilli-go/pkg/firewall/iptables.go:185.2,185.52 1 0
coovachilli-go/pkg/firewall/iptables.go:185.52,188.3 2 0
coovachilli-go/pkg/firewall/iptables.go:189.2,193.44 3 0
coovachilli-go/pkg/firewall/iptables.go:193.44,194.53 1 0
coovachilli-go/pkg/firewall/iptables.go:194.53,196.4 1 0
coovachilli-go/pkg/firewall/iptables.go:197.3,197.75 1 0
coovachilli-go/pkg/firewall/iptables.go:201.2,201.21 1 0
coovachilli-go/pkg/firewall/iptables.go:201.21,202.53 1 0
coovachilli-go/pkg/firewall/iptables.go:202.53,204.4 1 0
coovachilli-go/pkg/firewall/iptables.go:205.8,207.3 1 0
coovachilli-go/pkg/firewall/iptables.go:210.2,210.27 1 0
coovachilli-go/pkg/firewall/iptables.go:210.27,212.3 1 0
coovachilli-go/pkg/firewall/iptables.go:215.2,215.30 1 0
coovachilli-go/pkg/firewall/iptables.go:215.30,218.3 2 0
coovachilli-go/pkg/firewall/iptables.go:221.2,221.21 1 0
coovachilli-go/pkg/firewall/iptables.go:221.21,225.3 3 0
coovachilli-go/pkg/firewall/iptables.go:228.2,228.38 1 0
coovachilli-go/pkg/firewall/iptables.go:228.38,230.3 1 0
coovachilli-go/pkg/firewall/iptables.go:231.2,231.38 1 0
coovachilli-go/pkg/firewall/iptables.go:231.38,233.3 1 0
coovachilli-go/pkg/firewall/iptables.go:234.2,234.12 1 0
coovachilli-go/pkg/firewall/iptables.go:237.66,240.21 3 0
coovachilli-go/pkg/firewall/iptables.go:240.21,243.3 2 0
coovachilli-go/pkg/firewall/iptables.go:243.8,243.26 1 0
coovachilli-go/pkg/firewall/iptables.go:243.26,246.3 2 0
coovachilli-go/pkg/firewall/iptables.go:246.8,248.3 1 0
coovachilli-go/pkg/firewall/iptables.go:250.2,250.42 1 0
coovachilli-go/pkg/firewall/iptables.go:250.42,251.54 1 0
coovachilli-go/pkg/firewall/iptables.go:251.54,252.99 1 0
coovachilli-go/pkg/firewall/iptables.go:252.99,254.5 1 0
coovachilli-go/pkg/firewall/iptables.go:258.2,258.100 1 0
coovachilli-go/pkg/firewall/iptables.go:258.100,260.3 1 0
coovachilli-go/pkg/firewall/iptables.go:262.2,263.12 2 0
coovachilli-go/pkg/firewall/iptables.go:266.69,269.21 3 0
coovachilli-go/pkg/firewall/iptables.go:269.21,272.3 2 0
coovachilli-go/pkg/firewall/iptables.go:272.8,272.26 1 0
coovachilli-go/pkg/firewall/iptables.go:272.26,275.3 2 0
coovachilli-go/pkg/firewall/iptables.go:275.8,277.3 1 0
coovachilli-go/pkg/firewall/iptables.go:279.2,279.42 1 0
coovachilli-go/pkg/firewall/iptables.go:279.42,280.54 1 0
coovachilli-go/pkg/firewall/iptables.go:280.54,281.96 1 0
coovachilli-go/pkg/firewall/iptables.go:281.96,283.5 1 0
coovachilli-go/pkg/firewall/iptables.go:287.2,287.97 1 0
coovachilli-go/pkg/firewall/iptables.go:287.97,289.3 1 0
coovachilli-go/pkg/firewall/iptables.go:291.2,292.12 2 0
coovachilli-go/pkg/firewall/iptables.go:297.72,304.67 3 0
coovachilli-go/pkg/firewall/iptables.go:304.67,306.3 1 0
coovachilli-go/pkg/firewall/iptables.go:307.2,307.70 1 0
coovachilli-go/pkg/firewall/iptables.go:307.70,309.3 1 0
coovachilli-go/pkg/firewall/iptables.go:310.2,310.42 1 0
coovachilli-go/pkg/firewall/iptables.go:310.42,311.94 1 0
coovachilli-go/pkg/firewall/iptables.go:311.94,313.4 1 0
coovachilli-go/pkg/firewall/iptables.go:314.3,314.97 1 0
coovachilli-go/pkg/firewall/iptables.go:314.97,316.4 1 0
coovachilli-go/pkg/firewall/iptables.go:320.2,320.19 1 0
coovachilli-go/pkg/firewall/iptables.go:320.19,321.53 1 0
coovachilli-go/pkg/firewall/iptables.go:321.53,322.70 1 0
coovachilli-go/pkg/firewall/iptables.go:322.70,324.5 1 0
coovachilli-go/pkg/firewall/iptables.go:324.10,325.47 1 0
coovachilli-go/pkg/firewall/iptables.go:325.47,326.98 1 0
coovachilli-go/pkg/firewall/iptables.go:326.98,328.7 1 0
coovachilli-go/pkg/firewall/iptables.go:333.3,333.72 1 0
coovachilli-go/pkg/firewall/iptables.go:333.72,335.4 1 0
coovachilli-go/pkg/firewall/iptables.go:335.9,336.46 1 0
coovachilli-go/pkg/firewall/iptables.go:336.46,337.100 1 0
coovachilli-go/pkg/firewall/iptables.go:337.100,339.6 1 0
coovachilli-go/pkg/firewall/iptables.go:344.2,345.12 2 0
coovachilli-go/pkg/firewall/iptables.go:349.73,351.16 2 0
coovachilli-go/pkg/firewall/iptables.go:351.16,353.16 2 0
coovachilli-go/pkg/firewall/iptables.go:353.16,355.4 1 0
coovachilli-go/pkg/firewall/iptables.go:356.3,356.24 1 0
coovachilli-go/pkg/firewall/iptables.go:359.2,362.13 3 0
coovachilli-go/pkg/firewall/iptables.go:362.13,364.3 1 0
coovachilli-go/pkg/firewall/iptables.go:364.8,364.26 1 0
coovachilli-go/pkg/firewall/iptables.go:364.26,366.3 1 0
coovachilli-go/pkg/firewall/iptables.go:366.8,369.3 2 0
coovachilli-go/pkg/firewall/iptables.go:371.2,372.42 2 0
coovachilli-go/pkg/firewall/iptables.go:372.42,373.54 1 0
coovachilli-go/pkg/firewall/iptables.go:373.54,374.101 1 0
coovachilli-go/pkg/firewall/iptables.go:374.101,376.5 1 0
coovachilli-go/pkg/firewall/iptables.go:379.2,379.102 1 0
coovachilli-go/pkg/firewall/iptables.go:379.102,381.3 1 0
coovachilli-go/pkg/firewall/iptables.go:382.2,382.12 1 0
coovachilli-go/pkg/firewall/iptables.go:386.66,388.15 2 0
coovachilli-go/pkg/firewall/iptables.go:388.15,390.3 1 0
coovachilli-go/pkg/firewall/iptables.go:392.2,395.13 3 0
coovachilli-go/pkg/firewall/iptables.go:395.13,397.3 1 0
coovachilli-go/pkg/firewall/iptables.go:397.8,397.26 1 0
coovachilli-go/pkg/firewall/iptables.go:397.26,399.3 1 0
coovachilli-go/pkg/firewall/iptables.go:399.8,402.3 2 0
coovachilli-go/pkg/firewall/iptables.go:404.2,405.42 2 0
coovachilli-go/pkg/firewall/iptables.go:405.42,406.54 1 0
coovachilli-go/pkg/firewall/iptables.go:406.54,407.99 1 0
coovachilli-go/pkg/firewall/iptables.go:407.99,409.5 1 0
coovachilli-go/pkg/firewall/iptables.go:412.2,412.100 1 0
coovachilli-go/pkg/firewall/iptables.go:412.100,414.3 1 0
coovachilli-go/pkg/firewall/iptables.go:415.2,415.12 1 0
coovachilli-go/pkg/firewall/iptables.go:418.38,422.19 3 0
coovachilli-go/pkg/firewall/iptables.go:422.19,424.28 2 0
coovachilli-go/pkg/firewall/iptables.go:424.28,426.4 1 0
coovachilli-go/pkg/firewall/iptables.go:427.3,427.40 1 0
coovachilli-go/pkg/firewall/iptables.go:431.90,432.40 1 0
coovachilli-go/pkg/firewall/iptables.go:432.40,433.43 1 0
coovachilli-go/pkg/firewall/iptables.go:433.43,434.55 1 0
coovachilli-go/pkg/firewall/iptables.go:434.55,436.5 1 0
coovachilli-go/pkg/firewall/iptables.go:440.2,440.42 1 0
coovachilli-go/pkg/firewall/iptables.go:440.42,441.54 1 0
coovachilli-go/pkg/firewall/iptables.go:441.54,443.4 1 0
coovachilli-go/pkg/firewall/iptables.go:445.2,447.27 2 0
coovachilli-go/pkg/firewall/iptables.go:447.27,449.3 1 0
coovachilli-go/pkg/firewall/iptables.go:451.2,451.65 1 0
coovachilli-go/pkg/firewall/iptables.go:451.65,452.13 1 0
coovachilli-go/pkg/firewall/iptables.go:452.13,453.55 1 0
coovachilli-go/pkg/firewall/iptables.go:453.55,456.5 2 0
coovachilli-go/pkg/firewall/iptables.go:457.9,460.4 2 0
coovachilli-go/pkg/firewall/iptables.go:462.3,463.39 2 0
coovachilli-go/pkg/firewall/ufw.go:20.86,26.2 1 3
coovachilli-go/pkg/firewall/ufw.go:30.55,34.16 4 2
coovachilli-go/pkg/firewall/ufw.go:34.16,36.100 1 0
coovachilli-go/pkg/firewall/ufw.go:36.100,38.4 1 0
coovachilli-go/pkg/firewall/ufw.go:39.3,39.104 1 0
coovachilli-go/pkg/firewall/ufw.go:41.2,41.12 1 2
coovachilli-go/pkg/firewall/ufw.go:44.42,48.57 2 0
coovachilli-go/pkg/firewall/ufw.go:48.57,51.3 1 0
coovachilli-go/pkg/firewall/ufw.go:52.2,52.89 1 0
coovachilli-go/pkg/firewall/ufw.go:52.89,55.3 1 0
coovachilli-go/pkg/firewall/ufw.go:58.2,58.46 1 0
coovachilli-go/pkg/firewall/ufw.go:58.46,59.67 1 0
coovachilli-go/pkg/firewall/ufw.go:59.67,61.4 1 0
coovachilli-go/pkg/firewall/ufw.go:65.2,71.25 5 0
coovachilli-go/pkg/firewall/ufw.go:71.25,73.3 1 0
coovachilli-go/pkg/firewall/ufw.go:76.2,76.23 1 0
coovachilli-go/pkg/firewall/ufw.go:76.23,78.3 1 0
coovachilli-go/pkg/firewall/ufw.go:79.2,79.23 1 0
coovachilli-go/pkg/firewall/ufw.go:79.23,81.3 1 0
coovachilli-go/pkg/firewall/ufw.go:84.2,84.42 1 0
coovachilli-go/pkg/firewall/ufw.go:84.42,86.3 1 0
coovachilli-go/pkg/firewall/ufw.go:87.2,87.44 1 0
coovachilli-go/pkg/firewall/ufw.go:87.44,89.3 1 0
coovachilli-go/pkg/firewall/ufw.go:93.2,96.12 3 0
coovachilli-go/pkg/firewall/ufw.go:99.61,102.45 2 1
coovachilli-go/pkg/firewall/ufw.go:102.45,104.3 1 0
coovachilli-go/pkg/firewall/ufw.go:105.2,106.12 2 1
coovachilli-go/pkg/firewall/ufw.go:109.64,112.45 2 1
coovachilli-go/pkg/firewall/ufw.go:112.45,115.3 1 0
coovachilli-go/pkg/firewall/ufw.go:116.2,117.12 2 1
coovachilli-go/pkg/firewall/ufw.go:121.68,123.60 1 0
coovachilli-go/pkg/firewall/ufw.go:123.60,125.3 1 0
coovachilli-go/pkg/firewall/ufw.go:126.2,127.12 2 0
coovachilli-go/pkg/firewall/ufw.go:131.61,132.58 1 0
coovachilli-go/pkg/firewall/ufw.go:132.58,134.3 1 0
coovachilli-go/pkg/firewall/ufw.go:135.2,136.12 2 0
coovachilli-go/pkg/firewall/ufw.go:140.67,144.42 2 0
coovachilli-go/pkg/firewall/ufw.go:144.42,146.3 1 0
coovachilli-go/pkg/firewall/ufw.go:147.2,147.44 1 0
coovachilli-go/pkg/firewall/ufw.go:147.44,149.3 1 0
coovachilli-go/pkg/firewall/ufw.go:152.2,155.42 2 0
coovachilli-go/pkg/firewall/ufw.go:155.42,157.3 1 0
coovachilli-go/pkg/firewall/ufw.go:158.2,158.44 1 0
coovachilli-go/pkg/firewall/ufw.go:158.44,160.3 1 0
coovachilli-go/pkg/firewall/ufw.go:162.2,163.12 2 0
coovachilli-go/pkg/firewall/ufw.go:166.33,171.25 3 0
coovachilli-go/pkg/firewall/ufw.go:171.25,173.3 1 0
coovachilli-go/pkg/firewall/ufw.go:176.2,176.42 1 0
coovachilli-go/pkg/firewall/ufw.go:176.42,178.3 1 0
coovachilli-go/pkg/firewall/ufw.go:179.2,179.44 1 0
coovachilli-go/pkg/firewall/ufw.go:179.44,181.3 1 0
coovachilli-go/pkg/firewall/ufw.go:184.2,186.180 2 0
coovachilli-go/pkg/firewall/ufw_config.go:26.67,32.2 1 9
coovachilli-go/pkg/firewall/ufw_config.go:35.58,38.16 3 3
coovachilli-go/pkg/firewall/ufw_config.go:38.16,39.25 1 0
coovachilli-go/pkg/firewall/ufw_config.go:39.25,42.4 2 0
coovachilli-go/pkg/firewall/ufw_config.go:43.3,43.65 1 0
coovachilli-go/pkg/firewall/ufw_config.go:46.2,49.29 4 3
coovachilli-go/pkg/firewall/ufw_config.go:49.29,51.55 2 3
coovachilli-go/pkg/firewall/ufw_config.go:51.55,52.43 1 2
coovachilli-go/pkg/firewall/ufw_config.go:52.43,56.5 3 1
coovachilli-go/pkg/firewall/ufw_config.go:57.4,58.9 2 2
coovachilli-go/pkg/firewall/ufw_config.go:62.2,62.12 1 3
coovachilli-go/pkg/firewall/ufw_config.go:62.12,66.3 3 1
coovachilli-go/pkg/firewall/ufw_config.go:68.2,68.14 1 3
coovachilli-go/pkg/firewall/ufw_config.go:68.14,71.78 3 2
coovachilli-go/pkg/firewall/ufw_config.go:71.78,73.4 1 0
coovachilli-go/pkg/firewall/ufw_config.go:74.8,76.3 1 1
coovachilli-go/pkg/firewall/ufw_config.go:78.2,78.12 1 3
coovachilli-go/pkg/firewall/ufw_config.go:82.86,84.33 2 3
coovachilli-go/pkg/firewall/ufw_config.go:84.33,87.3 2 0
coovachilli-go/pkg/firewall/ufw_config.go:89.2,90.16 2 3
coovachilli-go/pkg/firewall/ufw_config.go:90.16,91.25 1 0
coovachilli-go/pkg/firewall/ufw_config.go:91.25,94.4 2 0
coovachilli-go/pkg/firewall/ufw_config.go:95.3,95.66 1 0
coovachilli-go/pkg/firewall/ufw_config.go:98.2,99.53 2 3
coovachilli-go/pkg/firewall/ufw_config.go:99.53,102.3 2 1
coovachilli-go/pkg/firewall/ufw_config.go:104.2,105.46 2 2
coovachilli-go/pkg/firewall/ufw_config.go:105.46,107.3 1 1
coovachilli-go/pkg/firewall/ufw_config.go:108.2,108.53 1 1
coovachilli-go/pkg/firewall/ufw_config.go:111.75,115.26 4 1
coovachilli-go/pkg/firewall/ufw_config.go:115.26,117.3 1 0
coovachilli-go/pkg/firewall/ufw_config.go:119.2,131.68 11 1
coovachilli-go/pkg/firewall/ufw_config.go:134.81,141.23 6 1
coovachilli-go/pkg/firewall/ufw_config.go:141.23,143.3 1 0
coovachilli-go/pkg/firewall/ufw_config.go:145.2,153.68 7 1
coovachilli-go/pkg/firewall/ufw_config.go:156.96,159.71 3 2
coovachilli-go/pkg/firewall/ufw_config.go:159.71,161.3 1 0
coovachilli-go/pkg/firewall/ufw_config.go:162.2,162.44 1 2
coovachilli-go/pkg/eapol/crypto.go:13.70,16.38 3 3
coovachilli-go/pkg/eapol/crypto.go:16.38,19.3 2 3
coovachilli-go/pkg/eapol/crypto.go:19.8,22.3 2 0
coovachilli-go/pkg/eapol/crypto.go:23.2,23.39 1 3
coovachilli-go/pkg/eapol/crypto.go:23.39,26.3 2 1
coovachilli-go/pkg/eapol/crypto.go:26.8,29.3 2 2
coovachilli-go/pkg/eapol/crypto.go:30.2,32.24 3 3
coovachilli-go/pkg/eapol/crypto.go:32.24,39.3 6 12
coovachilli-go/pkg/eapol/crypto.go:40.2,40.17 1 3
coovachilli-go/pkg/eapol/crypto.go:44.50,48.2 3 8
coovachilli-go/pkg/eapol/crypto.go:51.54,58.30 3 4
coovachilli-go/pkg/eapol/crypto.go:58.30,60.3 1 0
coovachilli-go/pkg/eapol/crypto.go:61.2,68.52 7 4
coovachilli-go/pkg/eapol/crypto.go:73.104,74.35 1 2
coovachilli-go/pkg/eapol/crypto.go:74.35,76.3 1 0
coovachilli-go/pkg/eapol/crypto.go:77.2,79.57 3 2
coovachilli-go/pkg/eapol/crypto.go:79.57,81.3 1 0
coovachilli-go/pkg/eapol/crypto.go:82.2,84.26 3 2
coovachilli-go/pkg/eapol/crypto.go:84.26,86.3 1 32
coovachilli-go/pkg/eapol/crypto.go:87.2,87.46 1 2
coovachilli-go/pkg/eapol/crypto.go:87.46,89.27 2 3
coovachilli-go/pkg/eapol/crypto.go:89.27,91.4 1 48
coovachilli-go/pkg/eapol/crypto.go:93.2,95.37 3 2
coovachilli-go/pkg/eapol/crypto.go:95.37,97.3 1 0
coovachilli-go/pkg/eapol/crypto.go:98.2,98.43 1 2
coovachilli-go/pkg/eapol/eapol.go:41.84,49.102 4 0
coovachilli-go/pkg/eapol/eapol.go:49.102,51.3 1 0
coovachilli-go/pkg/eapol/eapol.go:52.2,52.46 1 0
coovachilli-go/pkg/eapol/eapol.go:55.166,65.2 2 3
coovachilli-go/pkg/eapol/eapol.go:67.56,69.21 2 3
coovachilli-go/pkg/eapol/eapol.go:69.21,71.3 1 0
coovachilli-go/pkg/eapol/eapol.go:72.2,75.23 3 3
coovachilli-go/pkg/eapol/eapol.go:75.23,77.3 1 0
coovachilli-go/pkg/eapol/eapol.go:78.2,81.9 3 3
coovachilli-go/pkg/eapol/eapol.go:81.9,83.3 1 1
coovachilli-go/pkg/eapol/eapol.go:85.2,85.20 1 3
coovachilli-go/pkg/eapol/eapol.go:86.29,88.36 2 1
coovachilli-go/pkg/eapol/eapol.go:89.27,90.31 1 0
coovachilli-go/pkg/eapol/eapol.go:91.20,94.22 3 2
coovachilli-go/pkg/eapol/eapol.go:94.22,101.18 6 2
coovachilli-go/pkg/eapol/eapol.go:101.18,104.5 2 0
coovachilli-go/pkg/eapol/eapol.go:105.4,106.57 2 2
coovachilli-go/pkg/eapol/eapol.go:107.9,109.4 1 0
coovachilli-go/pkg/eapol/eapol.go:113.65,126.2 6 1
coovachilli-go/pkg/eapol/eapol.go:128.76,130.21 2 0
coovachilli-go/pkg/eapol/eapol.go:130.21,132.3 1 0
coovachilli-go/pkg/eapol/eapol.go:133.2,138.40 5 0
coovachilli-go/pkg/eapol/eapol.go:138.40,141.3 2 0
coovachilli-go/pkg/eapol/eapol.go:142.2,145.16 3 0
coovachilli-go/pkg/eapol/eapol.go:145.16,148.3 2 0
coovachilli-go/pkg/eapol/eapol.go:150.2,150.25 1 0
coovachilli-go/pkg/eapol/eapol.go:151.39,152.47 1 0
coovachilli-go/pkg/eapol/eapol.go:153.36,154.66 1 0
coovachilli-go/pkg/eapol/eapol.go:155.36,156.44 1 0
coovachilli-go/pkg/eapol/eapol.go:160.96,162.23 2 0
coovachilli-go/pkg/eapol/eapol.go:162.23,164.3 1 0
coovachilli-go/pkg/eapol/eapol.go:165.2,165.58 1 0
coovachilli-go/pkg/eapol/eapol.go:165.58,169.3 3 0
coovachilli-go/pkg/eapol/eapol.go:170.2,170.46 1 0
coovachilli-go/pkg/eapol/eapol.go:173.122,178.78 4 1
coovachilli-go/pkg/eapol/eapol.go:178.78,179.55 1 1
coovachilli-go/pkg/eapol/eapol.go:179.55,181.18 2 1
coovachilli-go/pkg/eapol/eapol.go:181.18,183.5 1 1
coovachilli-go/pkg/eapol/eapol.go:183.10,185.5 1 0
coovachilli-go/pkg/eapol/eapol.go:186.4,186.14 1 1
coovachilli-go/pkg/eapol/eapol.go:189.2,189.16 1 1
coovachilli-go/pkg/eapol/eapol.go:189.16,191.3 1 1
coovachilli-go/pkg/eapol/eapol.go:192.2,194.73 2 1
coovachilli-go/pkg/eapol/eapol.go:194.73,196.3 1 0
coovachilli-go/pkg/eapol/eapol.go:196.8,198.3 1 1
coovachilli-go/pkg/eapol/eapol.go:200.2,200.16 1 1
coovachilli-go/pkg/eapol/eapol.go:200.16,202.3 1 1
coovachilli-go/pkg/eapol/eapol.go:205.93,206.73 1 0
coovachilli-go/pkg/eapol/eapol.go:206.73,208.3 1 0
coovachilli-go/pkg/eapol/eapol.go:208.8,210.3 1 0
coovachilli-go/pkg/eapol/eapol.go:211.2,211.29 1 0
coovachilli-go/pkg/eapol/eapol.go:214.57,232.2 9 2
coovachilli-go/pkg/eapol/eapol.go:241.126,244.53 2 2
coovachilli-go/pkg/eapol/eapol.go:244.53,248.3 3 0
coovachilli-go/pkg/eapol/eapol.go:250.2,250.38 1 2
coovachilli-go/pkg/eapol/eapol.go:251.30,256.53 4 1
coovachilli-go/pkg/eapol/eapol.go:256.53,260.4 3 0
coovachilli-go/pkg/eapol/eapol.go:262.3,277.17 5 1
coovachilli-go/pkg/eapol/eapol.go:277.17,281.4 3 0
coovachilli-go/pkg/eapol/eapol.go:282.3,286.34 4 1
coovachilli-go/pkg/eapol/eapol.go:288.30,290.53 2 1
coovachilli-go/pkg/eapol/eapol.go:290.53,294.4 3 0
coovachilli-go/pkg/eapol/eapol.go:295.3,297.19 3 1
coovachilli-go/pkg/eapol/eapol.go:298.10,299.19 1 0
coovachilli-go/pkg/eapol/eapol.go:303.90,311.16 7 3
coovachilli-go/pkg/eapol/eapol.go:311.16,313.3 1 0
coovachilli-go/pkg/eapol/eapol.go:314.2,314.44 1 3
coovachilli-go/pkg/eapol/eapol.go:317.79,322.16 5 3
coovachilli-go/pkg/eapol/eapol.go:322.16,325.3 2 0
coovachilli-go/pkg/eapol/eapol.go:326.2,326.64 1 3
coovachilli-go/pkg/eapol/eapol.go:326.64,328.3 1 0
coovachilli-go/pkg/eapol/eapol.go:331.69,347.16 13 2
coovachilli-go/pkg/eapol/eapol.go:347.16,350.3 2 0
coovachilli-go/pkg/eapol/eapol.go:351.2,351.64 1 2
coovachilli-go/pkg/eapol/eapol.go:351.64,353.3 1 0
coovachilli-go/pkg/eapol/eapol.go:356.78,361.16 5 0
coovachilli-go/pkg/eapol/eapol.go:361.16,364.3 2 0
coovachilli-go/pkg/eapol/eapol.go:365.2,365.64 1 0
coovachilli-go/pkg/eapol/eapol.go:365.64,367.3 1 0
coovachilli-go/pkg/eapol/eapol.go:370.59,372.39 2 0
coovachilli-go/pkg/eapol/eapol.go:372.39,374.3 1 0
coovachilli-go/pkg/eapol/eapol.go:375.2,375.68 1 0
coovachilli-go/pkg/eapol/eapol.go:375.68,377.3 1 0
coovachilli-go/pkg/eapol/eapol.go:378.2,378.70 1 0
coovachilli-go/pkg/garden/garden.go:31.108,43.2 3 3
coovachilli-go/pkg/garden/garden.go:49.26,53.12 3 0
coovachilli-go/pkg/garden/garden.go:53.12,58.7 3 0
coovachilli-go/pkg/garden/garden.go:58.7,59.11 1 0
coovachilli-go/pkg/garden/garden.go:60.20,61.31 1 0
coovachilli-go/pkg/garden/garden.go:62.24,64.11 2 0
coovachilli-go/pkg/garden/garden.go:71.25,73.2 1 0
coovachilli-go/pkg/garden/garden.go:77.33,82.48 3 1
coovachilli-go/pkg/garden/garden.go:82.48,84.62 2 1
coovachilli-go/pkg/garden/garden.go:84.62,86.4 1 0
coovachilli-go/pkg/garden/garden.go:90.2,90.34 1 1
coovachilli-go/pkg/garden/garden.go:94.43,98.2 3 0
coovachilli-go/pkg/garden/garden.go:101.49,102.49 1 1
coovachilli-go/pkg/garden/garden.go:102.49,104.37 1 1
coovachilli-go/pkg/garden/garden.go:104.37,105.12 1 0
coovachilli-go/pkg/garden/garden.go:108.3,110.17 3 1
coovachilli-go/pkg/garden/garden.go:110.17,112.12 2 0
coovachilli-go/pkg/garden/garden.go:115.3,115.26 1 1
coovachilli-go/pkg/garden/garden.go:115.26,116.46 1 4
coovachilli-go/pkg/garden/garden.go:116.46,118.54 2 4
coovachilli-go/pkg/garden/garden.go:118.54,120.6 1 0
coovachilli-go/pkg/garden/garden.go:120.11,122.6 1 4
coovachilli-go/pkg/garden/garden.go:131.65,132.32 1 4
coovachilli-go/pkg/garden/garden.go:132.32,134.3 1 1
coovachilli-go/pkg/garden/garden.go:136.2,139.25 3 3
coovachilli-go/pkg/garden/garden.go:139.25,141.48 2 3
coovachilli-go/pkg/garden/garden.go:141.48,143.56 2 2
coovachilli-go/pkg/garden/garden.go:143.56,145.5 1 0
coovachilli-go/pkg/garden/garden.go:145.10,147.5 1 2
coovachilli-go/pkg/garden/garden.go:154.54,158.47 3 12
coovachilli-go/pkg/garden/garden.go:158.47,159.39 1 25
coovachilli-go/pkg/garden/garden.go:159.39,161.41 2 9
coovachilli-go/pkg/garden/garden.go:161.41,163.5 1 4
coovachilli-go/pkg/garden/garden.go:164.9,164.31 1 16
coovachilli-go/pkg/garden/garden.go:164.31,166.4 1 4
coovachilli-go/pkg/garden/garden.go:168.2,168.14 1 4
coovachilli-go/pkg/metrics/metrics.go:42.33,44.2 1 0
coovachilli-go/pkg/metrics/metrics.go:47.64,47.65 0 0
coovachilli-go/pkg/metrics/metrics.go:50.81,50.82 0 0
coovachilli-go/pkg/metrics/metrics.go:53.77,53.78 0 0
coovachilli-go/pkg/metrics/metrics.go:56.62,56.63 0 0
coovachilli-go/pkg/metrics/metrics.go:59.62,59.63 0 0
coovachilli-go/pkg/metrics/metrics.go:62.85,62.86 0 0
coovachilli-go/pkg/metrics/metrics.go:65.47,67.2 1 0
coovachilli-go/pkg/metrics/prometheus.go:24.39,31.2 1 0
coovachilli-go/pkg/metrics/prometheus.go:34.51,36.24 2 0
coovachilli-go/pkg/metrics/prometheus.go:36.24,38.3 1 0
coovachilli-go/pkg/metrics/prometheus.go:39.2,40.45 2 0
coovachilli-go/pkg/metrics/prometheus.go:44.69,46.2 1 0
coovachilli-go/pkg/metrics/prometheus.go:49.86,51.2 1 0
coovachilli-go/pkg/metrics/prometheus.go:54.82,56.2 1 0
coovachilli-go/pkg/metrics/prometheus.go:59.67,61.2 1 0
coovachilli-go/pkg/metrics/prometheus.go:64.67,66.2 1 0
coovachilli-go/pkg/metrics/prometheus.go:69.90,71.2 1 0
coovachilli-go/pkg/metrics/prometheus.go:74.53,76.2 1 0
coovachilli-go/pkg/metrics/prometheus.go:79.92,84.8 5 0
coovachilli-go/pkg/metrics/prometheus.go:84.8,86.3 1 0
coovachilli-go/pkg/metrics/prometheus.go:88.2,91.34 3 0
coovachilli-go/pkg/metrics/prometheus.go:91.34,93.3 1 0
coovachilli-go/pkg/metrics/prometheus.go:95.2,96.24 2 0
coovachilli-go/pkg/metrics/prometheus.go:96.24,98.3 1 0
coovachilli-go/pkg/metrics/prometheus.go:100.2,103.10 4 0
coovachilli-go/pkg/metrics/prometheus.go:107.88,112.8 5 0
coovachilli-go/pkg/metrics/prometheus.go:112.8,114.3 1 0
coovachilli-go/pkg/metrics/prometheus.go:116.2,118.32 3 0
coovachilli-go/pkg/metrics/prometheus.go:118.32,120.3 1 0
coovachilli-go/pkg/metrics/prometheus.go:122.2,123.24 2 0
coovachilli-go/pkg/metrics/prometheus.go:123.24,125.3 1 0
coovachilli-go/pkg/metrics/prometheus.go:127.2,130.10 4 0
coovachilli-go/pkg/metrics/prometheus.go:134.96,139.8 5 0
coovachilli-go/pkg/metrics/prometheus.go:139.8,141.3 1 0
coovachilli-go/pkg/metrics/prometheus.go:143.2,145.36 3 0
coovachilli-go/pkg/metrics/prometheus.go:145.36,147.3 1 0
coovachilli-go/pkg/metrics/prometheus.go:149.2,150.24 2 0
coovachilli-go/pkg/metrics/prometheus.go:150.24,152.3 1 0
coovachilli-go/pkg/metrics/prometheus.go:154.2,157.10 4 0
coovachilli-go/pkg/script/script.go:22.67,27.2 1 0
coovachilli-go/pkg/script/script.go:30.67,32.2 1 0
coovachilli-go/pkg/script/script.go:35.58,36.17 1 0
coovachilli-go/pkg/script/script.go:36.17,38.3 1 0
coovachilli-go/pkg/script/script.go:39.2,39.54 1 0
coovachilli-go/pkg/script/script.go:43.79,88.33 31 0
coovachilli-go/pkg/script/script.go:88.33,90.3 1 0
coovachilli-go/pkg/script/script.go:91.2,91.32 1 0
coovachilli-go/pkg/script/script.go:91.32,93.3 1 0
coovachilli-go/pkg/script/script.go:94.2,98.24 3 0
coovachilli-go/pkg/script/script.go:98.24,100.3 1 0
coovachilli-go/pkg/script/script.go:102.2,102.12 1 0
coovachilli-go/pkg/script/script.go:106.90,107.22 1 0
coovachilli-go/pkg/script/script.go:107.22,109.3 1 0
coovachilli-go/pkg/script/script.go:111.2,116.12 4 0
coovachilli-go/pkg/script/script.go:116.12,118.17 2 0
coovachilli-go/pkg/script/script.go:118.17,121.4 2 0
coovachilli-go/pkg/script/script.go:122.3,122.105 1 0
coovachilli-go/pkg/icmpv6/radvert.go:15.87,74.78 29 0
coovachilli-go/pkg/icmpv6/radvert.go:74.78,76.3 1 0
coovachilli-go/pkg/icmpv6/radvert.go:78.2,78.25 1 0
coovachilli-go/pkg/http/middleware.go:23.99,31.2 1 0
coovachilli-go/pkg/http/middleware.go:34.76,39.13 4 0
coovachilli-go/pkg/http/middleware.go:39.13,42.3 2 0
coovachilli-go/pkg/http/middleware.go:43.2,43.16 1 0
coovachilli-go/pkg/http/middleware.go:47.77,48.71 1 0
coovachilli-go/pkg/http/middleware.go:48.71,49.18 1 0
coovachilli-go/pkg/http/middleware.go:49.18,52.4 2 0
coovachilli-go/pkg/http/middleware.go:54.3,55.17 2 0
coovachilli-go/pkg/http/middleware.go:55.17,59.4 3 0
coovachilli-go/pkg/http/middleware.go:61.3,62.23 2 0
coovachilli-go/pkg/http/middleware.go:62.23,66.4 3 0
coovachilli-go/pkg/http/middleware.go:68.3,68.23 1 0
coovachilli-go/pkg/http/server.go:70.187,71.21 1 7
coovachilli-go/pkg/http/server.go:71.21,73.3 1 7
coovachilli-go/pkg/http/server.go:74.2,81.3 1 7
coovachilli-go/pkg/http/server.go:85.26,122.49 17 0
coovachilli-go/pkg/http/server.go:122.49,125.3 2 0
coovachilli-go/pkg/http/server.go:125.8,128.3 2 0
coovachilli-go/pkg/http/server.go:130.2,130.47 1 0
coovachilli-go/pkg/http/server.go:130.47,132.3 1 0
coovachilli-go/pkg/http/server.go:137.71,139.16 2 0
coovachilli-go/pkg/http/server.go:139.16,141.34 2 0
coovachilli-go/pkg/http/server.go:141.34,145.4 3 0
coovachilli-go/pkg/http/server.go:148.2,148.26 1 0
coovachilli-go/pkg/http/server.go:151.70,152.33 1 0
coovachilli-go/pkg/http/server.go:152.33,155.3 2 0
coovachilli-go/pkg/http/server.go:157.2,157.38 1 0
coovachilli-go/pkg/http/server.go:157.38,160.3 2 0
coovachilli-go/pkg/http/server.go:162.2,168.16 5 0
coovachilli-go/pkg/http/server.go:168.16,171.3 2 0
coovachilli-go/pkg/http/server.go:172.2,175.9 3 0
coovachilli-go/pkg/http/server.go:175.9,178.3 2 0
coovachilli-go/pkg/http/server.go:180.2,191.9 9 0
coovachilli-go/pkg/http/server.go:192.38,195.13 3 0
coovachilli-go/pkg/http/server.go:195.13,200.18 4 0
coovachilli-go/pkg/http/server.go:200.18,204.5 3 0
coovachilli-go/pkg/http/server.go:206.4,219.52 6 0
coovachilli-go/pkg/http/server.go:220.9,225.4 4 0
coovachilli-go/pkg/http/server.go:226.38,231.71 5 0
coovachilli-go/pkg/http/server.go:235.54,237.40 2 0
coovachilli-go/pkg/http/server.go:237.40,239.3 1 0
coovachilli-go/pkg/http/server.go:240.2,240.35 1 0
coovachilli-go/pkg/http/server.go:243.71,245.16 2 1
coovachilli-go/pkg/http/server.go:245.16,248.3 2 0
coovachilli-go/pkg/http/server.go:249.2,252.9 3 1
coovachilli-go/pkg/http/server.go:252.9,255.3 2 0
coovachilli-go/pkg/http/server.go:257.2,268.27 5 1
coovachilli-go/pkg/http/server.go:271.71,272.33 1 1
coovachilli-go/pkg/http/server.go:272.33,275.3 2 0
coovachilli-go/pkg/http/server.go:277.2,278.16 2 1
coovachilli-go/pkg/http/server.go:278.16,281.3 2 0
coovachilli-go/pkg/http/server.go:282.2,285.9 3 1
coovachilli-go/pkg/http/server.go:285.9,288.3 2 0
coovachilli-go/pkg/http/server.go:290.2,292.53 2 1
coovachilli-go/pkg/http/server.go:307.74,309.16 2 1
coovachilli-go/pkg/http/server.go:309.16,312.3 2 0
coovachilli-go/pkg/http/server.go:313.2,316.9 3 1
coovachilli-go/pkg/http/server.go:316.9,319.3 2 0
coovachilli-go/pkg/http/server.go:321.2,335.33 5 1
coovachilli-go/pkg/http/server.go:343.73,344.33 1 0
coovachilli-go/pkg/http/server.go:344.33,347.3 2 0
coovachilli-go/pkg/http/server.go:349.2,350.61 2 0
coovachilli-go/pkg/http/server.go:350.61,353.3 2 0
coovachilli-go/pkg/http/server.go:355.2,358.16 3 0
coovachilli-go/pkg/http/server.go:358.16,361.3 2 0
coovachilli-go/pkg/http/server.go:362.2,365.9 3 0
coovachilli-go/pkg/http/server.go:365.9,368.3 2 0
coovachilli-go/pkg/http/server.go:370.2,382.9 10 0
coovachilli-go/pkg/http/server.go:383.38,387.13 3 0
coovachilli-go/pkg/http/server.go:387.13,392.18 4 0
coovachilli-go/pkg/http/server.go:392.18,396.5 3 0
coovachilli-go/pkg/http/server.go:398.4,411.45 7 0
coovachilli-go/pkg/http/server.go:412.9,417.4 4 0
coovachilli-go/pkg/http/server.go:418.38,424.59 6 0
coovachilli-go/pkg/http/server.go:428.74,429.33 1 1
coovachilli-go/pkg/http/server.go:429.33,432.3 2 0
coovachilli-go/pkg/http/server.go:434.2,435.16 2 1
coovachilli-go/pkg/http/server.go:435.16,438.3 2 0
coovachilli-go/pkg/http/server.go:440.2,441.9 2 1
coovachilli-go/pkg/http/server.go:441.9,444.3 2 0
coovachilli-go/pkg/http/server.go:446.2,460.46 5 1
coovachilli-go/pkg/http/server.go:482.49,483.47 1 31
coovachilli-go/pkg/http/server.go:483.47,485.3 1 2
coovachilli-go/pkg/http/server.go:487.2,489.45 1 29
coovachilli-go/pkg/http/server.go:489.45,491.3 1 10
coovachilli-go/pkg/http/server.go:493.2,493.34 1 19
coovachilli-go/pkg/http/server.go:493.34,497.41 1 158
coovachilli-go/pkg/http/server.go:497.41,499.4 1 12
coovachilli-go/pkg/http/server.go:501.2,501.13 1 7
coovachilli-go/pkg/http/server.go:504.76,506.20 2 9
coovachilli-go/pkg/http/server.go:506.20,509.3 2 1
coovachilli-go/pkg/http/server.go:512.2,512.37 1 8
coovachilli-go/pkg/http/server.go:512.37,516.3 3 7
coovachilli-go/pkg/http/server.go:518.2,519.16 2 1
coovachilli-go/pkg/http/server.go:519.16,521.3 1 0
coovachilli-go/pkg/http/server.go:522.2,527.35 4 1
coovachilli-go/pkg/http/server.go:527.35,531.3 1 0
coovachilli-go/pkg/http/server.go:531.8,544.3 3 1
coovachilli-go/pkg/http/server.go:546.2,547.16 2 1
coovachilli-go/pkg/http/server.go:547.16,550.3 2 0
coovachilli-go/pkg/http/server.go:552.2,553.56 2 1
coovachilli-go/pkg/http/server.go:558.70,560.16 2 0
coovachilli-go/pkg/http/server.go:560.16,562.3 1 0
coovachilli-go/pkg/http/server.go:563.2,572.20 6 0
coovachilli-go/pkg/http/server.go:572.20,576.3 2 0
coovachilli-go/pkg/http/server.go:579.2,581.16 3 0
coovachilli-go/pkg/http/server.go:581.16,585.3 3 0
coovachilli-go/pkg/http/server.go:587.2,588.24 2 0
coovachilli-go/pkg/http/server.go:591.75,592.33 1 0
coovachilli-go/pkg/http/server.go:592.33,595.3 2 0
coovachilli-go/pkg/http/server.go:597.2,597.38 1 0
coovachilli-go/pkg/http/server.go:597.38,600.3 2 0
coovachilli-go/pkg/http/server.go:602.2,605.38 3 0
coovachilli-go/pkg/http/server.go:605.38,611.3 5 0
coovachilli-go/pkg/http/server.go:613.2,616.16 3 0
coovachilli-go/pkg/http/server.go:616.16,618.3 1 0
coovachilli-go/pkg/http/server.go:619.2,622.9 3 0
coovachilli-go/pkg/http/server.go:622.9,628.3 5 0
coovachilli-go/pkg/http/server.go:630.2,642.9 10 0
coovachilli-go/pkg/http/server.go:643.38,647.13 3 0
coovachilli-go/pkg/http/server.go:647.13,652.18 4 0
coovachilli-go/pkg/http/server.go:652.18,656.5 3 0
coovachilli-go/pkg/http/server.go:658.4,659.26 2 0
coovachilli-go/pkg/http/server.go:660.9,667.4 5 0
coovachilli-go/pkg/http/server.go:668.38,676.25 7 0
coovachilli-go/pkg/wispr/wispr.go:31.109,33.18 2 0
coovachilli-go/pkg/wispr/wispr.go:33.18,36.3 1 0
coovachilli-go/pkg/wispr/wispr.go:38.2,50.69 2 0
coovachilli-go/pkg/wispr/wispr.go:50.69,56.3 5 0
coovachilli-go/pkg/wispr/wispr.go:58.2,59.16 2 0
coovachilli-go/pkg/wispr/wispr.go:59.16,61.3 1 0
coovachilli-go/pkg/wispr/wispr.go:63.2,63.41 1 0
coovachilli-go/pkg/wispr/wispr.go:90.122,92.18 2 0
coovachilli-go/pkg/wispr/wispr.go:92.18,94.3 1 0
coovachilli-go/pkg/wispr/wispr.go:96.2,98.13 3 0
coovachilli-go/pkg/wispr/wispr.go:98.13,100.20 2 0
coovachilli-go/pkg/wispr/wispr.go:100.20,102.4 1 0
coovachilli-go/pkg/wispr/wispr.go:103.8,104.20 1 0
coovachilli-go/pkg/wispr/wispr.go:104.20,106.4 1 0
coovachilli-go/pkg/wispr/wispr.go:109.2,117.31 2 0
coovachilli-go/pkg/wispr/wispr.go:117.31,126.3 8 0
coovachilli-go/pkg/wispr/wispr.go:128.2,135.16 3 0
coovachilli-go/pkg/wispr/wispr.go:135.16,137.3 1 0
coovachilli-go/pkg/wispr/wispr.go:139.2,139.41 1 0
coovachilli-go/pkg/wispr/wispr.go:143.55,146.18 1 0
coovachilli-go/pkg/wispr/wispr.go:146.18,148.89 1 0
coovachilli-go/pkg/wispr/wispr.go:148.89,150.4 1 0
coovachilli-go/pkg/wispr/wispr.go:154.2,154.21 1 0
coovachilli-go/pkg/wispr/wispr.go:154.21,156.44 2 0
coovachilli-go/pkg/wispr/wispr.go:156.44,157.37 1 0
coovachilli-go/pkg/wispr/wispr.go:157.37,159.5 1 0
coovachilli-go/pkg/wispr/wispr.go:163.2,163.14 1 0
coovachilli-go/pkg/wispr/wispr.go:166.38,168.2 1 0
coovachilli-go/pkg/wispr/wispr.go:170.43,171.43 1 0
coovachilli-go/pkg/wispr/wispr.go:171.43,172.35 1 0
coovachilli-go/pkg/wispr/wispr.go:172.35,174.4 1 0
coovachilli-go/pkg/wispr/wispr.go:176.2,176.14 1 0
coovachilli-go/pkg/wispr/wispr.go:180.98,182.18 2 0
coovachilli-go/pkg/wispr/wispr.go:182.18,184.3 1 0
coovachilli-go/pkg/wispr/wispr.go:187.2,192.3 1 0
coovachilli-go/pkg/tun/tun.go:13.79,21.16 4 0
coovachilli-go/pkg/tun/tun.go:21.16,23.3 1 0
coovachilli-go/pkg/tun/tun.go:25.2,28.51 2 0
coovachilli-go/pkg/tun/tun.go:28.51,30.35 2 0
coovachilli-go/pkg/tun/tun.go:30.35,32.4 1 0
coovachilli-go/pkg/tun/tun.go:33.3,33.89 1 0
coovachilli-go/pkg/tun/tun.go:36.2,37.22 2 0
coovachilli-go/pkg/tun/tun.go:37.22,39.3 1 0
coovachilli-go/pkg/tun/tun.go:44.2,45.34 2 0
coovachilli-go/pkg/tun/tun.go:45.34,47.3 1 0
coovachilli-go/pkg/tun/tun.go:49.2,50.34 2 0
coovachilli-go/pkg/tun/tun.go:50.34,52.3 1 0
coovachilli-go/pkg/tun/tun.go:54.2,56.18 2 0
coovachilli-go/pkg/tun/tun.go:60.88,63.6 3 0
coovachilli-go/pkg/tun/tun.go:63.6,65.17 2 0
coovachilli-go/pkg/tun/tun.go:65.17,67.12 2 0
coovachilli-go/pkg/tun/tun.go:69.3,69.25 1 0
coovachilli-go/pkg/tun/tun.go:74.62,76.16 2 0
coovachilli-go/pkg/tun/tun.go:76.16,78.3 1 0
coovachilli-go/pkg/tun/tun.go:79.2,79.12 1 0
coovachilli-go/pkg/securestore/securestore.go:14.38,15.17 1 16
coovachilli-go/pkg/securestore/securestore.go:15.17,17.3 1 4
coovachilli-go/pkg/securestore/securestore.go:19.2,19.61 1 12
coovachilli-go/pkg/securestore/securestore.go:23.31,25.2 1 5
coovachilli-go/pkg/securestore/securestore.go:29.63,30.34 1 19
coovachilli-go/pkg/securestore/securestore.go:30.34,33.3 1 2
coovachilli-go/pkg/securestore/securestore.go:36.2,37.16 2 17
coovachilli-go/pkg/securestore/securestore.go:37.16,39.3 1 0
coovachilli-go/pkg/securestore/securestore.go:40.2,43.32 2 17
coovachilli-go/pkg/securestore/securestore.go:47.66,48.34 1 12
coovachilli-go/pkg/securestore/securestore.go:48.34,50.3 1 4
coovachilli-go/pkg/securestore/securestore.go:52.2,53.16 2 8
coovachilli-go/pkg/securestore/securestore.go:53.16,55.3 1 0
coovachilli-go/pkg/securestore/securestore.go:56.2,58.41 2 8
