mode: set
coovachilli-go/pkg/admin/dashboard.go:74.63,84.2 1 0
coovachilli-go/pkg/admin/dashboard.go:87.51,90.2 2 0
coovachilli-go/pkg/admin/dashboard.go:93.28,94.21 1 0
coovachilli-go/pkg/admin/dashboard.go:94.21,96.3 1 0
coovachilli-go/pkg/admin/dashboard.go:97.2,97.17 1 0
coovachilli-go/pkg/admin/dashboard.go:101.35,102.6 1 0
coovachilli-go/pkg/admin/dashboard.go:102.6,103.10 1 0
coovachilli-go/pkg/admin/dashboard.go:104.21,105.20 1 0
coovachilli-go/pkg/admin/dashboard.go:106.19,107.10 1 0
coovachilli-go/pkg/admin/dashboard.go:113.36,135.35 13 0
coovachilli-go/pkg/admin/dashboard.go:135.35,138.28 2 0
coovachilli-go/pkg/admin/dashboard.go:138.28,140.4 1 0
coovachilli-go/pkg/admin/dashboard.go:142.3,152.21 7 0
coovachilli-go/pkg/admin/dashboard.go:152.21,153.49 1 0
coovachilli-go/pkg/admin/dashboard.go:153.49,157.44 4 0
coovachilli-go/pkg/admin/dashboard.go:157.44,159.6 1 0
coovachilli-go/pkg/admin/dashboard.go:160.10,168.5 1 0
coovachilli-go/pkg/admin/dashboard.go:171.3,171.20 1 0
coovachilli-go/pkg/admin/dashboard.go:174.2,179.31 4 0
coovachilli-go/pkg/admin/dashboard.go:179.31,181.3 1 0
coovachilli-go/pkg/admin/dashboard.go:184.2,184.39 1 0
coovachilli-go/pkg/admin/dashboard.go:184.39,185.42 1 0
coovachilli-go/pkg/admin/dashboard.go:185.42,187.60 1 0
coovachilli-go/pkg/admin/dashboard.go:187.60,189.5 1 0
coovachilli-go/pkg/admin/dashboard.go:194.2,194.24 1 0
coovachilli-go/pkg/admin/dashboard.go:194.24,196.3 1 0
coovachilli-go/pkg/admin/dashboard.go:197.2,197.29 1 0
coovachilli-go/pkg/admin/dashboard.go:201.47,210.45 5 0
coovachilli-go/pkg/admin/dashboard.go:210.45,212.3 1 0
coovachilli-go/pkg/admin/dashboard.go:215.2,218.14 3 0
coovachilli-go/pkg/admin/dashboard.go:222.92,229.2 5 0
coovachilli-go/pkg/admin/dashboard.go:232.64,238.2 4 0
coovachilli-go/pkg/admin/dashboard.go:241.46,246.2 3 0
coovachilli-go/pkg/admin/multisite.go:68.81,77.2 1 0
coovachilli-go/pkg/admin/multisite.go:80.56,84.19 3 0
coovachilli-go/pkg/admin/multisite.go:84.19,86.3 1 0
coovachilli-go/pkg/admin/multisite.go:88.2,95.12 3 0
coovachilli-go/pkg/admin/multisite.go:99.58,103.41 3 0
coovachilli-go/pkg/admin/multisite.go:103.41,105.3 1 0
coovachilli-go/pkg/admin/multisite.go:107.2,109.12 3 0
coovachilli-go/pkg/admin/multisite.go:113.64,118.13 4 0
coovachilli-go/pkg/admin/multisite.go:118.13,120.3 1 0
coovachilli-go/pkg/admin/multisite.go:122.2,122.18 1 0
coovachilli-go/pkg/admin/multisite.go:126.50,131.33 4 0
coovachilli-go/pkg/admin/multisite.go:131.33,133.3 1 0
coovachilli-go/pkg/admin/multisite.go:135.2,135.14 1 0
coovachilli-go/pkg/admin/multisite.go:139.65,141.16 2 0
coovachilli-go/pkg/admin/multisite.go:141.16,143.3 1 0
coovachilli-go/pkg/admin/multisite.go:146.2,156.16 8 0
coovachilli-go/pkg/admin/multisite.go:156.16,164.3 4 0
coovachilli-go/pkg/admin/multisite.go:166.2,171.12 5 0
coovachilli-go/pkg/admin/multisite.go:175.45,179.29 3 0
coovachilli-go/pkg/admin/multisite.go:179.29,181.26 2 0
coovachilli-go/pkg/admin/multisite.go:181.26,184.4 2 0
coovachilli-go/pkg/admin/multisite.go:187.2,187.11 1 0
coovachilli-go/pkg/admin/multisite.go:191.79,195.16 3 0
coovachilli-go/pkg/admin/multisite.go:195.16,197.3 1 0
coovachilli-go/pkg/admin/multisite.go:200.2,200.26 1 0
coovachilli-go/pkg/admin/multisite.go:200.26,202.3 1 0
coovachilli-go/pkg/admin/multisite.go:204.2,205.16 2 0
coovachilli-go/pkg/admin/multisite.go:205.16,207.3 1 0
coovachilli-go/pkg/admin/multisite.go:208.2,210.38 2 0
coovachilli-go/pkg/admin/multisite.go:210.38,213.3 2 0
coovachilli-go/pkg/admin/multisite.go:215.2,216.66 2 0
coovachilli-go/pkg/admin/multisite.go:216.66,218.3 1 0
coovachilli-go/pkg/admin/multisite.go:220.2,220.20 1 0
coovachilli-go/pkg/admin/multisite.go:224.74,237.33 11 0
coovachilli-go/pkg/admin/multisite.go:237.33,238.25 1 0
coovachilli-go/pkg/admin/multisite.go:238.25,240.4 1 0
coovachilli-go/pkg/admin/multisite.go:241.3,247.45 7 0
coovachilli-go/pkg/admin/multisite.go:250.2,261.3 1 0
coovachilli-go/pkg/admin/multisite.go:265.68,266.18 1 0
coovachilli-go/pkg/admin/multisite.go:266.18,269.3 2 0
coovachilli-go/pkg/admin/multisite.go:271.2,272.12 2 0
coovachilli-go/pkg/admin/multisite.go:272.12,273.22 1 0
coovachilli-go/pkg/admin/multisite.go:273.22,276.4 2 0
coovachilli-go/pkg/admin/multisite.go:281.41,283.2 1 0
coovachilli-go/pkg/admin/multisite.go:286.39,289.25 2 0
coovachilli-go/pkg/admin/multisite.go:289.25,290.81 1 0
coovachilli-go/pkg/admin/multisite.go:290.81,292.4 1 0
coovachilli-go/pkg/admin/multisite.go:292.9,292.22 1 0
coovachilli-go/pkg/admin/multisite.go:292.22,294.4 1 0
coovachilli-go/pkg/admin/multisite.go:296.2,296.15 1 0
coovachilli-go/pkg/admin/multisite.go:300.76,305.2 2 0
coovachilli-go/pkg/admin/policy.go:90.88,91.53 1 0
coovachilli-go/pkg/admin/policy.go:91.53,93.3 1 0
coovachilli-go/pkg/admin/policy.go:95.2,104.42 2 0
coovachilli-go/pkg/admin/policy.go:104.42,106.3 1 0
coovachilli-go/pkg/admin/policy.go:108.2,108.16 1 0
coovachilli-go/pkg/admin/policy.go:112.102,129.35 5 0
coovachilli-go/pkg/admin/policy.go:129.35,131.3 1 0
coovachilli-go/pkg/admin/policy.go:133.2,133.44 1 0
coovachilli-go/pkg/admin/policy.go:133.44,135.3 1 0
coovachilli-go/pkg/admin/policy.go:137.2,143.19 2 0
coovachilli-go/pkg/admin/policy.go:147.115,164.46 5 0
coovachilli-go/pkg/admin/policy.go:164.46,166.3 1 0
coovachilli-go/pkg/admin/policy.go:168.2,174.20 2 0
coovachilli-go/pkg/admin/policy.go:178.78,183.13 4 0
coovachilli-go/pkg/admin/policy.go:183.13,185.3 1 0
coovachilli-go/pkg/admin/policy.go:187.2,187.49 1 0
coovachilli-go/pkg/admin/policy.go:187.49,189.3 1 0
coovachilli-go/pkg/admin/policy.go:192.2,192.37 1 0
coovachilli-go/pkg/admin/policy.go:192.37,193.22 1 0
coovachilli-go/pkg/admin/policy.go:193.22,195.4 1 0
coovachilli-go/pkg/admin/policy.go:198.2,201.44 3 0
coovachilli-go/pkg/admin/policy.go:201.44,203.3 1 0
coovachilli-go/pkg/admin/policy.go:205.2,210.12 2 0
coovachilli-go/pkg/admin/policy.go:214.72,219.13 4 0
coovachilli-go/pkg/admin/policy.go:219.13,221.3 1 0
coovachilli-go/pkg/admin/policy.go:223.2,225.35 2 0
coovachilli-go/pkg/admin/policy.go:225.35,227.14 2 0
coovachilli-go/pkg/admin/policy.go:227.14,228.12 1 0
coovachilli-go/pkg/admin/policy.go:231.3,231.43 1 0
coovachilli-go/pkg/admin/policy.go:231.43,233.32 2 0
coovachilli-go/pkg/admin/policy.go:233.32,235.5 1 0
coovachilli-go/pkg/admin/policy.go:240.2,241.35 2 0
coovachilli-go/pkg/admin/policy.go:241.35,243.3 1 0
coovachilli-go/pkg/admin/policy.go:246.2,246.39 1 0
coovachilli-go/pkg/admin/policy.go:246.39,247.42 1 0
coovachilli-go/pkg/admin/policy.go:247.42,248.51 1 0
coovachilli-go/pkg/admin/policy.go:248.51,250.5 1 0
coovachilli-go/pkg/admin/policy.go:254.2,254.17 1 0
coovachilli-go/pkg/admin/policy.go:258.53,261.16 2 0
coovachilli-go/pkg/admin/policy.go:261.16,263.3 1 0
coovachilli-go/pkg/admin/policy.go:266.2,267.22 2 0
coovachilli-go/pkg/admin/policy.go:267.22,269.3 1 0
coovachilli-go/pkg/admin/policy.go:271.2,271.28 1 0
coovachilli-go/pkg/admin/policy.go:276.54,278.23 1 0
coovachilli-go/pkg/admin/policy.go:278.23,280.3 1 0
coovachilli-go/pkg/admin/policy.go:283.2,283.37 1 0
coovachilli-go/pkg/admin/policy.go:283.37,285.3 1 0
coovachilli-go/pkg/admin/policy.go:289.2,292.38 2 0
coovachilli-go/pkg/admin/policy.go:292.38,293.43 1 0
coovachilli-go/pkg/admin/policy.go:293.43,295.4 1 0
coovachilli-go/pkg/admin/policy.go:296.3,296.34 1 0
coovachilli-go/pkg/admin/policy.go:297.8,300.3 1 0
coovachilli-go/pkg/admin/policy.go:303.2,303.38 1 0
coovachilli-go/pkg/admin/policy.go:303.38,304.54 1 0
coovachilli-go/pkg/admin/policy.go:304.54,306.4 1 0
coovachilli-go/pkg/admin/policy.go:307.3,308.31 2 0
coovachilli-go/pkg/admin/policy.go:309.8,312.3 1 0
coovachilli-go/pkg/admin/policy.go:315.2,315.29 1 0
coovachilli-go/pkg/admin/policy.go:315.29,316.17 1 0
coovachilli-go/pkg/admin/policy.go:316.17,317.12 1 0
coovachilli-go/pkg/admin/policy.go:319.3,320.16 2 0
coovachilli-go/pkg/admin/policy.go:320.16,322.4 1 0
coovachilli-go/pkg/admin/policy.go:323.3,323.34 1 0
coovachilli-go/pkg/admin/policy.go:326.2,326.13 1 0
coovachilli-go/pkg/admin/policy.go:331.96,334.24 2 0
coovachilli-go/pkg/admin/policy.go:334.24,337.3 1 0
coovachilli-go/pkg/admin/policy.go:340.2,340.34 1 0
coovachilli-go/pkg/admin/policy.go:340.34,342.16 1 0
coovachilli-go/pkg/admin/policy.go:342.16,343.59 1 0
coovachilli-go/pkg/admin/policy.go:343.59,344.43 1 0
coovachilli-go/pkg/admin/policy.go:344.43,346.6 1 0
coovachilli-go/pkg/admin/policy.go:350.4,350.40 1 0
coovachilli-go/pkg/admin/policy.go:350.40,352.60 2 0
coovachilli-go/pkg/admin/policy.go:352.60,353.44 1 0
coovachilli-go/pkg/admin/policy.go:353.44,355.12 2 0
coovachilli-go/pkg/admin/policy.go:358.5,358.17 1 0
coovachilli-go/pkg/admin/policy.go:358.17,360.6 1 0
coovachilli-go/pkg/admin/policy.go:365.3,365.19 1 0
coovachilli-go/pkg/admin/policy.go:365.19,366.63 1 0
coovachilli-go/pkg/admin/policy.go:366.63,367.51 1 0
coovachilli-go/pkg/admin/policy.go:367.51,369.6 1 0
coovachilli-go/pkg/admin/policy.go:373.4,373.44 1 0
coovachilli-go/pkg/admin/policy.go:373.44,375.64 2 0
coovachilli-go/pkg/admin/policy.go:375.64,376.52 1 0
coovachilli-go/pkg/admin/policy.go:376.52,378.12 2 0
coovachilli-go/pkg/admin/policy.go:381.5,381.17 1 0
coovachilli-go/pkg/admin/policy.go:381.17,383.6 1 0
coovachilli-go/pkg/admin/policy.go:388.2,388.24 1 0
coovachilli-go/pkg/admin/policy.go:392.60,394.66 2 0
coovachilli-go/pkg/admin/policy.go:394.66,396.3 1 0
coovachilli-go/pkg/admin/policy.go:398.2,399.16 2 0
coovachilli-go/pkg/admin/policy.go:399.16,401.3 1 0
coovachilli-go/pkg/admin/policy.go:403.2,403.47 1 0
coovachilli-go/pkg/admin/policy.go:407.59,409.66 2 0
coovachilli-go/pkg/admin/policy.go:409.66,411.3 1 0
coovachilli-go/pkg/admin/policy.go:413.2,414.16 2 0
coovachilli-go/pkg/admin/policy.go:414.16,416.3 1 0
coovachilli-go/pkg/admin/policy.go:418.2,418.47 1 0
coovachilli-go/pkg/admin/policy.go:422.47,425.55 2 0
coovachilli-go/pkg/admin/policy.go:425.55,427.17 2 0
coovachilli-go/pkg/admin/policy.go:427.17,429.4 1 0
coovachilli-go/pkg/admin/policy.go:431.3,431.30 1 0
coovachilli-go/pkg/admin/policy.go:431.30,432.44 1 0
coovachilli-go/pkg/admin/policy.go:432.44,434.19 2 0
coovachilli-go/pkg/admin/policy.go:434.19,435.14 1 0
coovachilli-go/pkg/admin/policy.go:438.5,439.56 2 0
coovachilli-go/pkg/admin/policy.go:439.56,440.14 1 0
coovachilli-go/pkg/admin/policy.go:443.5,446.44 2 0
coovachilli-go/pkg/admin/policy.go:446.44,448.6 1 0
coovachilli-go/pkg/admin/policy.go:454.2,455.57 2 0
coovachilli-go/pkg/admin/policy.go:455.57,457.17 2 0
coovachilli-go/pkg/admin/policy.go:457.17,459.4 1 0
coovachilli-go/pkg/admin/policy.go:461.3,461.30 1 0
coovachilli-go/pkg/admin/policy.go:461.30,462.44 1 0
coovachilli-go/pkg/admin/policy.go:462.44,464.19 2 0
coovachilli-go/pkg/admin/policy.go:464.19,465.14 1 0
coovachilli-go/pkg/admin/policy.go:468.5,469.57 2 0
coovachilli-go/pkg/admin/policy.go:469.57,470.14 1 0
coovachilli-go/pkg/admin/policy.go:473.5,473.37 1 0
coovachilli-go/pkg/admin/policy.go:478.2,483.12 2 0
coovachilli-go/pkg/admin/policy.go:487.52,492.34 4 0
coovachilli-go/pkg/admin/policy.go:492.34,494.3 1 0
coovachilli-go/pkg/admin/policy.go:496.2,496.15 1 0
coovachilli-go/pkg/admin/policy.go:500.51,505.37 4 0
coovachilli-go/pkg/admin/policy.go:505.37,507.3 1 0
coovachilli-go/pkg/admin/policy.go:509.2,509.17 1 0
coovachilli-go/pkg/admin/policy.go:512.42,514.2 1 0
coovachilli-go/pkg/admin/policy.go:516.43,518.2 1 0
coovachilli-go/pkg/admin/ratelimit.go:22.57,31.2 1 0
coovachilli-go/pkg/admin/ratelimit.go:34.50,39.50 3 0
coovachilli-go/pkg/admin/ratelimit.go:39.50,40.37 1 0
coovachilli-go/pkg/admin/ratelimit.go:40.37,46.4 2 0
coovachilli-go/pkg/admin/ratelimit.go:48.3,49.59 2 0
coovachilli-go/pkg/admin/ratelimit.go:53.2,57.36 4 0
coovachilli-go/pkg/admin/ratelimit.go:57.36,58.22 1 0
coovachilli-go/pkg/admin/ratelimit.go:58.22,60.4 1 0
coovachilli-go/pkg/admin/ratelimit.go:63.2,66.42 2 0
coovachilli-go/pkg/admin/ratelimit.go:66.42,75.3 3 0
coovachilli-go/pkg/admin/ratelimit.go:77.2,77.13 1 0
coovachilli-go/pkg/admin/ratelimit.go:81.63,85.13 3 0
coovachilli-go/pkg/admin/ratelimit.go:85.13,92.3 4 0
coovachilli-go/pkg/admin/ratelimit.go:95.2,99.48 2 0
coovachilli-go/pkg/admin/ratelimit.go:103.60,109.41 4 0
coovachilli-go/pkg/admin/ratelimit.go:109.41,110.29 1 0
coovachilli-go/pkg/admin/ratelimit.go:110.29,112.4 1 0
coovachilli-go/pkg/admin/ratelimit.go:116.2,117.35 2 0
coovachilli-go/pkg/admin/ratelimit.go:117.35,119.3 1 0
coovachilli-go/pkg/admin/ratelimit.go:121.2,121.15 1 0
coovachilli-go/pkg/admin/ratelimit.go:125.34,129.21 3 0
coovachilli-go/pkg/admin/ratelimit.go:129.21,136.41 4 0
coovachilli-go/pkg/admin/ratelimit.go:136.41,138.31 2 0
coovachilli-go/pkg/admin/ratelimit.go:138.31,139.24 1 0
coovachilli-go/pkg/admin/ratelimit.go:139.24,141.6 1 0
coovachilli-go/pkg/admin/ratelimit.go:144.4,144.31 1 0
coovachilli-go/pkg/admin/ratelimit.go:144.31,146.5 1 0
coovachilli-go/pkg/admin/ratelimit.go:146.10,148.5 1 0
coovachilli-go/pkg/admin/ratelimit.go:152.3,152.42 1 0
coovachilli-go/pkg/admin/ratelimit.go:152.42,153.30 1 0
coovachilli-go/pkg/admin/ratelimit.go:153.30,155.5 1 0
coovachilli-go/pkg/admin/ratelimit.go:158.3,158.17 1 0
coovachilli-go/pkg/admin/server.go:29.11,40.2 3 0
coovachilli-go/pkg/admin/server.go:43.26,44.29 1 0
coovachilli-go/pkg/admin/server.go:44.29,47.3 2 0
coovachilli-go/pkg/admin/server.go:49.2,62.85 7 0
coovachilli-go/pkg/admin/server.go:62.85,64.3 1 0
coovachilli-go/pkg/admin/server.go:68.65,69.71 1 0
coovachilli-go/pkg/admin/server.go:69.71,72.21 2 0
coovachilli-go/pkg/admin/server.go:72.21,74.4 1 0
coovachilli-go/pkg/admin/server.go:77.3,77.41 1 0
coovachilli-go/pkg/admin/server.go:77.41,81.4 3 0
coovachilli-go/pkg/admin/server.go:83.3,83.74 1 0
coovachilli-go/pkg/admin/server.go:83.74,88.72 3 0
coovachilli-go/pkg/admin/server.go:88.72,90.31 2 0
coovachilli-go/pkg/admin/server.go:90.31,92.6 1 0
coovachilli-go/pkg/admin/server.go:93.5,93.15 1 0
coovachilli-go/pkg/admin/server.go:97.4,99.33 2 0
coovachilli-go/pkg/admin/server.go:99.33,103.5 3 0
coovachilli-go/pkg/admin/server.go:105.4,105.78 1 0
coovachilli-go/pkg/admin/server.go:107.3,107.23 1 0
coovachilli-go/pkg/admin/server.go:112.73,116.2 3 0
coovachilli-go/pkg/admin/server.go:119.75,120.33 1 0
coovachilli-go/pkg/admin/server.go:120.33,123.3 2 0
coovachilli-go/pkg/admin/server.go:125.2,126.14 2 0
coovachilli-go/pkg/admin/server.go:126.14,129.3 2 0
coovachilli-go/pkg/admin/server.go:132.2,133.35 2 0
coovachilli-go/pkg/admin/server.go:133.35,134.35 1 0
coovachilli-go/pkg/admin/server.go:134.35,139.4 4 0
coovachilli-go/pkg/admin/server.go:142.2,142.57 1 0
coovachilli-go/pkg/admin/server.go:146.70,153.2 3 0
coovachilli-go/pkg/admin/server.go:156.44,158.56 2 0
coovachilli-go/pkg/admin/server.go:158.56,159.46 1 0
coovachilli-go/pkg/admin/server.go:159.46,161.4 1 0
coovachilli-go/pkg/admin/server.go:163.2,163.14 1 0
coovachilli-go/pkg/admin/snapshot.go:42.91,43.55 1 0
coovachilli-go/pkg/admin/snapshot.go:43.55,45.3 1 0
coovachilli-go/pkg/admin/snapshot.go:47.2,54.51 2 0
coovachilli-go/pkg/admin/snapshot.go:54.51,56.3 1 0
coovachilli-go/pkg/admin/snapshot.go:59.2,59.43 1 0
coovachilli-go/pkg/admin/snapshot.go:59.43,61.3 1 0
coovachilli-go/pkg/admin/snapshot.go:63.2,63.16 1 0
coovachilli-go/pkg/admin/snapshot.go:67.58,71.55 2 0
coovachilli-go/pkg/admin/snapshot.go:71.55,74.3 2 0
coovachilli-go/pkg/admin/snapshot.go:77.2,78.42 2 0
coovachilli-go/pkg/admin/snapshot.go:78.42,80.3 1 0
coovachilli-go/pkg/admin/snapshot.go:83.2,83.61 1 0
coovachilli-go/pkg/admin/snapshot.go:83.61,85.3 1 0
coovachilli-go/pkg/admin/snapshot.go:87.2,88.12 2 0
coovachilli-go/pkg/admin/snapshot.go:92.50,94.16 2 0
coovachilli-go/pkg/admin/snapshot.go:94.16,96.3 1 0
coovachilli-go/pkg/admin/snapshot.go:98.2,98.29 1 0
coovachilli-go/pkg/admin/snapshot.go:98.29,99.43 1 0
coovachilli-go/pkg/admin/snapshot.go:99.43,102.18 3 0
coovachilli-go/pkg/admin/snapshot.go:102.18,103.13 1 0
coovachilli-go/pkg/admin/snapshot.go:106.4,107.58 2 0
coovachilli-go/pkg/admin/snapshot.go:107.58,108.13 1 0
coovachilli-go/pkg/admin/snapshot.go:111.4,111.41 1 0
coovachilli-go/pkg/admin/snapshot.go:115.2,115.12 1 0
coovachilli-go/pkg/admin/snapshot.go:119.88,125.16 4 0
coovachilli-go/pkg/admin/snapshot.go:125.16,127.3 1 0
coovachilli-go/pkg/admin/snapshot.go:130.2,147.50 4 0
coovachilli-go/pkg/admin/snapshot.go:147.50,149.3 1 0
coovachilli-go/pkg/admin/snapshot.go:151.2,152.22 2 0
coovachilli-go/pkg/admin/snapshot.go:156.70,161.13 4 0
coovachilli-go/pkg/admin/snapshot.go:161.13,163.3 1 0
coovachilli-go/pkg/admin/snapshot.go:165.2,165.22 1 0
coovachilli-go/pkg/admin/snapshot.go:169.56,174.40 4 0
coovachilli-go/pkg/admin/snapshot.go:174.40,176.3 1 0
coovachilli-go/pkg/admin/snapshot.go:179.2,179.44 1 0
coovachilli-go/pkg/admin/snapshot.go:179.44,181.3 1 0
coovachilli-go/pkg/admin/snapshot.go:183.2,183.18 1 0
coovachilli-go/pkg/admin/snapshot.go:187.80,192.13 4 0
coovachilli-go/pkg/admin/snapshot.go:192.13,194.3 1 0
coovachilli-go/pkg/admin/snapshot.go:197.2,197.30 1 0
coovachilli-go/pkg/admin/snapshot.go:197.30,199.73 2 0
coovachilli-go/pkg/admin/snapshot.go:199.73,201.4 1 0
coovachilli-go/pkg/admin/snapshot.go:202.8,205.43 2 0
coovachilli-go/pkg/admin/snapshot.go:205.43,207.4 1 0
coovachilli-go/pkg/admin/snapshot.go:211.2,212.16 2 0
coovachilli-go/pkg/admin/snapshot.go:212.16,214.3 1 0
coovachilli-go/pkg/admin/snapshot.go:217.2,218.57 2 0
coovachilli-go/pkg/admin/snapshot.go:218.57,220.3 1 0
coovachilli-go/pkg/admin/snapshot.go:223.2,223.69 1 0
coovachilli-go/pkg/admin/snapshot.go:223.69,225.3 1 0
coovachilli-go/pkg/admin/snapshot.go:227.2,227.12 1 0
coovachilli-go/pkg/admin/snapshot.go:231.60,235.44 3 0
coovachilli-go/pkg/admin/snapshot.go:235.44,237.3 1 0
coovachilli-go/pkg/admin/snapshot.go:240.2,241.71 2 0
coovachilli-go/pkg/admin/snapshot.go:241.71,243.3 1 0
coovachilli-go/pkg/admin/snapshot.go:245.2,246.12 2 0
coovachilli-go/pkg/admin/snapshot.go:250.78,253.16 2 0
coovachilli-go/pkg/admin/snapshot.go:253.16,255.3 1 0
coovachilli-go/pkg/admin/snapshot.go:257.2,258.61 2 0
coovachilli-go/pkg/admin/snapshot.go:258.61,260.3 1 0
coovachilli-go/pkg/admin/snapshot.go:262.2,262.23 1 0
coovachilli-go/pkg/admin/snapshot.go:266.88,270.2 3 0
coovachilli-go/pkg/admin/snapshot.go:273.89,278.2 4 0
coovachilli-go/pkg/admin/snapshot.go:281.67,284.16 3 0
coovachilli-go/pkg/admin/snapshot.go:284.16,286.3 1 0
coovachilli-go/pkg/admin/snapshot.go:288.2,288.51 1 0
coovachilli-go/pkg/admin/snapshot.go:292.34,294.2 1 0
coovachilli-go/pkg/admin/snapshot.go:297.38,299.16 2 0
coovachilli-go/pkg/admin/snapshot.go:299.16,301.3 1 0
coovachilli-go/pkg/admin/snapshot.go:302.2,302.42 1 0
coovachilli-go/pkg/admin/validation.go:23.46,24.20 1 0
coovachilli-go/pkg/admin/validation.go:24.20,26.3 1 0
coovachilli-go/pkg/admin/validation.go:28.2,28.24 1 0
coovachilli-go/pkg/admin/validation.go:28.24,30.3 1 0
coovachilli-go/pkg/admin/validation.go:32.2,32.42 1 0
coovachilli-go/pkg/admin/validation.go:32.42,34.3 1 0
coovachilli-go/pkg/admin/validation.go:37.2,39.74 2 0
coovachilli-go/pkg/admin/validation.go:39.74,41.3 1 0
coovachilli-go/pkg/admin/validation.go:43.2,43.12 1 0
coovachilli-go/pkg/admin/validation.go:47.42,48.18 1 0
coovachilli-go/pkg/admin/validation.go:48.18,50.3 1 0
coovachilli-go/pkg/admin/validation.go:52.2,52.23 1 0
coovachilli-go/pkg/admin/validation.go:52.23,54.3 1 0
coovachilli-go/pkg/admin/validation.go:56.2,56.38 1 0
coovachilli-go/pkg/admin/validation.go:56.38,58.3 1 0
coovachilli-go/pkg/admin/validation.go:61.2,62.31 2 0
coovachilli-go/pkg/admin/validation.go:62.31,63.22 1 0
coovachilli-go/pkg/admin/validation.go:63.22,65.4 1 0
coovachilli-go/pkg/admin/validation.go:68.2,68.12 1 0
coovachilli-go/pkg/admin/validation.go:72.37,73.17 1 0
coovachilli-go/pkg/admin/validation.go:73.17,75.3 1 0
coovachilli-go/pkg/admin/validation.go:77.2,78.15 2 0
coovachilli-go/pkg/admin/validation.go:78.15,80.3 1 0
coovachilli-go/pkg/admin/validation.go:82.2,82.12 1 0
coovachilli-go/pkg/admin/validation.go:86.38,87.16 1 0
coovachilli-go/pkg/admin/validation.go:87.16,89.3 1 0
coovachilli-go/pkg/admin/validation.go:91.2,92.16 2 0
coovachilli-go/pkg/admin/validation.go:92.16,94.3 1 0
coovachilli-go/pkg/admin/validation.go:96.2,96.12 1 0
coovachilli-go/pkg/admin/validation.go:100.41,101.32 1 0
coovachilli-go/pkg/admin/validation.go:101.32,103.3 1 0
coovachilli-go/pkg/admin/validation.go:104.2,104.24 1 0
coovachilli-go/pkg/admin/validation.go:108.34,109.14 1 0
coovachilli-go/pkg/admin/validation.go:109.14,111.3 1 0
coovachilli-go/pkg/admin/validation.go:113.2,113.19 1 0
coovachilli-go/pkg/admin/validation.go:113.19,115.3 1 0
coovachilli-go/pkg/admin/validation.go:117.2,117.30 1 0
coovachilli-go/pkg/admin/validation.go:117.30,119.3 1 0
coovachilli-go/pkg/admin/validation.go:121.2,121.12 1 0
coovachilli-go/pkg/admin/validation.go:125.38,126.16 1 0
coovachilli-go/pkg/admin/validation.go:126.16,128.3 1 0
coovachilli-go/pkg/admin/validation.go:130.2,130.21 1 0
coovachilli-go/pkg/admin/validation.go:130.21,132.3 1 0
coovachilli-go/pkg/admin/validation.go:134.2,134.34 1 0
coovachilli-go/pkg/admin/validation.go:134.34,136.3 1 0
coovachilli-go/pkg/admin/validation.go:139.2,139.25 1 0
coovachilli-go/pkg/admin/validation.go:139.25,140.40 1 0
coovachilli-go/pkg/admin/validation.go:140.40,142.4 1 0
coovachilli-go/pkg/admin/validation.go:145.2,145.12 1 0
coovachilli-go/pkg/admin/validation.go:149.45,150.21 1 0
coovachilli-go/pkg/admin/validation.go:150.21,152.3 1 0
coovachilli-go/pkg/admin/validation.go:154.2,154.34 1 0
coovachilli-go/pkg/admin/validation.go:154.34,156.3 1 0
coovachilli-go/pkg/admin/validation.go:159.2,159.25 1 0
coovachilli-go/pkg/admin/validation.go:159.25,160.40 1 0
coovachilli-go/pkg/admin/validation.go:160.40,162.4 1 0
coovachilli-go/pkg/admin/validation.go:165.2,165.12 1 0
coovachilli-go/pkg/admin/validation.go:169.43,170.37 1 0
coovachilli-go/pkg/admin/validation.go:170.37,172.3 1 0
coovachilli-go/pkg/admin/validation.go:173.2,173.12 1 0
coovachilli-go/pkg/admin/validation.go:177.35,178.30 1 0
coovachilli-go/pkg/admin/validation.go:178.30,180.3 1 0
coovachilli-go/pkg/admin/validation.go:181.2,181.12 1 0
coovachilli-go/pkg/admin/validation.go:185.41,187.22 1 0
coovachilli-go/pkg/admin/validation.go:187.22,189.3 1 0
coovachilli-go/pkg/admin/validation.go:190.2,190.12 1 0
coovachilli-go/pkg/admin/validation.go:194.42,200.26 3 0
coovachilli-go/pkg/admin/validation.go:200.26,201.54 1 0
coovachilli-go/pkg/admin/validation.go:201.54,203.4 1 0
coovachilli-go/pkg/admin/validation.go:206.2,206.43 1 0
coovachilli-go/pkg/admin/validation.go:210.41,211.14 1 0
coovachilli-go/pkg/admin/validation.go:211.14,213.3 1 0
coovachilli-go/pkg/admin/validation.go:216.2,216.39 1 0
coovachilli-go/pkg/admin/validation.go:216.39,218.45 1 0
coovachilli-go/pkg/admin/validation.go:218.45,220.4 1 0
coovachilli-go/pkg/admin/validation.go:223.2,223.12 1 0
coovachilli-go/pkg/admin/validation.go:227.46,228.16 1 0
coovachilli-go/pkg/admin/validation.go:228.16,231.3 1 0
coovachilli-go/pkg/admin/validation.go:233.2,233.27 1 0
coovachilli-go/pkg/auth/qrcode/qrcode.go:55.92,56.21 1 0
coovachilli-go/pkg/auth/qrcode/qrcode.go:56.21,58.3 1 0
coovachilli-go/pkg/auth/qrcode/qrcode.go:61.2,61.29 1 0
coovachilli-go/pkg/auth/qrcode/qrcode.go:61.29,63.3 1 0
coovachilli-go/pkg/auth/qrcode/qrcode.go:64.2,64.33 1 0
coovachilli-go/pkg/auth/qrcode/qrcode.go:64.33,66.3 1 0
coovachilli-go/pkg/auth/qrcode/qrcode.go:67.2,67.24 1 0
coovachilli-go/pkg/auth/qrcode/qrcode.go:67.24,69.3 1 0
coovachilli-go/pkg/auth/qrcode/qrcode.go:71.2,85.16 4 0
coovachilli-go/pkg/auth/qrcode/qrcode.go:89.113,95.64 4 0
coovachilli-go/pkg/auth/qrcode/qrcode.go:95.64,97.3 1 0
coovachilli-go/pkg/auth/qrcode/qrcode.go:98.2,120.21 8 0
coovachilli-go/pkg/auth/qrcode/qrcode.go:124.71,129.13 4 0
coovachilli-go/pkg/auth/qrcode/qrcode.go:129.13,131.3 1 0
coovachilli-go/pkg/auth/qrcode/qrcode.go:133.2,133.41 1 0
coovachilli-go/pkg/auth/qrcode/qrcode.go:133.41,135.3 1 0
coovachilli-go/pkg/auth/qrcode/qrcode.go:138.2,142.16 3 0
coovachilli-go/pkg/auth/qrcode/qrcode.go:142.16,144.3 1 0
coovachilli-go/pkg/auth/qrcode/qrcode.go:147.2,148.16 2 0
coovachilli-go/pkg/auth/qrcode/qrcode.go:148.16,150.3 1 0
coovachilli-go/pkg/auth/qrcode/qrcode.go:152.2,152.22 1 0
coovachilli-go/pkg/auth/qrcode/qrcode.go:156.77,158.16 2 0
coovachilli-go/pkg/auth/qrcode/qrcode.go:158.16,160.3 1 0
coovachilli-go/pkg/auth/qrcode/qrcode.go:162.2,163.12 2 0
coovachilli-go/pkg/auth/qrcode/qrcode.go:167.90,172.13 4 0
coovachilli-go/pkg/auth/qrcode/qrcode.go:172.13,174.3 1 0
coovachilli-go/pkg/auth/qrcode/qrcode.go:177.2,177.41 1 0
coovachilli-go/pkg/auth/qrcode/qrcode.go:177.41,182.3 4 0
coovachilli-go/pkg/auth/qrcode/qrcode.go:185.2,185.18 1 0
coovachilli-go/pkg/auth/qrcode/qrcode.go:185.18,187.3 1 0
coovachilli-go/pkg/auth/qrcode/qrcode.go:190.2,203.21 7 0
coovachilli-go/pkg/auth/qrcode/qrcode.go:207.58,211.44 3 0
coovachilli-go/pkg/auth/qrcode/qrcode.go:211.44,213.3 1 0
coovachilli-go/pkg/auth/qrcode/qrcode.go:215.2,222.12 4 0
coovachilli-go/pkg/auth/qrcode/qrcode.go:226.67,231.13 4 0
coovachilli-go/pkg/auth/qrcode/qrcode.go:231.13,233.3 1 0
coovachilli-go/pkg/auth/qrcode/qrcode.go:236.2,237.19 2 0
coovachilli-go/pkg/auth/qrcode/qrcode.go:241.43,245.21 3 0
coovachilli-go/pkg/auth/qrcode/qrcode.go:245.21,250.41 4 0
coovachilli-go/pkg/auth/qrcode/qrcode.go:250.41,251.36 1 0
coovachilli-go/pkg/auth/qrcode/qrcode.go:251.36,254.5 2 0
coovachilli-go/pkg/auth/qrcode/qrcode.go:257.3,261.18 4 0
coovachilli-go/pkg/auth/qrcode/qrcode.go:261.18,265.4 1 0
coovachilli-go/pkg/auth/qrcode/qrcode.go:270.45,277.2 5 0
coovachilli-go/pkg/auth/qrcode/qrcode.go:280.56,285.34 4 0
coovachilli-go/pkg/auth/qrcode/qrcode.go:285.34,286.56 1 0
coovachilli-go/pkg/auth/qrcode/qrcode.go:286.56,289.4 2 0
coovachilli-go/pkg/auth/qrcode/qrcode.go:292.2,292.15 1 0
coovachilli-go/pkg/auth/qrcode/qrcode.go:303.116,305.16 2 0
coovachilli-go/pkg/auth/qrcode/qrcode.go:305.16,307.3 1 0
coovachilli-go/pkg/auth/qrcode/qrcode.go:309.2,313.8 1 0
coovachilli-go/pkg/auth/qrcode/qrcode.go:317.57,319.16 2 0
coovachilli-go/pkg/auth/qrcode/qrcode.go:319.16,321.3 1 0
coovachilli-go/pkg/auth/qrcode/qrcode.go:322.2,322.31 1 0
coovachilli-go/pkg/auth/qrcode/qrcode.go:326.60,328.63 2 0
coovachilli-go/pkg/auth/qrcode/qrcode.go:328.63,330.3 1 0
coovachilli-go/pkg/auth/qrcode/qrcode.go:331.2,331.19 1 0
coovachilli-go/pkg/auth/sms/sms.go:87.91,88.21 1 0
coovachilli-go/pkg/auth/sms/sms.go:88.21,90.3 1 0
coovachilli-go/pkg/auth/sms/sms.go:93.2,93.28 1 0
coovachilli-go/pkg/auth/sms/sms.go:93.28,95.3 1 0
coovachilli-go/pkg/auth/sms/sms.go:96.2,96.28 1 0
coovachilli-go/pkg/auth/sms/sms.go:96.28,98.3 1 0
coovachilli-go/pkg/auth/sms/sms.go:99.2,99.29 1 0
coovachilli-go/pkg/auth/sms/sms.go:99.29,101.3 1 0
coovachilli-go/pkg/auth/sms/sms.go:102.2,102.33 1 0
coovachilli-go/pkg/auth/sms/sms.go:102.33,104.3 1 0
coovachilli-go/pkg/auth/sms/sms.go:105.2,105.30 1 0
coovachilli-go/pkg/auth/sms/sms.go:105.30,107.3 1 0
coovachilli-go/pkg/auth/sms/sms.go:109.2,119.16 4 0
coovachilli-go/pkg/auth/sms/sms.go:119.16,121.3 1 0
coovachilli-go/pkg/auth/sms/sms.go:124.2,132.16 3 0
coovachilli-go/pkg/auth/sms/sms.go:136.63,137.28 1 0
coovachilli-go/pkg/auth/sms/sms.go:138.16,139.49 1 0
coovachilli-go/pkg/auth/sms/sms.go:140.25,141.48 1 0
coovachilli-go/pkg/auth/sms/sms.go:142.17,143.49 1 0
coovachilli-go/pkg/auth/sms/sms.go:144.14,145.41 1 0
coovachilli-go/pkg/auth/sms/sms.go:146.10,147.77 1 0
coovachilli-go/pkg/auth/sms/sms.go:152.84,160.55 4 0
coovachilli-go/pkg/auth/sms/sms.go:160.55,163.3 2 0
coovachilli-go/pkg/auth/sms/sms.go:166.2,167.16 2 0
coovachilli-go/pkg/auth/sms/sms.go:167.16,169.3 1 0
coovachilli-go/pkg/auth/sms/sms.go:171.2,189.66 5 0
coovachilli-go/pkg/auth/sms/sms.go:189.66,192.3 2 0
coovachilli-go/pkg/auth/sms/sms.go:195.2,203.21 4 0
coovachilli-go/pkg/auth/sms/sms.go:207.78,214.13 5 0
coovachilli-go/pkg/auth/sms/sms.go:214.13,216.3 1 0
coovachilli-go/pkg/auth/sms/sms.go:219.2,219.41 1 0
coovachilli-go/pkg/auth/sms/sms.go:219.41,223.3 3 0
coovachilli-go/pkg/auth/sms/sms.go:226.2,226.22 1 0
coovachilli-go/pkg/auth/sms/sms.go:226.22,228.3 1 0
coovachilli-go/pkg/auth/sms/sms.go:231.2,234.46 2 0
coovachilli-go/pkg/auth/sms/sms.go:234.46,238.3 3 0
coovachilli-go/pkg/auth/sms/sms.go:241.2,241.26 1 0
coovachilli-go/pkg/auth/sms/sms.go:241.26,244.3 2 0
coovachilli-go/pkg/auth/sms/sms.go:247.2,257.18 6 0
coovachilli-go/pkg/auth/sms/sms.go:261.68,263.13 2 0
coovachilli-go/pkg/auth/sms/sms.go:263.13,265.3 1 0
coovachilli-go/pkg/auth/sms/sms.go:268.2,268.63 1 0
coovachilli-go/pkg/auth/sms/sms.go:268.63,271.3 2 0
coovachilli-go/pkg/auth/sms/sms.go:274.2,274.43 1 0
coovachilli-go/pkg/auth/sms/sms.go:274.43,277.3 1 0
coovachilli-go/pkg/auth/sms/sms.go:279.2,279.12 1 0
coovachilli-go/pkg/auth/sms/sms.go:283.63,285.13 2 0
coovachilli-go/pkg/auth/sms/sms.go:285.13,291.3 2 0
coovachilli-go/pkg/auth/sms/sms.go:294.2,294.63 1 0
coovachilli-go/pkg/auth/sms/sms.go:294.63,297.3 2 0
coovachilli-go/pkg/auth/sms/sms.go:297.8,299.3 1 0
coovachilli-go/pkg/auth/sms/sms.go:303.44,307.21 3 0
coovachilli-go/pkg/auth/sms/sms.go:307.21,313.46 4 0
coovachilli-go/pkg/auth/sms/sms.go:313.46,314.56 1 0
coovachilli-go/pkg/auth/sms/sms.go:314.56,317.5 2 0
coovachilli-go/pkg/auth/sms/sms.go:321.3,321.49 1 0
coovachilli-go/pkg/auth/sms/sms.go:321.49,322.65 1 0
coovachilli-go/pkg/auth/sms/sms.go:322.65,324.5 1 0
coovachilli-go/pkg/auth/sms/sms.go:327.3,329.18 2 0
coovachilli-go/pkg/auth/sms/sms.go:329.18,333.4 1 0
coovachilli-go/pkg/auth/sms/sms.go:338.47,342.2 3 0
coovachilli-go/pkg/auth/sms/sms.go:351.91,352.67 1 0
coovachilli-go/pkg/auth/sms/sms.go:352.67,354.3 1 0
coovachilli-go/pkg/auth/sms/sms.go:356.2,360.8 1 0
coovachilli-go/pkg/auth/sms/sms.go:363.40,365.2 1 0
coovachilli-go/pkg/auth/sms/sms.go:367.69,377.16 7 0
coovachilli-go/pkg/auth/sms/sms.go:377.16,379.3 1 0
coovachilli-go/pkg/auth/sms/sms.go:381.2,385.16 4 0
coovachilli-go/pkg/auth/sms/sms.go:385.16,387.3 1 0
coovachilli-go/pkg/auth/sms/sms.go:388.2,390.79 2 0
coovachilli-go/pkg/auth/sms/sms.go:390.79,392.3 1 0
coovachilli-go/pkg/auth/sms/sms.go:394.2,395.12 2 0
coovachilli-go/pkg/auth/sms/sms.go:405.89,406.61 1 0
coovachilli-go/pkg/auth/sms/sms.go:406.61,408.3 1 0
coovachilli-go/pkg/auth/sms/sms.go:410.2,414.8 1 0
coovachilli-go/pkg/auth/sms/sms.go:417.39,419.2 1 0
coovachilli-go/pkg/auth/sms/sms.go:421.68,432.16 9 0
coovachilli-go/pkg/auth/sms/sms.go:432.16,434.3 1 0
coovachilli-go/pkg/auth/sms/sms.go:435.2,437.38 2 0
coovachilli-go/pkg/auth/sms/sms.go:437.38,439.3 1 0
coovachilli-go/pkg/auth/sms/sms.go:441.2,442.12 2 0
coovachilli-go/pkg/auth/sms/sms.go:451.91,457.2 1 0
coovachilli-go/pkg/auth/sms/sms.go:459.40,461.2 1 0
coovachilli-go/pkg/auth/sms/sms.go:463.69,469.2 2 0
coovachilli-go/pkg/auth/sms/sms.go:476.59,480.2 1 0
coovachilli-go/pkg/auth/sms/sms.go:482.38,484.2 1 0
coovachilli-go/pkg/auth/sms/sms.go:486.67,492.2 2 0
coovachilli-go/pkg/auth/sms/sms.go:497.47,500.16 3 0
coovachilli-go/pkg/auth/sms/sms.go:500.16,502.3 1 0
coovachilli-go/pkg/auth/sms/sms.go:505.2,506.36 2 0
coovachilli-go/pkg/auth/sms/sms.go:510.54,518.42 5 0
coovachilli-go/pkg/auth/sms/sms.go:518.42,520.3 1 0
coovachilli-go/pkg/auth/sms/sms.go:522.2,522.20 1 0
coovachilli-go/pkg/auth/sms/sms.go:526.49,527.27 1 0
coovachilli-go/pkg/auth/sms/sms.go:527.27,529.3 1 0
coovachilli-go/pkg/auth/sms/sms.go:530.2,530.50 1 0
coovachilli-go/pkg/auth/ldap/ldap.go:13.107,14.18 1 0
coovachilli-go/pkg/auth/ldap/ldap.go:14.18,16.3 1 0
coovachilli-go/pkg/auth/ldap/ldap.go:18.2,18.20 1 0
coovachilli-go/pkg/auth/ldap/ldap.go:18.20,20.3 1 0
coovachilli-go/pkg/auth/ldap/ldap.go:22.2,30.16 5 0
coovachilli-go/pkg/auth/ldap/ldap.go:30.16,32.3 1 0
coovachilli-go/pkg/auth/ldap/ldap.go:32.8,34.3 1 0
coovachilli-go/pkg/auth/ldap/ldap.go:35.2,35.16 1 0
coovachilli-go/pkg/auth/ldap/ldap.go:35.16,38.3 2 0
coovachilli-go/pkg/auth/ldap/ldap.go:39.2,43.57 3 0
coovachilli-go/pkg/auth/ldap/ldap.go:43.57,46.3 2 0
coovachilli-go/pkg/auth/ldap/ldap.go:46.17,49.3 2 0
coovachilli-go/pkg/auth/ldap/ldap.go:51.2,52.16 2 0
coovachilli-go/pkg/auth/ldap/ldap.go:52.16,55.3 2 0
coovachilli-go/pkg/auth/ldap/ldap.go:58.2,67.16 3 0
coovachilli-go/pkg/auth/ldap/ldap.go:67.16,70.3 2 0
coovachilli-go/pkg/auth/ldap/ldap.go:72.2,72.26 1 0
coovachilli-go/pkg/auth/ldap/ldap.go:72.26,75.3 2 0
coovachilli-go/pkg/auth/ldap/ldap.go:77.2,81.16 3 0
coovachilli-go/pkg/auth/ldap/ldap.go:81.16,85.3 2 0
coovachilli-go/pkg/auth/ldap/ldap.go:87.2,88.18 2 0
coovachilli-go/pkg/cluster/manager.go:25.102,27.16 2 0
coovachilli-go/pkg/cluster/manager.go:27.16,29.3 1 0
coovachilli-go/pkg/cluster/manager.go:32.2,33.21 2 0
coovachilli-go/pkg/cluster/manager.go:33.21,35.3 1 0
coovachilli-go/pkg/cluster/manager.go:37.2,57.15 4 0
coovachilli-go/pkg/cluster/manager.go:61.51,65.2 3 1
coovachilli-go/pkg/cluster/manager.go:68.106,73.13 4 1
coovachilli-go/pkg/cluster/manager.go:73.13,76.3 2 1
coovachilli-go/pkg/cluster/manager.go:78.2,86.93 6 1
coovachilli-go/pkg/cluster/manager.go:86.93,90.3 3 1
coovachilli-go/pkg/cluster/manager.go:94.43,99.32 4 1
coovachilli-go/pkg/cluster/manager.go:99.32,100.22 1 1
coovachilli-go/pkg/cluster/manager.go:100.22,101.12 1 1
coovachilli-go/pkg/cluster/manager.go:105.3,105.85 1 1
coovachilli-go/pkg/cluster/manager.go:105.85,107.37 2 1
coovachilli-go/pkg/cluster/manager.go:107.37,109.5 1 0
coovachilli-go/pkg/cluster/manager.go:110.4,110.33 1 1
coovachilli-go/pkg/cluster/manager.go:115.2,115.63 1 1
coovachilli-go/pkg/cluster/manager.go:115.63,117.3 1 0
coovachilli-go/pkg/cluster/manager.go:122.44,127.32 3 1
coovachilli-go/pkg/cluster/manager.go:127.32,128.22 1 1
coovachilli-go/pkg/cluster/manager.go:128.22,129.12 1 1
coovachilli-go/pkg/cluster/manager.go:132.3,132.54 1 1
coovachilli-go/pkg/cluster/manager.go:132.54,134.9 2 1
coovachilli-go/pkg/cluster/manager.go:138.2,138.21 1 1
coovachilli-go/pkg/cluster/manager.go:138.21,144.21 4 1
coovachilli-go/pkg/cluster/manager.go:144.21,145.61 1 0
coovachilli-go/pkg/cluster/manager.go:145.61,147.5 1 0
coovachilli-go/pkg/cluster/manager.go:154.31,161.59 3 0
coovachilli-go/pkg/cluster/manager.go:161.59,163.3 1 0
coovachilli-go/pkg/cluster/manager.go:166.2,169.21 3 0
coovachilli-go/pkg/cluster/manager.go:169.21,171.60 1 0
coovachilli-go/pkg/cluster/manager.go:171.60,173.4 1 0
coovachilli-go/pkg/cluster/manager.go:176.3,176.24 1 0
coovachilli-go/pkg/cluster/peer.go:20.36,21.11 1 1
coovachilli-go/pkg/cluster/peer.go:22.23,23.18 1 1
coovachilli-go/pkg/cluster/peer.go:24.24,25.19 1 1
coovachilli-go/pkg/cluster/peer.go:26.24,27.19 1 1
coovachilli-go/pkg/cluster/peer.go:28.10,29.19 1 1
coovachilli-go/pkg/cluster/protocol.go:50.52,52.63 2 1
coovachilli-go/pkg/cluster/protocol.go:52.63,54.3 1 0
coovachilli-go/pkg/cluster/protocol.go:55.2,55.25 1 1
coovachilli-go/pkg/cluster/protocol.go:59.66,62.63 3 1
coovachilli-go/pkg/cluster/protocol.go:62.63,64.3 1 0
coovachilli-go/pkg/cluster/protocol.go:65.2,65.16 1 1
coovachilli-go/pkg/cluster/protocol.go:70.48,72.16 2 1
coovachilli-go/pkg/cluster/protocol.go:72.16,74.3 1 1
coovachilli-go/pkg/cluster/protocol.go:77.2,78.56 2 1
coovachilli-go/pkg/cluster/protocol.go:78.56,80.3 1 0
coovachilli-go/pkg/cluster/protocol.go:84.2,93.38 7 1
coovachilli-go/pkg/cluster/protocol.go:98.48,100.36 1 1
coovachilli-go/pkg/cluster/protocol.go:100.36,102.3 1 0
coovachilli-go/pkg/cluster/protocol.go:104.2,105.16 2 1
coovachilli-go/pkg/cluster/protocol.go:105.16,107.3 1 0
coovachilli-go/pkg/cluster/protocol.go:110.2,113.45 3 1
coovachilli-go/pkg/cluster/protocol.go:113.45,115.3 1 0
coovachilli-go/pkg/cluster/protocol.go:117.2,122.25 4 1
coovachilli-go/pkg/cluster/protocol.go:122.25,124.3 1 0
coovachilli-go/pkg/cluster/protocol.go:125.2,126.75 2 1
coovachilli-go/pkg/cluster/protocol.go:126.75,128.3 1 1
coovachilli-go/pkg/cluster/protocol.go:129.2,129.47 1 1
coovachilli-go/pkg/cluster/protocol.go:133.63,143.16 5 0
coovachilli-go/pkg/cluster/protocol.go:143.16,145.3 1 0
coovachilli-go/pkg/cluster/protocol.go:147.2,148.16 2 0
coovachilli-go/pkg/cluster/protocol.go:148.16,150.3 1 0
coovachilli-go/pkg/cluster/protocol.go:152.2,153.16 2 0
coovachilli-go/pkg/cluster/protocol.go:153.16,155.3 1 0
coovachilli-go/pkg/cluster/protocol.go:156.2,167.16 6 0
coovachilli-go/pkg/cluster/protocol.go:167.16,169.3 1 0
coovachilli-go/pkg/cluster/protocol.go:171.2,171.47 1 0
coovachilli-go/pkg/cluster/protocol.go:175.50,177.16 2 0
coovachilli-go/pkg/cluster/protocol.go:177.16,179.3 1 0
coovachilli-go/pkg/cluster/protocol.go:180.2,184.55 3 0
coovachilli-go/pkg/cluster/protocol.go:184.55,186.3 1 0
coovachilli-go/pkg/cluster/protocol.go:188.2,191.45 3 0
coovachilli-go/pkg/cluster/protocol.go:191.45,193.22 2 0
coovachilli-go/pkg/cluster/protocol.go:193.22,194.12 1 0
coovachilli-go/pkg/cluster/protocol.go:196.3,199.42 2 0
coovachilli-go/pkg/cluster/protocol.go:199.42,200.12 1 0
coovachilli-go/pkg/cluster/protocol.go:203.3,204.17 2 0
coovachilli-go/pkg/cluster/protocol.go:204.17,206.12 2 0
coovachilli-go/pkg/cluster/protocol.go:209.3,210.17 2 0
coovachilli-go/pkg/cluster/protocol.go:210.17,212.12 2 0
coovachilli-go/pkg/cluster/protocol.go:215.3,219.80 4 0
coovachilli-go/pkg/auth/integration.go:38.106,39.27 1 0
coovachilli-go/pkg/auth/integration.go:39.27,41.3 1 0
coovachilli-go/pkg/auth/integration.go:43.2,44.16 2 0
coovachilli-go/pkg/auth/integration.go:44.16,46.3 1 0
coovachilli-go/pkg/auth/integration.go:50.2,51.33 2 0
coovachilli-go/pkg/auth/integration.go:51.33,53.3 1 0
coovachilli-go/pkg/auth/integration.go:55.2,79.12 6 0
coovachilli-go/pkg/auth/integration.go:88.9,94.38 4 0
coovachilli-go/pkg/auth/integration.go:94.38,95.83 1 0
coovachilli-go/pkg/auth/integration.go:95.83,97.9 2 0
coovachilli-go/pkg/auth/integration.go:101.2,101.24 1 0
coovachilli-go/pkg/auth/integration.go:101.24,115.3 2 0
coovachilli-go/pkg/auth/integration.go:118.2,118.30 1 0
coovachilli-go/pkg/auth/integration.go:118.30,119.87 1 0
coovachilli-go/pkg/auth/integration.go:119.87,124.4 1 0
coovachilli-go/pkg/auth/integration.go:127.2,127.12 1 0
coovachilli-go/pkg/auth/integration.go:131.93,136.42 3 0
coovachilli-go/pkg/auth/integration.go:136.42,138.20 1 0
coovachilli-go/pkg/auth/integration.go:138.20,140.4 1 0
coovachilli-go/pkg/auth/local.go:24.79,26.16 2 1
coovachilli-go/pkg/auth/local.go:26.16,28.3 1 1
coovachilli-go/pkg/auth/local.go:29.2,32.21 3 1
coovachilli-go/pkg/auth/local.go:32.21,35.22 3 1
coovachilli-go/pkg/auth/local.go:35.22,36.12 1 0
coovachilli-go/pkg/auth/local.go:39.3,39.27 1 1
coovachilli-go/pkg/auth/local.go:39.27,41.41 1 1
coovachilli-go/pkg/auth/local.go:41.41,44.19 2 0
coovachilli-go/pkg/auth/local.go:44.19,46.6 1 0
coovachilli-go/pkg/auth/local.go:47.5,47.22 1 0
coovachilli-go/pkg/auth/local.go:48.10,51.29 1 1
coovachilli-go/pkg/auth/local.go:51.29,55.6 2 1
coovachilli-go/pkg/auth/local.go:56.5,56.22 1 1
coovachilli-go/pkg/auth/local.go:61.2,61.38 1 1
coovachilli-go/pkg/auth/local.go:61.38,63.3 1 0
coovachilli-go/pkg/auth/local.go:65.2,65.19 1 1
coovachilli-go/pkg/auth/local.go:70.52,72.16 2 0
coovachilli-go/pkg/auth/local.go:72.16,74.3 1 0
coovachilli-go/pkg/auth/local.go:75.2,75.26 1 0
coovachilli-go/pkg/auth/local.go:79.54,80.23 1 0
coovachilli-go/pkg/auth/local.go:80.23,82.3 1 0
coovachilli-go/pkg/auth/local.go:83.2,83.25 1 0
coovachilli-go/pkg/auth/local.go:83.25,85.3 1 0
coovachilli-go/pkg/auth/local.go:88.2,91.32 3 0
coovachilli-go/pkg/auth/local.go:91.32,92.33 1 0
coovachilli-go/pkg/auth/local.go:92.33,94.4 1 0
coovachilli-go/pkg/auth/local.go:95.3,95.67 1 0
coovachilli-go/pkg/auth/local.go:95.67,97.4 1 0
coovachilli-go/pkg/auth/local.go:100.2,100.29 1 0
coovachilli-go/pkg/auth/local.go:100.29,102.3 1 0
coovachilli-go/pkg/auth/local.go:104.2,104.12 1 0
coovachilli-go/pkg/auth/manager.go:125.106,136.22 2 1
coovachilli-go/pkg/auth/manager.go:136.22,139.3 1 0
coovachilli-go/pkg/auth/manager.go:142.2,142.21 1 1
coovachilli-go/pkg/auth/manager.go:142.21,145.17 3 0
coovachilli-go/pkg/auth/manager.go:145.17,147.4 1 0
coovachilli-go/pkg/auth/manager.go:147.9,150.4 2 0
coovachilli-go/pkg/auth/manager.go:154.2,154.24 1 1
coovachilli-go/pkg/auth/manager.go:154.24,157.17 3 0
coovachilli-go/pkg/auth/manager.go:157.17,159.4 1 0
coovachilli-go/pkg/auth/manager.go:159.9,162.4 2 0
coovachilli-go/pkg/auth/manager.go:166.2,166.21 1 1
coovachilli-go/pkg/auth/manager.go:166.21,169.17 3 0
coovachilli-go/pkg/auth/manager.go:169.17,171.4 1 0
coovachilli-go/pkg/auth/manager.go:171.9,174.4 2 0
coovachilli-go/pkg/auth/manager.go:178.2,178.23 1 1
coovachilli-go/pkg/auth/manager.go:178.23,181.17 3 0
coovachilli-go/pkg/auth/manager.go:181.17,183.4 1 0
coovachilli-go/pkg/auth/manager.go:183.9,186.4 2 0
coovachilli-go/pkg/auth/manager.go:190.2,190.23 1 1
coovachilli-go/pkg/auth/manager.go:190.23,193.17 3 0
coovachilli-go/pkg/auth/manager.go:193.17,195.4 1 0
coovachilli-go/pkg/auth/manager.go:195.9,198.4 2 0
coovachilli-go/pkg/auth/manager.go:202.2,205.16 3 1
coovachilli-go/pkg/auth/manager.go:209.88,224.20 7 1
coovachilli-go/pkg/auth/manager.go:225.23,226.40 1 1
coovachilli-go/pkg/auth/manager.go:228.22,229.39 1 0
coovachilli-go/pkg/auth/manager.go:231.24,232.41 1 0
coovachilli-go/pkg/auth/manager.go:234.21,235.38 1 0
coovachilli-go/pkg/auth/manager.go:237.23,238.40 1 0
coovachilli-go/pkg/auth/manager.go:240.21,241.38 1 0
coovachilli-go/pkg/auth/manager.go:243.38,244.38 1 0
coovachilli-go/pkg/auth/manager.go:246.10,247.72 1 0
coovachilli-go/pkg/auth/manager.go:251.2,252.33 2 1
coovachilli-go/pkg/auth/manager.go:252.33,259.3 2 1
coovachilli-go/pkg/auth/manager.go:259.8,266.3 3 0
coovachilli-go/pkg/auth/manager.go:267.2,269.16 2 1
coovachilli-go/pkg/auth/manager.go:269.16,271.3 1 0
coovachilli-go/pkg/auth/manager.go:274.2,274.43 1 1
coovachilli-go/pkg/auth/manager.go:274.43,275.52 1 0
coovachilli-go/pkg/auth/manager.go:275.52,277.4 1 0
coovachilli-go/pkg/auth/manager.go:281.2,281.18 1 1
coovachilli-go/pkg/auth/manager.go:281.18,302.3 6 0
coovachilli-go/pkg/auth/manager.go:304.2,304.18 1 1
coovachilli-go/pkg/auth/manager.go:308.93,316.2 1 1
coovachilli-go/pkg/auth/manager.go:319.92,326.2 1 0
coovachilli-go/pkg/auth/manager.go:329.94,330.25 1 0
coovachilli-go/pkg/auth/manager.go:330.25,332.3 1 0
coovachilli-go/pkg/auth/manager.go:334.2,335.16 2 0
coovachilli-go/pkg/auth/manager.go:335.16,341.3 1 0
coovachilli-go/pkg/auth/manager.go:343.2,350.8 1 0
coovachilli-go/pkg/auth/manager.go:354.91,355.26 1 0
coovachilli-go/pkg/auth/manager.go:355.26,357.3 1 0
coovachilli-go/pkg/auth/manager.go:359.2,360.16 2 0
coovachilli-go/pkg/auth/manager.go:360.16,366.3 1 0
coovachilli-go/pkg/auth/manager.go:368.2,368.14 1 0
coovachilli-go/pkg/auth/manager.go:368.14,374.3 1 0
coovachilli-go/pkg/auth/manager.go:376.2,383.8 1 0
coovachilli-go/pkg/auth/manager.go:387.93,388.28 1 0
coovachilli-go/pkg/auth/manager.go:388.28,390.3 1 0
coovachilli-go/pkg/auth/manager.go:392.2,393.16 2 0
coovachilli-go/pkg/auth/manager.go:393.16,399.3 1 0
coovachilli-go/pkg/auth/manager.go:402.2,402.83 1 0
coovachilli-go/pkg/auth/manager.go:402.83,408.3 1 0
coovachilli-go/pkg/auth/manager.go:410.2,425.8 1 0
coovachilli-go/pkg/auth/manager.go:429.91,441.2 1 0
coovachilli-go/pkg/auth/manager.go:444.91,445.26 1 0
coovachilli-go/pkg/auth/manager.go:445.26,447.3 1 0
coovachilli-go/pkg/auth/manager.go:451.2,451.73 1 0
coovachilli-go/pkg/auth/manager.go:455.78,457.16 2 0
coovachilli-go/pkg/auth/manager.go:457.16,460.3 1 0
coovachilli-go/pkg/auth/manager.go:462.2,467.33 5 0
coovachilli-go/pkg/auth/manager.go:467.33,469.3 1 0
coovachilli-go/pkg/auth/manager.go:472.2,472.28 1 0
coovachilli-go/pkg/auth/manager.go:472.28,474.3 1 0
coovachilli-go/pkg/auth/manager.go:475.2,484.12 5 0
coovachilli-go/pkg/auth/manager.go:488.93,493.13 4 1
coovachilli-go/pkg/auth/manager.go:493.13,495.3 1 1
coovachilli-go/pkg/auth/manager.go:497.2,497.41 1 1
coovachilli-go/pkg/auth/manager.go:497.41,499.3 1 1
coovachilli-go/pkg/auth/manager.go:501.2,501.21 1 1
coovachilli-go/pkg/auth/manager.go:505.75,509.53 3 1
coovachilli-go/pkg/auth/manager.go:509.53,511.3 1 1
coovachilli-go/pkg/auth/manager.go:513.2,517.12 4 1
coovachilli-go/pkg/auth/manager.go:521.55,530.41 6 1
coovachilli-go/pkg/auth/manager.go:530.41,532.3 1 0
coovachilli-go/pkg/auth/manager.go:533.2,535.14 2 1
coovachilli-go/pkg/auth/manager.go:539.59,543.21 3 1
coovachilli-go/pkg/auth/manager.go:543.21,548.43 4 0
coovachilli-go/pkg/auth/manager.go:548.43,549.36 1 0
coovachilli-go/pkg/auth/manager.go:549.36,552.5 2 0
coovachilli-go/pkg/auth/manager.go:555.3,558.18 3 0
coovachilli-go/pkg/auth/manager.go:558.18,562.4 1 0
coovachilli-go/pkg/auth/manager.go:568.33,570.2 1 1
coovachilli-go/pkg/auth/manager.go:572.36,574.55 2 1
coovachilli-go/pkg/auth/manager.go:574.55,577.3 1 0
coovachilli-go/pkg/auth/manager.go:578.2,578.45 1 1
coovachilli-go/pkg/auth/manager.go:581.46,583.55 2 1
coovachilli-go/pkg/auth/manager.go:583.55,585.3 1 0
coovachilli-go/pkg/auth/manager.go:586.2,586.54 1 1
coovachilli-go/pkg/auth/manager.go:590.63,592.22 2 0
coovachilli-go/pkg/auth/manager.go:592.22,611.3 1 0
coovachilli-go/pkg/auth/manager.go:613.2,614.22 2 0
coovachilli-go/pkg/auth/manager.go:614.22,629.3 1 0
coovachilli-go/pkg/auth/manager.go:631.2,635.3 1 0
coovachilli-go/pkg/auth/manager.go:638.79,646.2 1 0
coovachilli-go/pkg/auth/manager.go:648.67,664.2 1 0
coovachilli-go/pkg/auth/manager.go:666.75,677.2 1 0
coovachilli-go/pkg/auth/manager.go:679.78,685.2 1 0
coovachilli-go/pkg/config/config.go:265.39,267.2 1 0
coovachilli-go/pkg/config/config.go:460.41,465.16 3 0
coovachilli-go/pkg/config/config.go:465.16,467.26 1 0
coovachilli-go/pkg/config/config.go:467.26,469.4 1 0
coovachilli-go/pkg/config/config.go:473.2,473.19 1 0
coovachilli-go/pkg/config/config.go:473.19,474.52 1 0
coovachilli-go/pkg/config/config.go:474.52,476.4 1 0
coovachilli-go/pkg/config/config.go:481.2,481.63 1 0
coovachilli-go/pkg/config/config.go:481.63,483.3 1 0
coovachilli-go/pkg/config/config.go:486.2,486.31 1 0
coovachilli-go/pkg/config/config.go:486.31,489.3 2 0
coovachilli-go/pkg/config/config.go:490.2,490.30 1 0
coovachilli-go/pkg/config/config.go:490.30,493.3 2 0
coovachilli-go/pkg/config/config.go:494.2,494.37 1 0
coovachilli-go/pkg/config/config.go:494.37,497.3 2 0
coovachilli-go/pkg/config/config.go:498.2,498.39 1 0
coovachilli-go/pkg/config/config.go:498.39,501.3 2 0
coovachilli-go/pkg/config/config.go:502.2,502.29 1 0
coovachilli-go/pkg/config/config.go:502.29,505.3 2 0
coovachilli-go/pkg/config/config.go:506.2,506.35 1 0
coovachilli-go/pkg/config/config.go:506.35,509.3 2 0
coovachilli-go/pkg/config/config.go:510.2,510.36 1 0
coovachilli-go/pkg/config/config.go:510.36,513.3 2 0
coovachilli-go/pkg/config/config.go:516.2,516.27 1 0
coovachilli-go/pkg/config/config.go:516.27,518.38 2 0
coovachilli-go/pkg/config/config.go:518.38,520.18 2 0
coovachilli-go/pkg/config/config.go:520.18,522.5 1 0
coovachilli-go/pkg/config/config.go:523.4,523.32 1 0
coovachilli-go/pkg/config/config.go:528.2,528.22 1 0
coovachilli-go/pkg/config/config.go:528.22,530.17 2 0
coovachilli-go/pkg/config/config.go:530.17,532.4 1 0
coovachilli-go/pkg/config/config.go:533.3,533.19 1 0
coovachilli-go/pkg/config/config.go:536.2,536.24 1 0
coovachilli-go/pkg/config/config.go:536.24,538.17 2 0
coovachilli-go/pkg/config/config.go:538.17,540.4 1 0
coovachilli-go/pkg/config/config.go:541.3,541.21 1 0
coovachilli-go/pkg/config/config.go:545.2,545.45 1 0
coovachilli-go/pkg/config/config.go:545.45,547.3 1 0
coovachilli-go/pkg/config/config.go:549.2,549.31 1 0
coovachilli-go/pkg/config/config.go:549.31,551.3 1 0
coovachilli-go/pkg/config/config.go:553.2,553.18 1 0
coovachilli-go/pkg/config/reloader.go:25.70,30.2 1 0
coovachilli-go/pkg/config/reloader.go:33.47,37.2 3 0
coovachilli-go/pkg/config/reloader.go:40.36,44.16 3 0
coovachilli-go/pkg/config/reloader.go:44.16,47.3 2 0
coovachilli-go/pkg/config/reloader.go:49.2,49.31 1 0
coovachilli-go/pkg/config/reloader.go:53.56,58.41 4 0
coovachilli-go/pkg/config/reloader.go:58.41,60.58 2 0
coovachilli-go/pkg/config/reloader.go:60.58,62.4 1 0
coovachilli-go/pkg/config/reloader.go:62.9,64.4 1 0
coovachilli-go/pkg/config/reloader.go:66.2,66.55 1 0
coovachilli-go/pkg/cmdsock/cmdsock.go:31.113,38.2 1 1
coovachilli-go/pkg/cmdsock/cmdsock.go:41.27,42.23 1 1
coovachilli-go/pkg/cmdsock/cmdsock.go:42.23,45.3 2 1
coovachilli-go/pkg/cmdsock/cmdsock.go:49.28,50.18 1 1
coovachilli-go/pkg/cmdsock/cmdsock.go:50.18,53.3 2 0
coovachilli-go/pkg/cmdsock/cmdsock.go:56.2,56.65 1 1
coovachilli-go/pkg/cmdsock/cmdsock.go:56.65,58.3 1 0
coovachilli-go/pkg/cmdsock/cmdsock.go:60.2,61.16 2 1
coovachilli-go/pkg/cmdsock/cmdsock.go:61.16,64.3 2 0
coovachilli-go/pkg/cmdsock/cmdsock.go:65.2,69.6 3 1
coovachilli-go/pkg/cmdsock/cmdsock.go:69.6,71.17 2 1
coovachilli-go/pkg/cmdsock/cmdsock.go:71.17,74.37 1 1
coovachilli-go/pkg/cmdsock/cmdsock.go:74.37,77.5 2 1
coovachilli-go/pkg/cmdsock/cmdsock.go:78.4,79.10 2 0
coovachilli-go/pkg/cmdsock/cmdsock.go:81.3,81.30 1 1
coovachilli-go/pkg/cmdsock/cmdsock.go:85.52,90.21 4 1
coovachilli-go/pkg/cmdsock/cmdsock.go:90.21,92.19 2 1
coovachilli-go/pkg/cmdsock/cmdsock.go:92.19,93.12 1 0
coovachilli-go/pkg/cmdsock/cmdsock.go:95.3,101.64 3 1
coovachilli-go/pkg/cmdsock/cmdsock.go:101.64,103.4 1 1
coovachilli-go/pkg/cmdsock/cmdsock.go:106.2,106.38 1 1
coovachilli-go/pkg/cmdsock/cmdsock.go:106.38,108.3 1 0
coovachilli-go/pkg/cmdsock/cmdsock.go:111.56,113.21 2 1
coovachilli-go/pkg/cmdsock/cmdsock.go:113.21,115.3 1 0
coovachilli-go/pkg/cmdsock/cmdsock.go:117.2,118.13 2 1
coovachilli-go/pkg/cmdsock/cmdsock.go:119.14,120.32 1 0
coovachilli-go/pkg/cmdsock/cmdsock.go:121.14,122.21 1 0
coovachilli-go/pkg/cmdsock/cmdsock.go:122.21,124.4 1 0
coovachilli-go/pkg/cmdsock/cmdsock.go:125.3,125.39 1 0
coovachilli-go/pkg/cmdsock/cmdsock.go:126.28,127.21 1 0
coovachilli-go/pkg/cmdsock/cmdsock.go:127.21,129.4 1 0
coovachilli-go/pkg/cmdsock/cmdsock.go:131.3,133.10 3 0
coovachilli-go/pkg/cmdsock/cmdsock.go:134.33,135.19 1 0
coovachilli-go/pkg/cmdsock/cmdsock.go:137.14,138.24 1 0
coovachilli-go/pkg/cmdsock/cmdsock.go:139.17,140.33 1 0
coovachilli-go/pkg/cmdsock/cmdsock.go:141.16,144.10 3 1
coovachilli-go/pkg/cmdsock/cmdsock.go:145.33,146.19 1 1
coovachilli-go/pkg/cmdsock/cmdsock.go:148.10,149.93 1 0
coovachilli-go/pkg/cmdsock/cmdsock.go:151.2,151.13 1 0
coovachilli-go/pkg/cmdsock/cmdsock.go:154.48,156.24 2 0
coovachilli-go/pkg/cmdsock/cmdsock.go:156.24,158.3 1 0
coovachilli-go/pkg/cmdsock/cmdsock.go:160.2,165.29 5 0
coovachilli-go/pkg/cmdsock/cmdsock.go:165.29,170.21 5 0
coovachilli-go/pkg/cmdsock/cmdsock.go:170.21,172.4 1 0
coovachilli-go/pkg/cmdsock/cmdsock.go:173.3,174.22 2 0
coovachilli-go/pkg/cmdsock/cmdsock.go:174.22,176.4 1 0
coovachilli-go/pkg/cmdsock/cmdsock.go:177.3,178.96 2 0
coovachilli-go/pkg/cmdsock/cmdsock.go:181.2,181.20 1 0
coovachilli-go/pkg/cmdsock/cmdsock.go:184.64,190.15 4 0
coovachilli-go/pkg/cmdsock/cmdsock.go:190.15,192.3 1 0
coovachilli-go/pkg/cmdsock/cmdsock.go:192.8,194.17 2 0
coovachilli-go/pkg/cmdsock/cmdsock.go:194.17,196.4 1 0
coovachilli-go/pkg/cmdsock/cmdsock.go:199.2,199.27 1 0
coovachilli-go/pkg/cmdsock/cmdsock.go:199.27,201.3 1 0
coovachilli-go/pkg/cmdsock/cmdsock.go:203.2,221.20 17 0
coovachilli-go/pkg/cmdsock/cmdsock.go:224.40,233.2 1 0
coovachilli-go/pkg/core/reaper.go:21.121,29.2 1 1
coovachilli-go/pkg/core/reaper.go:32.33,35.19 2 0
coovachilli-go/pkg/core/reaper.go:35.19,37.3 1 0
coovachilli-go/pkg/core/reaper.go:38.2,40.82 3 0
coovachilli-go/pkg/core/reaper.go:44.32,45.21 1 0
coovachilli-go/pkg/core/reaper.go:45.21,47.3 1 0
coovachilli-go/pkg/core/reaper.go:48.2,49.47 2 0
coovachilli-go/pkg/core/reaper.go:52.31,53.6 1 0
coovachilli-go/pkg/core/reaper.go:53.6,54.10 1 0
coovachilli-go/pkg/core/reaper.go:55.21,56.20 1 0
coovachilli-go/pkg/core/reaper.go:57.17,58.10 1 0
coovachilli-go/pkg/core/reaper.go:63.40,68.35 4 1
coovachilli-go/pkg/core/reaper.go:68.35,69.29 1 1
coovachilli-go/pkg/core/reaper.go:69.29,70.12 1 1
coovachilli-go/pkg/core/reaper.go:73.3,81.25 7 1
coovachilli-go/pkg/core/reaper.go:81.25,83.41 2 1
coovachilli-go/pkg/core/reaper.go:83.41,86.13 3 1
coovachilli-go/pkg/core/reaper.go:91.3,91.22 1 1
coovachilli-go/pkg/core/reaper.go:91.22,93.35 2 1
coovachilli-go/pkg/core/reaper.go:93.35,96.13 3 1
coovachilli-go/pkg/core/session.go:22.29,24.2 1 1
coovachilli-go/pkg/core/session.go:98.34,100.2 1 0
coovachilli-go/pkg/core/session.go:103.45,105.2 1 0
coovachilli-go/pkg/core/session.go:108.56,110.2 1 0
coovachilli-go/pkg/core/session.go:113.48,115.2 1 0
coovachilli-go/pkg/core/session.go:118.26,120.2 1 0
coovachilli-go/pkg/core/session.go:122.28,124.2 1 0
coovachilli-go/pkg/core/session.go:126.27,128.2 1 0
coovachilli-go/pkg/core/session.go:130.29,132.2 1 0
coovachilli-go/pkg/core/session.go:134.56,146.9 1 0
coovachilli-go/pkg/core/session.go:146.9,156.3 9 0
coovachilli-go/pkg/core/session.go:190.49,222.2 3 1
coovachilli-go/pkg/core/session.go:225.50,247.2 1 0
coovachilli-go/pkg/core/session.go:305.110,306.21 1 1
coovachilli-go/pkg/core/session.go:306.21,308.3 1 1
coovachilli-go/pkg/core/session.go:310.2,314.3 1 1
coovachilli-go/pkg/core/session.go:318.56,322.2 3 0
coovachilli-go/pkg/core/session.go:332.98,335.36 2 1
coovachilli-go/pkg/core/session.go:335.36,338.3 2 0
coovachilli-go/pkg/core/session.go:339.2,367.15 6 1
coovachilli-go/pkg/core/session.go:367.15,368.22 1 1
coovachilli-go/pkg/core/session.go:368.22,370.4 1 1
coovachilli-go/pkg/core/session.go:370.9,372.4 1 0
coovachilli-go/pkg/core/session.go:374.2,374.16 1 1
coovachilli-go/pkg/core/session.go:374.16,376.3 1 1
coovachilli-go/pkg/core/session.go:378.2,385.19 5 1
coovachilli-go/pkg/core/session.go:385.19,387.3 1 0
coovachilli-go/pkg/core/session.go:389.2,389.16 1 1
coovachilli-go/pkg/core/session.go:393.81,395.24 1 0
coovachilli-go/pkg/core/session.go:395.24,396.60 1 0
coovachilli-go/pkg/core/session.go:396.60,398.4 1 0
coovachilli-go/pkg/core/session.go:399.3,399.60 1 0
coovachilli-go/pkg/core/session.go:399.60,401.4 1 0
coovachilli-go/pkg/core/session.go:402.8,403.60 1 0
coovachilli-go/pkg/core/session.go:403.60,405.4 1 0
coovachilli-go/pkg/core/session.go:406.3,406.60 1 0
coovachilli-go/pkg/core/session.go:406.60,408.4 1 0
coovachilli-go/pkg/core/session.go:411.2,411.19 1 0
coovachilli-go/pkg/core/session.go:415.58,418.21 2 0
coovachilli-go/pkg/core/session.go:418.21,420.3 1 0
coovachilli-go/pkg/core/session.go:420.8,422.3 1 0
coovachilli-go/pkg/core/session.go:423.2,423.15 1 0
coovachilli-go/pkg/core/session.go:427.70,431.21 3 1
coovachilli-go/pkg/core/session.go:431.21,433.3 1 1
coovachilli-go/pkg/core/session.go:433.8,435.3 1 0
coovachilli-go/pkg/core/session.go:436.2,436.9 1 1
coovachilli-go/pkg/core/session.go:436.9,438.3 1 1
coovachilli-go/pkg/core/session.go:439.2,439.29 1 1
coovachilli-go/pkg/core/session.go:443.82,446.9 2 1
coovachilli-go/pkg/core/session.go:446.9,448.3 1 1
coovachilli-go/pkg/core/session.go:449.2,449.29 1 1
coovachilli-go/pkg/core/session.go:454.76,456.2 1 0
coovachilli-go/pkg/core/session.go:460.61,462.2 0 0
coovachilli-go/pkg/core/session.go:465.59,466.20 1 1
coovachilli-go/pkg/core/session.go:466.20,468.3 1 0
coovachilli-go/pkg/core/session.go:471.2,475.23 4 1
coovachilli-go/pkg/core/session.go:475.23,477.3 1 0
coovachilli-go/pkg/core/session.go:480.2,480.26 1 1
coovachilli-go/pkg/core/session.go:480.26,481.33 1 1
coovachilli-go/pkg/core/session.go:481.33,483.4 1 1
coovachilli-go/pkg/core/session.go:483.9,485.4 1 0
coovachilli-go/pkg/core/session.go:487.2,487.27 1 1
coovachilli-go/pkg/core/session.go:487.27,489.3 1 1
coovachilli-go/pkg/core/session.go:491.2,498.9 5 1
coovachilli-go/pkg/core/session.go:499.28,499.28 0 0
coovachilli-go/pkg/core/session.go:500.10,501.28 1 1
coovachilli-go/pkg/core/session.go:506.71,511.2 4 0
coovachilli-go/pkg/core/session.go:514.55,517.60 2 1
coovachilli-go/pkg/core/session.go:517.60,520.3 2 1
coovachilli-go/pkg/core/session.go:521.2,521.60 1 1
coovachilli-go/pkg/core/session.go:521.60,524.3 2 0
coovachilli-go/pkg/core/session.go:525.2,525.17 1 1
coovachilli-go/pkg/core/session.go:530.48,531.32 1 1
coovachilli-go/pkg/core/session.go:531.32,533.3 1 0
coovachilli-go/pkg/core/session.go:534.2,534.30 1 1
coovachilli-go/pkg/core/session.go:534.30,537.3 2 0
coovachilli-go/pkg/core/session.go:539.2,542.59 3 1
coovachilli-go/pkg/core/session.go:542.59,544.22 2 1
coovachilli-go/pkg/core/session.go:544.22,546.4 1 1
coovachilli-go/pkg/core/session.go:547.3,547.14 1 1
coovachilli-go/pkg/core/session.go:550.2,552.30 2 1
coovachilli-go/pkg/core/session.go:552.30,556.3 2 0
coovachilli-go/pkg/core/session.go:558.2,564.16 3 1
coovachilli-go/pkg/core/session.go:564.16,566.3 1 0
coovachilli-go/pkg/core/session.go:569.2,570.59 2 1
coovachilli-go/pkg/core/session.go:570.59,572.3 1 0
coovachilli-go/pkg/core/session.go:575.2,575.50 1 1
coovachilli-go/pkg/core/session.go:575.50,577.3 1 0
coovachilli-go/pkg/core/session.go:579.2,580.12 2 1
coovachilli-go/pkg/core/session.go:584.48,585.32 1 1
coovachilli-go/pkg/core/session.go:585.32,587.3 1 0
coovachilli-go/pkg/core/session.go:588.2,588.30 1 1
coovachilli-go/pkg/core/session.go:588.30,591.3 2 0
coovachilli-go/pkg/core/session.go:593.2,597.16 4 1
coovachilli-go/pkg/core/session.go:597.16,598.25 1 0
coovachilli-go/pkg/core/session.go:598.25,601.4 2 0
coovachilli-go/pkg/core/session.go:602.3,602.60 1 0
coovachilli-go/pkg/core/session.go:605.2,605.44 1 1
coovachilli-go/pkg/core/session.go:605.44,608.3 2 0
coovachilli-go/pkg/core/session.go:610.2,611.53 2 1
coovachilli-go/pkg/core/session.go:611.53,615.3 2 0
coovachilli-go/pkg/core/session.go:617.2,620.35 3 1
coovachilli-go/pkg/core/session.go:620.35,622.41 1 1
coovachilli-go/pkg/core/session.go:622.41,623.50 1 1
coovachilli-go/pkg/core/session.go:623.50,625.13 2 0
coovachilli-go/pkg/core/session.go:627.4,627.46 1 1
coovachilli-go/pkg/core/session.go:629.3,629.38 1 1
coovachilli-go/pkg/core/session.go:629.38,630.47 1 1
coovachilli-go/pkg/core/session.go:630.47,632.13 2 1
coovachilli-go/pkg/core/session.go:634.4,634.43 1 1
coovachilli-go/pkg/core/session.go:638.3,647.21 5 1
coovachilli-go/pkg/core/session.go:647.21,648.28 1 1
coovachilli-go/pkg/core/session.go:648.28,650.5 1 1
coovachilli-go/pkg/core/session.go:650.10,652.5 1 0
coovachilli-go/pkg/core/session.go:654.3,654.22 1 1
coovachilli-go/pkg/core/session.go:654.22,656.4 1 1
coovachilli-go/pkg/core/session.go:658.3,661.16 4 1
coovachilli-go/pkg/core/session.go:664.2,665.12 2 1
coovachilli-go/pkg/core/session.go:669.35,671.55 2 1
coovachilli-go/pkg/core/session.go:671.55,674.3 1 0
coovachilli-go/pkg/core/session.go:675.2,675.45 1 1
coovachilli-go/pkg/core/session_state.go:42.52,75.2 1 1
coovachilli-go/pkg/core/session_state.go:78.56,82.2 3 0
coovachilli-go/pkg/core/session_state.go:85.76,90.13 4 0
coovachilli-go/pkg/core/session_state.go:90.13,92.3 1 0
coovachilli-go/pkg/core/session_state.go:94.2,94.28 1 0
coovachilli-go/pkg/core/session_state.go:94.28,95.20 1 0
coovachilli-go/pkg/core/session_state.go:95.20,97.4 1 0
coovachilli-go/pkg/core/session_state.go:99.2,99.14 1 0
coovachilli-go/pkg/core/session_state.go:103.74,108.13 4 0
coovachilli-go/pkg/core/session_state.go:108.13,110.3 1 0
coovachilli-go/pkg/core/session_state.go:112.2,113.28 2 0
coovachilli-go/pkg/core/session_state.go:113.28,114.20 1 0
coovachilli-go/pkg/core/session_state.go:114.20,116.9 2 0
coovachilli-go/pkg/core/session_state.go:120.2,120.20 1 0
coovachilli-go/pkg/core/session_state.go:120.20,122.3 1 0
coovachilli-go/pkg/core/session_state.go:124.2,125.12 2 0
coovachilli-go/pkg/core/session_state.go:129.66,133.2 3 0
coovachilli-go/pkg/core/session_state.go:136.50,140.2 3 0
coovachilli-go/pkg/core/session_state.go:143.55,147.2 3 0
coovachilli-go/pkg/core/shaper.go:53.56,58.28 3 1
coovachilli-go/pkg/core/shaper.go:58.28,60.3 1 0
coovachilli-go/pkg/core/shaper.go:60.8,60.47 1 1
coovachilli-go/pkg/core/shaper.go:60.47,62.3 1 0
coovachilli-go/pkg/core/shaper.go:63.2,63.38 1 1
coovachilli-go/pkg/core/shaper.go:63.38,65.3 1 1
coovachilli-go/pkg/core/shaper.go:68.2,68.28 1 1
coovachilli-go/pkg/core/shaper.go:68.28,70.3 1 0
coovachilli-go/pkg/core/shaper.go:70.8,70.49 1 1
coovachilli-go/pkg/core/shaper.go:70.49,72.3 1 1
coovachilli-go/pkg/core/shaper.go:73.2,73.40 1 1
coovachilli-go/pkg/core/shaper.go:73.40,75.3 1 0
coovachilli-go/pkg/core/shaper.go:78.2,78.29 1 1
coovachilli-go/pkg/core/shaper.go:78.29,79.43 1 0
coovachilli-go/pkg/core/shaper.go:79.43,81.4 1 0
coovachilli-go/pkg/core/shaper.go:82.3,82.45 1 0
coovachilli-go/pkg/core/shaper.go:82.45,84.4 1 0
coovachilli-go/pkg/core/shaper.go:87.2,87.27 1 1
coovachilli-go/pkg/core/shaper.go:92.75,97.111 3 1
coovachilli-go/pkg/core/shaper.go:97.111,99.3 1 0
coovachilli-go/pkg/core/shaper.go:101.2,105.14 4 1
coovachilli-go/pkg/core/shaper.go:105.14,110.31 2 0
coovachilli-go/pkg/core/shaper.go:110.31,112.4 1 0
coovachilli-go/pkg/core/shaper.go:112.9,114.4 1 0
coovachilli-go/pkg/core/shaper.go:117.3,117.49 1 0
coovachilli-go/pkg/core/shaper.go:117.49,119.4 1 0
coovachilli-go/pkg/core/shaper.go:120.3,120.27 1 0
coovachilli-go/pkg/core/shaper.go:121.8,126.33 2 1
coovachilli-go/pkg/core/shaper.go:126.33,128.4 1 1
coovachilli-go/pkg/core/shaper.go:128.9,130.4 1 1
coovachilli-go/pkg/core/shaper.go:133.3,133.53 1 1
coovachilli-go/pkg/core/shaper.go:133.53,135.4 1 1
coovachilli-go/pkg/core/shaper.go:136.3,136.29 1 1
coovachilli-go/pkg/core/shaper.go:139.2,139.14 1 1
coovachilli-go/pkg/core/shaper.go:143.71,144.26 1 0
coovachilli-go/pkg/core/shaper.go:144.26,148.3 1 0
coovachilli-go/pkg/core/shaper.go:150.2,156.14 5 0
coovachilli-go/pkg/core/shaper.go:156.14,158.19 2 0
coovachilli-go/pkg/core/shaper.go:158.19,160.4 1 0
coovachilli-go/pkg/core/shaper.go:161.8,163.19 2 0
coovachilli-go/pkg/core/shaper.go:163.19,165.4 1 0
coovachilli-go/pkg/core/shaper.go:168.2,168.36 1 0
coovachilli-go/pkg/core/shaper.go:172.41,173.26 1 0
coovachilli-go/pkg/core/shaper.go:173.26,175.3 1 0
coovachilli-go/pkg/core/shaper.go:177.2,179.27 3 0
coovachilli-go/pkg/core/shaper.go:183.40,184.26 1 0
coovachilli-go/pkg/core/shaper.go:184.26,186.3 1 0
coovachilli-go/pkg/core/shaper.go:188.2,190.27 3 0
coovachilli-go/pkg/core/shaper.go:194.48,195.26 1 0
coovachilli-go/pkg/core/shaper.go:195.26,197.3 1 0
coovachilli-go/pkg/core/shaper.go:199.2,210.3 3 0
coovachilli-go/pkg/core/shaper.go:214.86,220.15 4 0
coovachilli-go/pkg/core/shaper.go:220.15,223.3 1 0
coovachilli-go/pkg/core/shaper.go:226.2,237.14 8 0
coovachilli-go/pkg/core/shaper.go:237.14,240.3 2 0
coovachilli-go/pkg/core/shaper.go:240.8,243.3 2 0
coovachilli-go/pkg/core/shaper.go:246.2,247.27 2 0
coovachilli-go/pkg/core/shaper.go:247.27,249.3 1 0
coovachilli-go/pkg/core/shaper.go:249.8,251.3 1 0
coovachilli-go/pkg/core/shaper.go:254.2,254.62 1 0
coovachilli-go/pkg/core/shaper.go:254.62,257.3 2 0
coovachilli-go/pkg/core/shaper.go:260.2,260.41 1 0
coovachilli-go/pkg/core/shaper.go:260.41,262.29 1 0
coovachilli-go/pkg/core/shaper.go:262.29,265.74 1 0
coovachilli-go/pkg/core/shaper.go:265.74,267.5 1 0
coovachilli-go/pkg/core/shaper.go:271.3,271.52 1 0
coovachilli-go/pkg/core/shaper.go:271.52,273.4 1 0
coovachilli-go/pkg/core/shaper.go:276.2,277.14 2 0
coovachilli-go/pkg/core/shaper.go:281.68,283.29 1 0
coovachilli-go/pkg/core/shaper.go:283.29,284.47 1 0
coovachilli-go/pkg/core/shaper.go:284.47,286.4 1 0
coovachilli-go/pkg/core/shaper.go:290.2,290.41 1 0
coovachilli-go/pkg/core/shaper.go:294.62,295.18 1 0
coovachilli-go/pkg/core/shaper.go:296.21,304.4 1 0
coovachilli-go/pkg/core/shaper.go:305.21,313.4 1 0
coovachilli-go/pkg/core/shaper.go:314.27,322.4 1 0
coovachilli-go/pkg/core/shaper.go:323.24,331.4 1 0
coovachilli-go/pkg/core/shaper.go:332.26,340.4 1 0
coovachilli-go/pkg/core/shaper.go:341.26,342.14 1 0
coovachilli-go/pkg/core/shaper.go:343.10,351.4 1 0
coovachilli-go/pkg/core/shaper.go:356.71,360.29 3 0
coovachilli-go/pkg/core/shaper.go:360.29,362.3 1 0
coovachilli-go/pkg/core/shaper.go:364.2,364.33 1 0
coovachilli-go/pkg/core/shaper.go:368.43,375.2 5 0
coovachilli-go/pkg/core/shaper.go:378.72,387.19 5 0
coovachilli-go/pkg/core/shaper.go:387.19,389.39 2 0
coovachilli-go/pkg/core/shaper.go:389.39,391.4 1 0
coovachilli-go/pkg/core/shaper.go:394.2,394.21 1 0
coovachilli-go/pkg/core/shaper.go:394.21,396.41 2 0
coovachilli-go/pkg/core/shaper.go:396.41,398.4 1 0
coovachilli-go/pkg/disconnect/disconnect.go:24.190,33.2 1 0
coovachilli-go/pkg/disconnect/disconnect.go:37.68,39.28 2 0
coovachilli-go/pkg/disconnect/disconnect.go:39.28,43.3 3 0
coovachilli-go/pkg/disconnect/disconnect.go:46.2,65.27 6 0
coovachilli-go/pkg/disconnect/disconnect.go:65.27,67.17 2 0
coovachilli-go/pkg/disconnect/disconnect.go:67.17,75.4 6 0
coovachilli-go/pkg/disconnect/disconnect.go:76.3,76.20 1 0
coovachilli-go/pkg/disconnect/disconnect.go:80.2,80.27 1 0
coovachilli-go/pkg/disconnect/disconnect.go:80.27,84.3 2 0
coovachilli-go/pkg/disconnect/disconnect.go:87.2,87.17 1 0
coovachilli-go/pkg/disconnect/disconnect.go:87.17,88.69 1 0
coovachilli-go/pkg/disconnect/disconnect.go:88.69,93.43 2 0
coovachilli-go/pkg/disconnect/disconnect.go:93.43,99.5 5 0
coovachilli-go/pkg/disconnect/disconnect.go:102.4,103.10 2 0
coovachilli-go/pkg/disconnect/disconnect.go:105.3,105.25 1 0
coovachilli-go/pkg/disconnect/disconnect.go:109.2,116.41 2 0
coovachilli-go/pkg/dhcp/dhcp.go:58.236,62.20 4 0
coovachilli-go/pkg/dhcp/dhcp.go:62.20,64.17 2 0
coovachilli-go/pkg/dhcp/dhcp.go:64.17,66.4 1 0
coovachilli-go/pkg/dhcp/dhcp.go:67.3,67.53 1 0
coovachilli-go/pkg/dhcp/dhcp.go:67.53,69.18 2 0
coovachilli-go/pkg/dhcp/dhcp.go:69.18,71.5 1 0
coovachilli-go/pkg/dhcp/dhcp.go:72.9,74.4 1 0
coovachilli-go/pkg/dhcp/dhcp.go:77.2,78.16 2 0
coovachilli-go/pkg/dhcp/dhcp.go:78.16,80.3 1 0
coovachilli-go/pkg/dhcp/dhcp.go:81.2,82.29 2 0
coovachilli-go/pkg/dhcp/dhcp.go:82.29,83.74 1 0
coovachilli-go/pkg/dhcp/dhcp.go:83.74,85.9 2 0
coovachilli-go/pkg/dhcp/dhcp.go:88.2,88.22 1 0
coovachilli-go/pkg/dhcp/dhcp.go:88.22,90.3 1 0
coovachilli-go/pkg/dhcp/dhcp.go:92.2,92.21 1 0
coovachilli-go/pkg/dhcp/dhcp.go:92.21,94.3 1 0
coovachilli-go/pkg/dhcp/dhcp.go:97.2,120.20 6 0
coovachilli-go/pkg/dhcp/dhcp.go:123.31,127.21 3 0
coovachilli-go/pkg/dhcp/dhcp.go:127.21,130.38 3 0
coovachilli-go/pkg/dhcp/dhcp.go:130.38,131.39 1 0
coovachilli-go/pkg/dhcp/dhcp.go:131.39,135.5 3 0
coovachilli-go/pkg/dhcp/dhcp.go:137.3,138.13 2 0
coovachilli-go/pkg/dhcp/dhcp.go:142.27,144.45 2 0
coovachilli-go/pkg/dhcp/dhcp.go:144.45,145.74 1 0
coovachilli-go/pkg/dhcp/dhcp.go:145.74,147.52 2 0
coovachilli-go/pkg/dhcp/dhcp.go:147.52,148.30 1 0
coovachilli-go/pkg/dhcp/dhcp.go:148.30,150.6 1 0
coovachilli-go/pkg/dhcp/dhcp.go:151.5,151.13 1 0
coovachilli-go/pkg/dhcp/dhcp.go:155.3,156.22 2 0
coovachilli-go/pkg/dhcp/dhcp.go:156.22,157.12 1 0
coovachilli-go/pkg/dhcp/dhcp.go:159.3,161.22 2 0
coovachilli-go/pkg/dhcp/dhcp.go:162.15,164.24 2 0
coovachilli-go/pkg/dhcp/dhcp.go:164.24,166.13 2 0
coovachilli-go/pkg/dhcp/dhcp.go:168.4,168.23 1 0
coovachilli-go/pkg/dhcp/dhcp.go:168.23,169.49 1 0
coovachilli-go/pkg/dhcp/dhcp.go:169.49,171.6 1 0
coovachilli-go/pkg/dhcp/dhcp.go:172.10,174.19 2 0
coovachilli-go/pkg/dhcp/dhcp.go:174.19,176.14 2 0
coovachilli-go/pkg/dhcp/dhcp.go:178.5,178.25 1 0
coovachilli-go/pkg/dhcp/dhcp.go:178.25,179.63 1 0
coovachilli-go/pkg/dhcp/dhcp.go:179.63,181.7 1 0
coovachilli-go/pkg/dhcp/dhcp.go:184.17,185.45 1 0
coovachilli-go/pkg/dhcp/dhcp.go:185.45,187.13 2 0
coovachilli-go/pkg/dhcp/dhcp.go:189.4,190.24 2 0
coovachilli-go/pkg/dhcp/dhcp.go:190.24,192.13 2 0
coovachilli-go/pkg/dhcp/dhcp.go:194.4,195.18 2 0
coovachilli-go/pkg/dhcp/dhcp.go:195.18,197.13 2 0
coovachilli-go/pkg/dhcp/dhcp.go:199.4,199.24 1 0
coovachilli-go/pkg/dhcp/dhcp.go:199.24,200.67 1 0
coovachilli-go/pkg/dhcp/dhcp.go:200.67,202.6 1 0
coovachilli-go/pkg/dhcp/dhcp.go:208.88,235.69 8 0
coovachilli-go/pkg/dhcp/dhcp.go:235.69,237.3 1 0
coovachilli-go/pkg/dhcp/dhcp.go:239.2,250.16 3 0
coovachilli-go/pkg/dhcp/dhcp.go:250.16,252.3 1 0
coovachilli-go/pkg/dhcp/dhcp.go:254.2,254.65 1 0
coovachilli-go/pkg/dhcp/dhcp.go:254.65,256.3 1 0
coovachilli-go/pkg/dhcp/dhcp.go:258.2,259.12 2 0
coovachilli-go/pkg/dhcp/dhcp.go:262.60,264.22 2 0
coovachilli-go/pkg/dhcp/dhcp.go:264.22,266.3 1 0
coovachilli-go/pkg/dhcp/dhcp.go:267.2,270.16 3 0
coovachilli-go/pkg/dhcp/dhcp.go:270.16,272.3 1 0
coovachilli-go/pkg/dhcp/dhcp.go:274.2,284.16 6 0
coovachilli-go/pkg/dhcp/dhcp.go:284.16,286.3 1 0
coovachilli-go/pkg/dhcp/dhcp.go:287.2,288.16 2 0
coovachilli-go/pkg/dhcp/dhcp.go:288.16,290.3 1 0
coovachilli-go/pkg/dhcp/dhcp.go:291.2,292.15 2 0
coovachilli-go/pkg/dhcp/dhcp.go:292.15,294.3 1 0
coovachilli-go/pkg/dhcp/dhcp.go:296.2,301.16 3 0
coovachilli-go/pkg/dhcp/dhcp.go:301.16,303.3 1 0
coovachilli-go/pkg/dhcp/dhcp.go:304.2,306.60 2 0
coovachilli-go/pkg/dhcp/dhcp.go:306.60,308.3 1 0
coovachilli-go/pkg/dhcp/dhcp.go:310.2,318.16 5 0
coovachilli-go/pkg/dhcp/dhcp.go:318.16,320.3 1 0
coovachilli-go/pkg/dhcp/dhcp.go:322.2,325.16 3 0
coovachilli-go/pkg/dhcp/dhcp.go:325.16,327.3 1 0
coovachilli-go/pkg/dhcp/dhcp.go:329.2,329.61 1 0
coovachilli-go/pkg/dhcp/dhcp.go:332.79,334.16 2 0
coovachilli-go/pkg/dhcp/dhcp.go:334.16,336.3 1 0
coovachilli-go/pkg/dhcp/dhcp.go:338.2,353.86 3 0
coovachilli-go/pkg/dhcp/dhcp.go:353.86,356.3 2 0
coovachilli-go/pkg/dhcp/dhcp.go:358.2,362.69 2 0
coovachilli-go/pkg/dhcp/dhcp.go:362.69,364.3 1 0
coovachilli-go/pkg/dhcp/dhcp.go:366.2,377.16 3 0
coovachilli-go/pkg/dhcp/dhcp.go:377.16,379.3 1 0
coovachilli-go/pkg/dhcp/dhcp.go:381.2,381.65 1 0
coovachilli-go/pkg/dhcp/dhcp.go:381.65,383.3 1 0
coovachilli-go/pkg/dhcp/dhcp.go:385.2,386.12 2 0
coovachilli-go/pkg/dhcp/dhcp.go:389.77,392.16 3 1
coovachilli-go/pkg/dhcp/dhcp.go:392.16,394.3 1 0
coovachilli-go/pkg/dhcp/dhcp.go:396.2,399.9 3 1
coovachilli-go/pkg/dhcp/dhcp.go:399.9,401.3 1 0
coovachilli-go/pkg/dhcp/dhcp.go:404.2,405.23 2 1
coovachilli-go/pkg/dhcp/dhcp.go:405.23,407.40 2 1
coovachilli-go/pkg/dhcp/dhcp.go:407.40,412.4 2 1
coovachilli-go/pkg/dhcp/dhcp.go:415.2,416.20 2 1
coovachilli-go/pkg/dhcp/dhcp.go:417.33,418.39 1 1
coovachilli-go/pkg/dhcp/dhcp.go:419.33,420.41 1 1
coovachilli-go/pkg/dhcp/dhcp.go:421.10,423.23 2 0
coovachilli-go/pkg/dhcp/dhcp.go:426.2,426.16 1 1
coovachilli-go/pkg/dhcp/dhcp.go:426.16,428.3 1 1
coovachilli-go/pkg/dhcp/dhcp.go:429.2,429.17 1 1
coovachilli-go/pkg/dhcp/dhcp.go:429.17,431.3 1 0
coovachilli-go/pkg/dhcp/dhcp.go:433.2,433.34 1 1
coovachilli-go/pkg/dhcp/dhcp.go:436.76,442.16 5 1
coovachilli-go/pkg/dhcp/dhcp.go:442.16,444.3 1 1
coovachilli-go/pkg/dhcp/dhcp.go:446.2,447.23 2 1
coovachilli-go/pkg/dhcp/dhcp.go:447.23,449.3 1 0
coovachilli-go/pkg/dhcp/dhcp.go:451.2,455.55 2 1
coovachilli-go/pkg/dhcp/dhcp.go:455.55,457.17 2 1
coovachilli-go/pkg/dhcp/dhcp.go:457.17,459.4 1 0
coovachilli-go/pkg/dhcp/dhcp.go:461.3,461.78 1 1
coovachilli-go/pkg/dhcp/dhcp.go:462.8,465.17 2 1
coovachilli-go/pkg/dhcp/dhcp.go:465.17,467.4 1 0
coovachilli-go/pkg/dhcp/dhcp.go:470.2,479.20 5 1
coovachilli-go/pkg/dhcp/dhcp.go:479.20,481.3 1 0
coovachilli-go/pkg/dhcp/dhcp.go:482.2,496.25 6 1
coovachilli-go/pkg/dhcp/dhcp.go:496.25,498.3 1 1
coovachilli-go/pkg/dhcp/dhcp.go:499.2,499.25 1 1
coovachilli-go/pkg/dhcp/dhcp.go:499.25,501.3 1 0
coovachilli-go/pkg/dhcp/dhcp.go:502.2,502.25 1 1
coovachilli-go/pkg/dhcp/dhcp.go:502.25,504.3 1 1
coovachilli-go/pkg/dhcp/dhcp.go:506.2,507.18 2 1
coovachilli-go/pkg/dhcp/dhcp.go:510.78,513.23 3 1
coovachilli-go/pkg/dhcp/dhcp.go:513.23,515.3 1 0
coovachilli-go/pkg/dhcp/dhcp.go:517.2,518.20 2 1
coovachilli-go/pkg/dhcp/dhcp.go:518.20,520.3 1 0
coovachilli-go/pkg/dhcp/dhcp.go:521.2,523.22 3 1
coovachilli-go/pkg/dhcp/dhcp.go:523.22,525.3 1 0
coovachilli-go/pkg/dhcp/dhcp.go:526.2,536.16 6 1
coovachilli-go/pkg/dhcp/dhcp.go:536.16,538.3 1 0
coovachilli-go/pkg/dhcp/dhcp.go:540.2,557.25 8 1
coovachilli-go/pkg/dhcp/dhcp.go:557.25,559.3 1 0
coovachilli-go/pkg/dhcp/dhcp.go:560.2,560.25 1 1
coovachilli-go/pkg/dhcp/dhcp.go:560.25,562.3 1 0
coovachilli-go/pkg/dhcp/dhcp.go:563.2,563.25 1 1
coovachilli-go/pkg/dhcp/dhcp.go:563.25,565.3 1 0
coovachilli-go/pkg/dhcp/dhcp.go:567.2,568.18 2 1
coovachilli-go/pkg/dhcp/dhcp.go:571.107,573.16 2 1
coovachilli-go/pkg/dhcp/dhcp.go:573.16,575.3 1 0
coovachilli-go/pkg/dhcp/dhcp.go:578.2,579.38 2 1
coovachilli-go/pkg/dhcp/dhcp.go:579.38,584.3 2 0
coovachilli-go/pkg/dhcp/dhcp.go:586.2,592.27 5 1
coovachilli-go/pkg/dhcp/dhcp.go:593.34,594.41 1 0
coovachilli-go/pkg/dhcp/dhcp.go:595.33,596.48 1 1
coovachilli-go/pkg/dhcp/dhcp.go:597.10,599.23 2 0
coovachilli-go/pkg/dhcp/dhcp.go:602.2,602.16 1 1
coovachilli-go/pkg/dhcp/dhcp.go:602.16,604.3 1 0
coovachilli-go/pkg/dhcp/dhcp.go:606.2,606.28 1 1
coovachilli-go/pkg/dhcp/dhcp.go:609.69,615.16 5 0
coovachilli-go/pkg/dhcp/dhcp.go:615.16,617.3 1 0
coovachilli-go/pkg/dhcp/dhcp.go:619.2,622.16 3 0
coovachilli-go/pkg/dhcp/dhcp.go:622.16,624.3 1 0
coovachilli-go/pkg/dhcp/dhcp.go:626.2,633.28 7 0
coovachilli-go/pkg/dhcp/dhcp.go:636.92,642.74 5 1
coovachilli-go/pkg/dhcp/dhcp.go:642.74,644.3 1 0
coovachilli-go/pkg/dhcp/dhcp.go:644.8,646.3 1 1
coovachilli-go/pkg/dhcp/dhcp.go:648.2,648.43 1 1
coovachilli-go/pkg/dhcp/dhcp.go:648.43,650.3 1 0
coovachilli-go/pkg/dhcp/dhcp.go:652.2,653.56 2 1
coovachilli-go/pkg/dhcp/dhcp.go:653.56,655.3 1 1
coovachilli-go/pkg/dhcp/dhcp.go:657.2,657.16 1 1
coovachilli-go/pkg/dhcp/dhcp.go:657.17,661.3 0 0
coovachilli-go/pkg/dhcp/dhcp.go:663.2,664.9 2 1
coovachilli-go/pkg/dhcp/dhcp.go:664.9,665.16 1 0
coovachilli-go/pkg/dhcp/dhcp.go:665.16,668.4 2 0
coovachilli-go/pkg/dhcp/dhcp.go:669.3,671.75 3 0
coovachilli-go/pkg/dhcp/dhcp.go:671.75,674.4 2 0
coovachilli-go/pkg/dhcp/dhcp.go:675.3,675.76 1 0
coovachilli-go/pkg/dhcp/dhcp.go:679.2,683.26 4 1
coovachilli-go/pkg/dhcp/dhcp.go:683.26,698.17 6 0
coovachilli-go/pkg/dhcp/dhcp.go:698.17,700.4 1 0
coovachilli-go/pkg/dhcp/dhcp.go:701.3,709.29 8 0
coovachilli-go/pkg/dhcp/dhcp.go:712.2,715.9 3 1
coovachilli-go/pkg/dhcp/dhcp.go:716.38,717.14 1 1
coovachilli-go/pkg/dhcp/dhcp.go:717.14,719.17 2 1
coovachilli-go/pkg/dhcp/dhcp.go:719.17,721.5 1 1
coovachilli-go/pkg/dhcp/dhcp.go:722.4,725.25 4 1
coovachilli-go/pkg/dhcp/dhcp.go:727.37,729.16 2 0
coovachilli-go/pkg/dhcp/dhcp.go:729.16,731.4 1 0
coovachilli-go/pkg/dhcp/dhcp.go:732.3,735.24 4 0
coovachilli-go/pkg/dhcp/dhcp.go:738.2,747.16 5 0
coovachilli-go/pkg/dhcp/dhcp.go:747.16,749.3 1 0
coovachilli-go/pkg/dhcp/dhcp.go:751.2,760.28 8 0
coovachilli-go/pkg/dhcp/dhcp.go:763.62,765.16 2 1
coovachilli-go/pkg/dhcp/dhcp.go:765.16,767.3 1 0
coovachilli-go/pkg/dhcp/dhcp.go:768.2,770.28 3 1
coovachilli-go/pkg/dhcp/dhcp.go:773.48,774.32 1 1
coovachilli-go/pkg/dhcp/dhcp.go:774.32,776.3 1 0
coovachilli-go/pkg/dhcp/dhcp.go:777.2,781.8 1 1
coovachilli-go/pkg/dhcp/dhcp.go:784.44,785.23 1 1
coovachilli-go/pkg/dhcp/dhcp.go:785.23,786.27 1 1
coovachilli-go/pkg/dhcp/dhcp.go:786.27,789.4 2 1
coovachilli-go/pkg/dhcp/dhcp.go:790.3,790.22 1 1
coovachilli-go/pkg/dhcp/dhcp.go:790.22,791.9 1 1
coovachilli-go/pkg/dhcp/dhcp.go:793.3,793.18 1 1
coovachilli-go/pkg/dhcp/dhcp.go:795.2,795.60 1 1
coovachilli-go/pkg/dhcp/dhcp.go:798.31,801.38 3 1
coovachilli-go/pkg/dhcp/dhcp.go:801.38,803.18 2 1
coovachilli-go/pkg/dhcp/dhcp.go:803.18,804.9 1 1
coovachilli-go/pkg/dhcp/dhcp.go:807.2,807.13 1 1
coovachilli-go/pkg/dhcp/dhcp_helper.go:9.128,11.16 2 1
coovachilli-go/pkg/dhcp/dhcp_helper.go:11.16,13.3 1 0
coovachilli-go/pkg/dhcp/dhcp_helper.go:14.2,15.30 2 1
coovachilli-go/pkg/dhcp/dhcp_helper.go:15.30,17.3 1 1
coovachilli-go/pkg/dhcp/dhcp_helper.go:18.2,18.19 1 1
coovachilli-go/pkg/dhcp/ratelimit.go:20.65,27.2 1 1
coovachilli-go/pkg/dhcp/ratelimit.go:30.55,39.37 6 1
coovachilli-go/pkg/dhcp/ratelimit.go:39.37,40.22 1 1
coovachilli-go/pkg/dhcp/ratelimit.go:40.22,42.4 1 1
coovachilli-go/pkg/dhcp/ratelimit.go:45.2,48.43 2 1
coovachilli-go/pkg/dhcp/ratelimit.go:48.43,54.3 2 1
coovachilli-go/pkg/dhcp/ratelimit.go:57.2,58.13 2 1
coovachilli-go/pkg/dhcp/ratelimit.go:62.36,64.2 1 1
coovachilli-go/pkg/dhcp/ratelimit.go:67.35,69.2 1 1
coovachilli-go/pkg/dhcp/ratelimit.go:72.42,76.6 3 1
coovachilli-go/pkg/dhcp/ratelimit.go:76.6,77.10 1 1
coovachilli-go/pkg/dhcp/ratelimit.go:78.19,83.43 4 0
coovachilli-go/pkg/dhcp/ratelimit.go:83.43,85.32 2 0
coovachilli-go/pkg/dhcp/ratelimit.go:85.32,86.25 1 0
coovachilli-go/pkg/dhcp/ratelimit.go:86.25,88.7 1 0
coovachilli-go/pkg/dhcp/ratelimit.go:91.5,91.32 1 0
coovachilli-go/pkg/dhcp/ratelimit.go:91.32,93.6 1 0
coovachilli-go/pkg/dhcp/ratelimit.go:93.11,95.6 1 0
coovachilli-go/pkg/dhcp/ratelimit.go:97.4,97.18 1 0
coovachilli-go/pkg/dhcp/ratelimit.go:98.20,99.10 1 1
coovachilli-go/pkg/gdpr/compliance.go:127.90,128.18 1 0
coovachilli-go/pkg/gdpr/compliance.go:128.18,130.3 1 0
coovachilli-go/pkg/gdpr/compliance.go:133.2,134.24 2 0
coovachilli-go/pkg/gdpr/compliance.go:134.24,136.3 1 0
coovachilli-go/pkg/gdpr/compliance.go:139.2,140.16 2 0
coovachilli-go/pkg/gdpr/compliance.go:140.16,142.3 1 0
coovachilli-go/pkg/gdpr/compliance.go:145.2,174.16 5 0
coovachilli-go/pkg/gdpr/compliance.go:178.58,181.41 2 0
coovachilli-go/pkg/gdpr/compliance.go:181.41,183.3 1 0
coovachilli-go/pkg/gdpr/compliance.go:186.2,187.58 2 0
coovachilli-go/pkg/gdpr/compliance.go:187.58,189.3 1 0
coovachilli-go/pkg/gdpr/compliance.go:192.2,192.66 1 0
coovachilli-go/pkg/gdpr/compliance.go:192.66,194.3 1 0
coovachilli-go/pkg/gdpr/compliance.go:197.2,197.63 1 0
coovachilli-go/pkg/gdpr/compliance.go:197.63,199.3 1 0
coovachilli-go/pkg/gdpr/compliance.go:201.2,201.18 1 0
coovachilli-go/pkg/gdpr/compliance.go:205.97,229.2 7 0
coovachilli-go/pkg/gdpr/compliance.go:232.146,237.13 4 0
coovachilli-go/pkg/gdpr/compliance.go:237.13,239.3 1 0
coovachilli-go/pkg/gdpr/compliance.go:242.2,255.19 3 0
coovachilli-go/pkg/gdpr/compliance.go:255.19,257.17 2 0
coovachilli-go/pkg/gdpr/compliance.go:257.17,259.4 1 0
coovachilli-go/pkg/gdpr/compliance.go:260.3,260.73 1 0
coovachilli-go/pkg/gdpr/compliance.go:263.2,263.31 1 0
coovachilli-go/pkg/gdpr/compliance.go:263.31,265.3 1 0
coovachilli-go/pkg/gdpr/compliance.go:266.2,270.12 3 0
coovachilli-go/pkg/gdpr/compliance.go:274.78,293.2 7 0
coovachilli-go/pkg/gdpr/compliance.go:296.94,315.2 7 0
coovachilli-go/pkg/gdpr/compliance.go:318.83,337.2 7 0
coovachilli-go/pkg/gdpr/compliance.go:340.63,349.60 7 0
coovachilli-go/pkg/gdpr/compliance.go:349.60,350.31 1 0
coovachilli-go/pkg/gdpr/compliance.go:350.31,352.20 2 0
coovachilli-go/pkg/gdpr/compliance.go:352.20,354.56 1 0
coovachilli-go/pkg/gdpr/compliance.go:354.56,356.20 2 0
coovachilli-go/pkg/gdpr/compliance.go:356.20,358.7 1 0
coovachilli-go/pkg/gdpr/compliance.go:361.4,361.61 1 0
coovachilli-go/pkg/gdpr/compliance.go:364.2,375.79 9 0
coovachilli-go/pkg/gdpr/compliance.go:379.64,385.37 4 0
coovachilli-go/pkg/gdpr/compliance.go:385.37,387.3 1 0
coovachilli-go/pkg/gdpr/compliance.go:387.8,389.64 2 0
coovachilli-go/pkg/gdpr/compliance.go:389.64,392.4 2 0
coovachilli-go/pkg/gdpr/compliance.go:395.2,402.80 6 0
coovachilli-go/pkg/gdpr/compliance.go:406.68,415.63 7 0
coovachilli-go/pkg/gdpr/compliance.go:415.63,417.3 1 0
coovachilli-go/pkg/gdpr/compliance.go:418.2,418.60 1 0
coovachilli-go/pkg/gdpr/compliance.go:418.60,420.3 1 0
coovachilli-go/pkg/gdpr/compliance.go:421.2,424.16 3 0
coovachilli-go/pkg/gdpr/compliance.go:424.16,429.3 4 0
coovachilli-go/pkg/gdpr/compliance.go:431.2,439.84 8 0
coovachilli-go/pkg/gdpr/compliance.go:443.59,444.55 1 0
coovachilli-go/pkg/gdpr/compliance.go:444.55,448.3 3 0
coovachilli-go/pkg/gdpr/compliance.go:451.2,451.52 1 0
coovachilli-go/pkg/gdpr/compliance.go:451.52,452.31 1 0
coovachilli-go/pkg/gdpr/compliance.go:452.31,454.4 1 0
coovachilli-go/pkg/gdpr/compliance.go:459.46,463.21 3 0
coovachilli-go/pkg/gdpr/compliance.go:463.21,467.44 3 0
coovachilli-go/pkg/gdpr/compliance.go:467.44,469.32 2 0
coovachilli-go/pkg/gdpr/compliance.go:469.32,470.35 1 0
coovachilli-go/pkg/gdpr/compliance.go:470.35,476.6 2 0
coovachilli-go/pkg/gdpr/compliance.go:476.11,478.6 1 0
coovachilli-go/pkg/gdpr/compliance.go:480.4,480.32 1 0
coovachilli-go/pkg/gdpr/compliance.go:483.3,483.17 1 0
coovachilli-go/pkg/gdpr/compliance.go:488.51,496.2 5 0
coovachilli-go/pkg/gdpr/compliance.go:499.62,504.16 4 0
coovachilli-go/pkg/gdpr/compliance.go:504.16,506.3 1 0
coovachilli-go/pkg/gdpr/compliance.go:508.2,508.43 1 0
coovachilli-go/pkg/gdpr/compliance.go:512.75,523.30 3 0
coovachilli-go/pkg/gdpr/compliance.go:523.30,525.3 1 0
coovachilli-go/pkg/gdpr/compliance.go:529.81,531.16 2 0
coovachilli-go/pkg/gdpr/compliance.go:531.16,533.3 1 0
coovachilli-go/pkg/gdpr/compliance.go:535.2,536.16 2 0
coovachilli-go/pkg/gdpr/compliance.go:536.16,538.3 1 0
coovachilli-go/pkg/gdpr/compliance.go:540.2,541.16 2 0
[...]
coovachilli-go/pkg/radius/eap.go:114.16,116.3 1 0
coovachilli-go/pkg/radius/eap.go:118.2,126.31 3 0
coovachilli-go/pkg/radius/eap.go:126.31,128.3 1 0
coovachilli-go/pkg/radius/eap.go:128.8,134.3 2 0
coovachilli-go/pkg/radius/eap.go:136.2,136.21 1 0
coovachilli-go/pkg/radius/eap.go:137.22,138.52 1 0
coovachilli-go/pkg/radius/eap.go:139.23,140.49 1 0
coovachilli-go/pkg/radius/eap.go:141.10,142.66 1 0
coovachilli-go/pkg/radius/eap.go:147.106,148.21 1 0
coovachilli-go/pkg/radius/eap.go:149.23,150.49 1 0
coovachilli-go/pkg/radius/eap.go:151.18,152.44 1 0
coovachilli-go/pkg/radius/eap.go:153.19,154.45 1 0
coovachilli-go/pkg/radius/eap.go:155.19,156.45 1 0
coovachilli-go/pkg/radius/eap.go:157.10,159.66 2 0
coovachilli-go/pkg/radius/eap.go:164.103,177.16 5 0
coovachilli-go/pkg/radius/eap.go:177.16,179.3 1 0
coovachilli-go/pkg/radius/eap.go:182.2,182.63 1 0
coovachilli-go/pkg/radius/eap.go:182.63,184.3 1 0
coovachilli-go/pkg/radius/eap.go:187.2,187.28 1 0
coovachilli-go/pkg/radius/eap.go:187.28,189.3 1 0
coovachilli-go/pkg/radius/eap.go:191.2,191.24 1 0
coovachilli-go/pkg/radius/eap.go:195.98,196.30 1 0
coovachilli-go/pkg/radius/eap.go:196.30,198.3 1 0
coovachilli-go/pkg/radius/eap.go:200.2,211.36 4 0
coovachilli-go/pkg/radius/eap.go:211.36,213.3 1 0
coovachilli-go/pkg/radius/eap.go:216.2,216.54 1 0
coovachilli-go/pkg/radius/eap.go:220.106,228.32 2 0
coovachilli-go/pkg/radius/eap.go:228.32,230.17 2 0
coovachilli-go/pkg/radius/eap.go:230.17,232.4 1 0
coovachilli-go/pkg/radius/eap.go:233.3,233.51 1 0
coovachilli-go/pkg/radius/eap.go:237.2,251.16 6 0
coovachilli-go/pkg/radius/eap.go:251.16,253.3 1 0
coovachilli-go/pkg/radius/eap.go:256.2,256.63 1 0
coovachilli-go/pkg/radius/eap.go:256.63,258.3 1 0
coovachilli-go/pkg/radius/eap.go:260.2,260.28 1 0
coovachilli-go/pkg/radius/eap.go:260.28,262.3 1 0
coovachilli-go/pkg/radius/eap.go:264.2,264.24 1 0
coovachilli-go/pkg/radius/eap.go:268.109,274.37 4 0
coovachilli-go/pkg/radius/eap.go:274.37,275.31 1 0
coovachilli-go/pkg/radius/eap.go:275.31,277.4 1 0
coovachilli-go/pkg/radius/eap.go:278.3,280.81 3 0
coovachilli-go/pkg/radius/eap.go:283.2,287.43 3 0
coovachilli-go/pkg/radius/eap.go:287.43,298.3 4 0
coovachilli-go/pkg/radius/eap.go:302.2,311.16 4 0
coovachilli-go/pkg/radius/eap.go:311.16,313.3 1 0
coovachilli-go/pkg/radius/eap.go:316.2,316.48 1 0
coovachilli-go/pkg/radius/eap.go:316.48,317.81 1 0
coovachilli-go/pkg/radius/eap.go:317.81,319.4 1 0
coovachilli-go/pkg/radius/eap.go:322.2,322.24 1 0
coovachilli-go/pkg/radius/eap.go:326.99,334.2 3 0
coovachilli-go/pkg/radius/eap.go:337.99,344.2 3 0
coovachilli-go/pkg/radius/eap.go:347.103,351.16 3 0
coovachilli-go/pkg/radius/eap.go:351.16,353.3 1 0
coovachilli-go/pkg/radius/eap.go:356.2,356.63 1 0
coovachilli-go/pkg/radius/eap.go:356.63,358.3 1 0
coovachilli-go/pkg/radius/eap.go:360.2,360.28 1 0
coovachilli-go/pkg/radius/eap.go:360.28,362.3 1 0
coovachilli-go/pkg/radius/eap.go:364.2,364.24 1 0
coovachilli-go/pkg/radius/eap.go:368.112,371.28 2 0
coovachilli-go/pkg/radius/eap.go:371.28,373.3 1 0
coovachilli-go/pkg/radius/eap.go:376.2,377.61 2 0
coovachilli-go/pkg/radius/eap.go:377.61,381.3 3 0
coovachilli-go/pkg/radius/eap.go:382.2,382.16 1 0
coovachilli-go/pkg/radius/eap.go:382.16,384.3 1 0
coovachilli-go/pkg/radius/eap.go:386.2,389.28 2 0
coovachilli-go/pkg/radius/eap.go:390.44,392.23 1 0
coovachilli-go/pkg/radius/eap.go:396.2,401.12 2 0
coovachilli-go/pkg/radius/eap.go:405.78,406.24 1 1
coovachilli-go/pkg/radius/eap.go:406.24,408.3 1 1
coovachilli-go/pkg/radius/eap.go:411.2,414.32 3 0
coovachilli-go/pkg/radius/eap.go:414.32,416.3 1 0
coovachilli-go/pkg/radius/eap.go:419.2,428.52 7 0
coovachilli-go/pkg/radius/eap.go:428.52,430.3 1 0
coovachilli-go/pkg/radius/eap.go:433.2,433.62 1 0
coovachilli-go/pkg/radius/eap.go:433.62,439.60 5 0
coovachilli-go/pkg/radius/eap.go:439.60,441.4 1 0
coovachilli-go/pkg/radius/eap.go:445.2,445.25 1 0
coovachilli-go/pkg/radius/eap.go:445.25,447.3 1 0
coovachilli-go/pkg/radius/eap.go:449.2,450.31 2 0
coovachilli-go/pkg/radius/eap.go:450.31,452.3 1 0
coovachilli-go/pkg/radius/eap.go:454.2,454.37 1 0
coovachilli-go/pkg/radius/eap.go:458.57,463.27 3 0
coovachilli-go/pkg/radius/eap.go:463.27,473.3 8 0
coovachilli-go/pkg/radius/eap.go:475.2,475.24 1 0
coovachilli-go/pkg/radius/eap.go:479.52,482.16 3 1
coovachilli-go/pkg/radius/eap.go:482.16,484.3 1 0
coovachilli-go/pkg/radius/eap.go:485.2,485.23 1 1
coovachilli-go/pkg/radius/proxy.go:56.114,67.2 2 1
coovachilli-go/pkg/radius/proxy.go:70.51,81.2 4 1
coovachilli-go/pkg/radius/proxy.go:84.30,85.21 1 1
coovachilli-go/pkg/radius/proxy.go:85.21,87.3 1 1
coovachilli-go/pkg/radius/proxy.go:88.2,88.52 1 1
coovachilli-go/pkg/radius/proxy.go:92.31,97.16 4 1
coovachilli-go/pkg/radius/proxy.go:97.16,100.3 2 0
coovachilli-go/pkg/radius/proxy.go:101.2,103.6 2 1
coovachilli-go/pkg/radius/proxy.go:103.6,106.17 3 1
coovachilli-go/pkg/radius/proxy.go:106.17,108.12 2 0
coovachilli-go/pkg/radius/proxy.go:111.3,112.60 2 1
coovachilli-go/pkg/radius/proxy.go:112.60,119.4 5 1
coovachilli-go/pkg/radius/proxy.go:120.3,120.17 1 1
coovachilli-go/pkg/radius/proxy.go:120.17,122.12 2 0
coovachilli-go/pkg/radius/proxy.go:125.3,125.44 1 1
coovachilli-go/pkg/radius/proxy.go:129.100,131.28 2 1
coovachilli-go/pkg/radius/proxy.go:131.28,134.3 2 0
coovachilli-go/pkg/radius/proxy.go:136.2,137.16 2 1
coovachilli-go/pkg/radius/proxy.go:137.16,140.3 2 0
coovachilli-go/pkg/radius/proxy.go:143.2,154.9 5 1
coovachilli-go/pkg/radius/proxy.go:154.9,157.16 3 0
coovachilli-go/pkg/radius/proxy.go:157.16,159.4 1 0
coovachilli-go/pkg/radius/proxy.go:160.3,161.36 2 0
coovachilli-go/pkg/radius/proxy.go:164.2,171.43 5 1
coovachilli-go/pkg/radius/proxy.go:171.43,174.3 1 0
coovachilli-go/pkg/radius/proxy.go:174.8,176.23 1 1
coovachilli-go/pkg/radius/proxy.go:177.33,182.75 2 1
coovachilli-go/pkg/radius/proxy.go:182.75,190.5 6 1
coovachilli-go/pkg/radius/proxy.go:191.4,191.18 1 1
coovachilli-go/pkg/radius/proxy.go:191.18,194.5 2 0
coovachilli-go/pkg/radius/proxy.go:197.4,197.85 1 1
coovachilli-go/pkg/radius/proxy.go:199.37,201.85 2 0
coovachilli-go/pkg/radius/proxy.go:202.11,204.10 2 0
coovachilli-go/pkg/radius/proxy.go:208.2,208.16 1 1
coovachilli-go/pkg/radius/proxy.go:208.16,214.3 5 0
coovachilli-go/pkg/radius/proxy.go:216.2,220.16 4 1
coovachilli-go/pkg/radius/proxy.go:220.16,223.3 2 0
coovachilli-go/pkg/radius/proxy.go:225.2,225.53 1 1
coovachilli-go/pkg/radius/proxy.go:225.53,227.3 1 0
coovachilli-go/pkg/radius/proxy.go:231.60,233.56 1 1
coovachilli-go/pkg/radius/proxy.go:233.56,235.3 1 1
coovachilli-go/pkg/radius/proxy.go:237.2,237.53 1 1
coovachilli-go/pkg/radius/proxy.go:237.53,239.3 1 1
coovachilli-go/pkg/radius/proxy.go:240.2,240.18 1 1
coovachilli-go/pkg/radius/proxy.go:244.126,247.16 2 0
coovachilli-go/pkg/radius/proxy.go:247.16,249.3 1 0
coovachilli-go/pkg/radius/proxy.go:252.2,252.54 1 0
coovachilli-go/pkg/radius/proxy.go:256.93,257.29 1 0
coovachilli-go/pkg/radius/proxy.go:257.29,259.3 1 0
coovachilli-go/pkg/radius/proxy.go:261.2,264.29 3 0
coovachilli-go/pkg/radius/proxy.go:265.21,266.35 1 0
coovachilli-go/pkg/radius/proxy.go:267.18,268.33 1 0
coovachilli-go/pkg/radius/proxy.go:269.20,270.34 1 0
coovachilli-go/pkg/radius/proxy.go:271.10,272.35 1 0
coovachilli-go/pkg/radius/proxy.go:277.89,279.36 2 1
coovachilli-go/pkg/radius/proxy.go:279.36,283.20 3 1
coovachilli-go/pkg/radius/proxy.go:283.20,285.4 1 1
coovachilli-go/pkg/radius/proxy.go:286.3,286.13 1 1
coovachilli-go/pkg/radius/proxy.go:289.2,289.64 1 1
coovachilli-go/pkg/radius/proxy.go:293.87,297.31 3 1
coovachilli-go/pkg/radius/proxy.go:297.31,299.57 2 1
coovachilli-go/pkg/radius/proxy.go:299.57,302.4 2 1
coovachilli-go/pkg/radius/proxy.go:305.2,305.23 1 1
coovachilli-go/pkg/radius/proxy.go:305.23,307.3 1 0
coovachilli-go/pkg/radius/proxy.go:309.2,309.24 1 1
coovachilli-go/pkg/radius/proxy.go:313.88,317.31 3 1
coovachilli-go/pkg/radius/proxy.go:317.31,323.46 5 1
coovachilli-go/pkg/radius/proxy.go:323.46,326.4 2 1
coovachilli-go/pkg/radius/proxy.go:329.2,329.23 1 1
coovachilli-go/pkg/radius/proxy.go:329.23,331.3 1 0
coovachilli-go/pkg/radius/proxy.go:333.2,333.24 1 1
coovachilli-go/pkg/radius/proxy.go:337.141,340.12 3 0
coovachilli-go/pkg/radius/proxy.go:340.12,342.3 1 0
coovachilli-go/pkg/radius/proxy.go:344.2,348.42 3 0
coovachilli-go/pkg/radius/proxy.go:348.42,350.3 1 0
coovachilli-go/pkg/radius/proxy.go:353.2,354.18 2 0
coovachilli-go/pkg/radius/proxy.go:354.18,356.3 1 0
coovachilli-go/pkg/radius/proxy.go:358.2,363.21 4 0
coovachilli-go/pkg/radius/proxy.go:363.21,365.3 1 0
coovachilli-go/pkg/radius/proxy.go:367.2,370.53 3 0
coovachilli-go/pkg/radius/proxy.go:370.53,371.18 1 0
coovachilli-go/pkg/radius/proxy.go:371.18,376.4 1 0
coovachilli-go/pkg/radius/proxy.go:378.3,379.17 2 0
coovachilli-go/pkg/radius/proxy.go:379.17,386.4 5 0
coovachilli-go/pkg/radius/proxy.go:388.3,388.23 1 0
coovachilli-go/pkg/radius/proxy.go:388.23,389.9 1 0
coovachilli-go/pkg/radius/proxy.go:394.2,396.26 3 0
coovachilli-go/pkg/radius/proxy.go:396.26,402.3 2 0
coovachilli-go/pkg/radius/proxy.go:403.2,405.105 2 0
coovachilli-go/pkg/radius/proxy.go:409.64,411.2 1 0
coovachilli-go/pkg/radius/proxy.go:414.63,418.6 3 0
coovachilli-go/pkg/radius/proxy.go:418.6,419.10 1 0
coovachilli-go/pkg/radius/proxy.go:420.23,421.10 1 0
coovachilli-go/pkg/radius/proxy.go:422.19,423.27 1 0
coovachilli-go/pkg/radius/proxy.go:429.45,432.33 3 0
coovachilli-go/pkg/radius/proxy.go:432.33,434.3 1 0
coovachilli-go/pkg/radius/proxy.go:435.2,437.31 2 0
coovachilli-go/pkg/radius/proxy.go:437.31,438.32 1 0
coovachilli-go/pkg/radius/proxy.go:438.32,441.4 2 0
coovachilli-go/pkg/radius/proxy.go:446.64,459.16 8 0
coovachilli-go/pkg/radius/proxy.go:459.16,461.21 1 0
coovachilli-go/pkg/radius/proxy.go:461.21,463.4 1 0
coovachilli-go/pkg/radius/proxy.go:464.3,465.22 2 0
coovachilli-go/pkg/radius/proxy.go:466.8,468.44 2 0
coovachilli-go/pkg/radius/proxy.go:468.44,471.4 2 0
coovachilli-go/pkg/radius/proxy.go:473.2,473.20 1 0
coovachilli-go/pkg/radius/radius.go:43.54,45.2 1 1
coovachilli-go/pkg/radius/radius.go:48.50,50.2 1 0
coovachilli-go/pkg/radius/radius.go:63.94,64.21 1 1
coovachilli-go/pkg/radius/radius.go:64.21,66.3 1 1
coovachilli-go/pkg/radius/radius.go:67.2,83.78 3 1
coovachilli-go/pkg/radius/radius.go:83.78,85.4 1 0
coovachilli-go/pkg/radius/radius.go:87.2,92.15 4 1
coovachilli-go/pkg/radius/radius.go:95.66,97.16 2 1
coovachilli-go/pkg/radius/radius.go:97.16,99.3 1 0
coovachilli-go/pkg/radius/radius.go:101.2,102.16 2 1
coovachilli-go/pkg/radius/radius.go:102.16,104.3 1 0
coovachilli-go/pkg/radius/radius.go:105.2,116.16 7 1
coovachilli-go/pkg/radius/radius.go:116.16,118.3 1 0
coovachilli-go/pkg/radius/radius.go:119.2,120.18 2 1
coovachilli-go/pkg/radius/radius.go:123.99,128.17 4 1
coovachilli-go/pkg/radius/radius.go:128.17,131.17 3 1
coovachilli-go/pkg/radius/radius.go:131.17,133.4 1 0
coovachilli-go/pkg/radius/radius.go:134.3,136.25 3 1
coovachilli-go/pkg/radius/radius.go:140.2,140.29 1 1
coovachilli-go/pkg/radius/radius.go:140.29,141.79 1 0
coovachilli-go/pkg/radius/radius.go:141.79,144.4 1 0
coovachilli-go/pkg/radius/radius.go:145.3,145.38 1 0
coovachilli-go/pkg/radius/radius.go:148.2,149.16 2 1
coovachilli-go/pkg/radius/radius.go:149.16,151.3 1 0
coovachilli-go/pkg/radius/radius.go:153.2,154.16 2 1
coovachilli-go/pkg/radius/radius.go:154.16,161.3 6 0
coovachilli-go/pkg/radius/radius.go:163.2,165.16 3 1
coovachilli-go/pkg/radius/radius.go:165.16,172.3 6 0
coovachilli-go/pkg/radius/radius.go:174.2,175.72 2 1
coovachilli-go/pkg/radius/radius.go:175.72,181.3 4 1
coovachilli-go/pkg/radius/radius.go:182.2,182.21 1 1
coovachilli-go/pkg/radius/radius.go:182.21,184.3 1 0
coovachilli-go/pkg/radius/radius.go:186.2,186.22 1 1
coovachilli-go/pkg/radius/radius.go:189.97,192.10 3 1
coovachilli-go/pkg/radius/radius.go:192.10,195.3 2 1
coovachilli-go/pkg/radius/radius.go:195.8,197.36 1 0
coovachilli-go/pkg/radius/radius.go:197.36,199.4 1 0
coovachilli-go/pkg/radius/radius.go:199.9,202.4 1 0
coovachilli-go/pkg/radius/radius.go:205.2,206.37 2 1
coovachilli-go/pkg/radius/radius.go:206.37,207.23 1 1
coovachilli-go/pkg/radius/radius.go:207.23,208.12 1 0
coovachilli-go/pkg/radius/radius.go:212.3,212.21 1 1
coovachilli-go/pkg/radius/radius.go:212.21,214.18 2 0
coovachilli-go/pkg/radius/radius.go:214.18,216.5 1 0
coovachilli-go/pkg/radius/radius.go:217.4,218.12 2 0
coovachilli-go/pkg/radius/radius.go:222.3,222.60 1 1
coovachilli-go/pkg/radius/radius.go:222.60,224.4 1 1
coovachilli-go/pkg/radius/radius.go:226.3,226.17 1 1
coovachilli-go/pkg/radius/radius.go:226.17,228.4 1 1
coovachilli-go/pkg/radius/radius.go:229.3,230.147 2 0
coovachilli-go/pkg/radius/radius.go:233.2,233.91 1 0
coovachilli-go/pkg/radius/radius.go:237.130,247.24 5 1
coovachilli-go/pkg/radius/radius.go:247.24,249.3 1 1
coovachilli-go/pkg/radius/radius.go:249.8,251.11 2 1
coovachilli-go/pkg/radius/radius.go:251.11,253.4 1 1
coovachilli-go/pkg/radius/radius.go:254.3,258.30 4 1
coovachilli-go/pkg/radius/radius.go:258.30,262.4 3 0
coovachilli-go/pkg/radius/radius.go:263.3,263.55 1 1
coovachilli-go/pkg/radius/radius.go:266.2,268.16 2 1
coovachilli-go/pkg/radius/radius.go:268.16,273.3 4 0
coovachilli-go/pkg/radius/radius.go:275.2,278.22 4 1
coovachilli-go/pkg/radius/radius.go:282.110,284.61 2 1
coovachilli-go/pkg/radius/radius.go:284.61,294.3 6 1
coovachilli-go/pkg/radius/radius.go:295.2,295.16 1 1
coovachilli-go/pkg/radius/radius.go:295.16,297.3 1 0
coovachilli-go/pkg/radius/radius.go:298.2,302.26 3 1
coovachilli-go/pkg/radius/radius.go:302.26,303.33 1 1
coovachilli-go/pkg/radius/radius.go:303.33,305.4 1 1
coovachilli-go/pkg/radius/radius.go:305.9,305.30 1 0
coovachilli-go/pkg/radius/radius.go:305.30,311.4 2 0
coovachilli-go/pkg/radius/radius.go:315.2,319.16 3 1
coovachilli-go/pkg/radius/radius.go:319.16,321.3 1 0
coovachilli-go/pkg/radius/radius.go:323.2,324.22 2 1
coovachilli-go/pkg/radius/radius.go:328.122,331.35 3 0
coovachilli-go/pkg/radius/radius.go:331.35,333.3 1 0
coovachilli-go/pkg/radius/radius.go:335.2,335.54 1 0
coovachilli-go/pkg/radius/radius.go:335.54,341.3 4 0
coovachilli-go/pkg/radius/radius.go:342.2,342.16 1 0
coovachilli-go/pkg/radius/radius.go:342.16,344.3 1 0
coovachilli-go/pkg/radius/radius.go:347.2,361.26 11 0
coovachilli-go/pkg/radius/radius.go:361.26,362.33 1 0
coovachilli-go/pkg/radius/radius.go:362.33,364.4 1 0
coovachilli-go/pkg/radius/radius.go:364.9,364.30 1 0
coovachilli-go/pkg/radius/radius.go:364.30,370.4 2 0
coovachilli-go/pkg/radius/radius.go:374.2,378.16 3 0
coovachilli-go/pkg/radius/radius.go:378.16,380.3 1 0
coovachilli-go/pkg/radius/radius.go:382.2,383.22 2 0
coovachilli-go/pkg/radius/radius.go:388.127,390.61 2 0
coovachilli-go/pkg/radius/radius.go:390.61,396.3 4 0
coovachilli-go/pkg/radius/radius.go:397.2,397.16 1 0
coovachilli-go/pkg/radius/radius.go:397.16,399.3 1 0
coovachilli-go/pkg/radius/radius.go:402.2,409.20 6 0
coovachilli-go/pkg/radius/radius.go:409.20,411.3 1 0
coovachilli-go/pkg/radius/radius.go:414.2,419.16 4 0
coovachilli-go/pkg/radius/radius.go:419.16,421.3 1 0
coovachilli-go/pkg/radius/radius.go:423.2,424.44 2 0
coovachilli-go/pkg/radius/radius.go:435.48,436.35 1 0
coovachilli-go/pkg/radius/radius.go:436.35,437.46 1 0
coovachilli-go/pkg/radius/radius.go:437.46,438.12 1 0
coovachilli-go/pkg/radius/radius.go:441.3,442.43 2 0
coovachilli-go/pkg/radius/radius.go:442.43,443.12 1 0
coovachilli-go/pkg/radius/radius.go:447.3,448.26 2 0
coovachilli-go/pkg/radius/radius.go:448.26,451.52 3 0
coovachilli-go/pkg/radius/radius.go:451.52,452.10 1 0
coovachilli-go/pkg/radius/radius.go:454.4,454.38 1 0
coovachilli-go/pkg/radius/radius.go:454.38,457.5 1 0
coovachilli-go/pkg/radius/radius.go:458.4,458.36 1 0
coovachilli-go/pkg/radius/radius.go:461.2,461.12 1 0
coovachilli-go/pkg/radius/radius.go:466.53,475.16 6 0
coovachilli-go/pkg/radius/radius.go:475.16,477.13 1 0
coovachilli-go/pkg/radius/radius.go:481.2,481.41 1 0
coovachilli-go/pkg/radius/radius.go:485.70,488.31 2 1
coovachilli-go/pkg/radius/radius.go:488.31,490.38 1 0
coovachilli-go/pkg/radius/radius.go:490.38,492.4 1 0
coovachilli-go/pkg/radius/radius.go:494.2,497.22 2 1
coovachilli-go/pkg/radius/radius.go:497.22,499.34 2 0
coovachilli-go/pkg/radius/radius.go:499.34,501.41 1 0
coovachilli-go/pkg/radius/radius.go:501.41,503.5 1 0
coovachilli-go/pkg/radius/radius.go:505.3,505.81 1 0
coovachilli-go/pkg/radius/radius.go:510.82,512.16 2 1
coovachilli-go/pkg/radius/radius.go:512.16,517.3 2 0
coovachilli-go/pkg/radius/radius.go:518.2,522.6 3 1
coovachilli-go/pkg/radius/radius.go:522.6,525.17 3 1
coovachilli-go/pkg/radius/radius.go:525.17,527.12 2 0
coovachilli-go/pkg/radius/radius.go:530.3,531.73 2 1
coovachilli-go/pkg/radius/radius.go:531.73,537.4 4 1
coovachilli-go/pkg/radius/radius.go:538.3,538.22 1 1
coovachilli-go/pkg/radius/radius.go:538.22,540.12 2 0
coovachilli-go/pkg/radius/radius.go:543.3,547.4 2 1
coovachilli-go/pkg/radius/radius.go:552.84,554.16 2 0
coovachilli-go/pkg/radius/radius.go:554.16,556.3 1 0
coovachilli-go/pkg/radius/radius.go:557.2,560.16 3 0
coovachilli-go/pkg/radius/radius.go:560.16,562.3 1 0
coovachilli-go/pkg/radius/radius.go:564.2,565.16 2 0
coovachilli-go/pkg/radius/radius.go:565.16,567.3 1 0
coovachilli-go/pkg/radius/radius.go:569.2,570.12 2 0
coovachilli-go/pkg/dns/dns.go:28.89,35.2 1 1
coovachilli-go/pkg/dns/dns.go:37.66,39.49 2 1
coovachilli-go/pkg/dns/dns.go:39.49,42.3 2 1
coovachilli-go/pkg/dns/dns.go:44.2,44.28 1 1
coovachilli-go/pkg/dns/dns.go:44.28,47.3 2 1
coovachilli-go/pkg/dns/dns.go:49.2,52.27 3 1
coovachilli-go/pkg/dns/dns.go:52.27,55.3 2 0
coovachilli-go/pkg/dns/dns.go:57.2,57.39 1 1
coovachilli-go/pkg/dns/dns.go:57.39,60.26 3 1
coovachilli-go/pkg/dns/dns.go:60.26,61.23 1 1
coovachilli-go/pkg/dns/dns.go:61.23,66.5 1 1
coovachilli-go/pkg/dns/dns.go:66.10,71.5 1 0
coovachilli-go/pkg/dns/dns.go:73.3,74.17 2 1
coovachilli-go/pkg/dns/dns.go:74.17,76.4 1 0
coovachilli-go/pkg/dns/dns.go:77.3,77.24 1 1
coovachilli-go/pkg/dns/dns.go:80.2,81.16 2 1
coovachilli-go/pkg/dns/dns.go:81.16,84.3 2 0
coovachilli-go/pkg/dns/dns.go:86.2,87.23 2 1
coovachilli-go/pkg/dns/dns.go:87.23,89.3 1 0
coovachilli-go/pkg/dns/dns.go:91.2,94.37 3 1
coovachilli-go/pkg/dns/dns.go:94.37,102.17 4 1
coovachilli-go/pkg/dns/dns.go:102.17,105.12 3 1
coovachilli-go/pkg/dns/dns.go:107.3,110.17 3 0
coovachilli-go/pkg/dns/dns.go:110.17,113.12 3 0
coovachilli-go/pkg/dns/dns.go:116.3,117.17 2 0
coovachilli-go/pkg/dns/dns.go:117.17,120.12 3 0
coovachilli-go/pkg/dns/dns.go:123.3,124.17 2 0
coovachilli-go/pkg/dns/dns.go:124.17,127.12 3 0
coovachilli-go/pkg/dns/dns.go:130.3,131.55 2 0
coovachilli-go/pkg/dns/dns.go:131.55,134.12 3 0
coovachilli-go/pkg/dns/dns.go:136.3,136.32 1 0
coovachilli-go/pkg/dns/dns.go:136.32,139.12 3 0
coovachilli-go/pkg/dns/dns.go:142.3,142.8 1 0
coovachilli-go/pkg/dns/dns.go:145.2,145.35 1 1
coovachilli-go/pkg/dns/dns.go:145.35,148.3 2 1
coovachilli-go/pkg/dns/dns.go:150.2,150.51 1 0
coovachilli-go/pkg/dns/dns.go:150.51,152.35 2 0
coovachilli-go/pkg/dns/dns.go:152.35,153.29 1 0
coovachilli-go/pkg/dns/dns.go:154.16,155.29 1 0
coovachilli-go/pkg/dns/dns.go:156.19,157.32 1 0
coovachilli-go/pkg/dns/dns.go:160.3,160.19 1 0
coovachilli-go/pkg/dns/dns.go:160.19,163.23 3 0
coovachilli-go/pkg/dns/dns.go:163.23,165.5 1 0
coovachilli-go/pkg/dns/dns.go:169.2,170.16 2 0
coovachilli-go/pkg/dns/dns.go:170.16,172.3 1 0
coovachilli-go/pkg/dns/dns.go:173.2,173.23 1 0
coovachilli-go/pkg/dns/dns.go:176.40,177.43 1 1
coovachilli-go/pkg/dns/dns.go:177.43,179.3 1 0
coovachilli-go/pkg/dns/dns.go:180.2,180.27 1 1
coovachilli-go/pkg/dns/dns.go:180.27,181.28 1 1
coovachilli-go/pkg/dns/dns.go:181.28,183.4 1 0
coovachilli-go/pkg/dns/dns.go:185.2,185.13 1 1
coovachilli-go/pkg/dns/dns.go:188.37,193.2 1 1
coovachilli-go/pkg/dns/dns.go:200.30,204.2 1 1
coovachilli-go/pkg/dns/dns.go:206.56,211.2 4 1
coovachilli-go/pkg/dns/dns.go:213.53,217.2 3 1
coovachilli-go/pkg/dns/dns.go:219.53,222.2 1 1
coovachilli-go/pkg/dns/dns.go:224.53,227.2 1 0
coovachilli-go/pkg/dns/dns.go:229.45,230.17 1 0
coovachilli-go/pkg/dns/dns.go:230.17,232.3 1 0
coovachilli-go/pkg/dns/dns.go:234.2,234.75 1 0
